2018-06-05 16:28:57 |-INFO  [main] in  o.s.c.a.AnnotationConfigApplicationContext - Refreshing org.springframework.context.annotation.AnnotationConfigApplicationContext@7e5c856f: startup date [Tue Jun 05 16:28:57 CST 2018]; root of context hierarchy
2018-06-05 16:28:58 |-INFO  [main] in  o.s.b.f.a.AutowiredAnnotationBeanPostProcessor - JSR-330 'javax.inject.Inject' annotation found and supported for autowiring
2018-06-05 16:28:58 |-INFO  [main] in  o.s.c.s.PostProcessorRegistrationDelegate$BeanPostProcessorChecker - Bean 'configurationPropertiesRebinderAutoConfiguration' of type [org.springframework.cloud.autoconfigure.ConfigurationPropertiesRebinderAutoConfiguration$$EnhancerBySpringCGLIB$$67ea5b63] is not eligible for getting processed by all BeanPostProcessors (for example: not eligible for auto-proxying)
2018-06-05 16:28:59 |-INFO  [main] in  o.s.c.c.client.ConfigServicePropertySourceLocator - Fetching config from server at: http://localhost:8101
2018-06-05 16:29:00 |-WARN  [main] in  o.s.c.c.client.ConfigServicePropertySourceLocator - Could not locate PropertySource: I/O error on GET request for "http://localhost:8101/eureka-server/dev/master": Connection refused: connect; nested exception is java.net.ConnectException: Connection refused: connect
2018-06-05 16:29:00 |-INFO  [main] in  com.idream.IdreamEurekaServerApplicationTests - No active profile set, falling back to default profiles: default
2018-06-05 16:29:00 |-INFO  [main] in  o.s.w.context.support.GenericWebApplicationContext - Refreshing org.springframework.web.context.support.GenericWebApplicationContext@631e06ab: startup date [Tue Jun 05 16:29:00 CST 2018]; parent: org.springframework.context.annotation.AnnotationConfigApplicationContext@7e5c856f
2018-06-05 16:29:03 |-INFO  [main] in  o.s.b.factory.support.DefaultListableBeanFactory - Overriding bean definition for bean 'environmentWebEndpointExtension' with a different definition: replacing [Root bean: class [null]; scope=; abstract=false; lazyInit=false; autowireMode=3; dependencyCheck=0; autowireCandidate=true; primary=false; factoryBeanName=org.springframework.boot.actuate.autoconfigure.env.EnvironmentEndpointAutoConfiguration; factoryMethodName=environmentWebEndpointExtension; initMethodName=null; destroyMethodName=(inferred); defined in class path resource [org/springframework/boot/actuate/autoconfigure/env/EnvironmentEndpointAutoConfiguration.class]] with [Root bean: class [null]; scope=; abstract=false; lazyInit=false; autowireMode=3; dependencyCheck=0; autowireCandidate=true; primary=false; factoryBeanName=org.springframework.cloud.autoconfigure.LifecycleMvcEndpointAutoConfiguration$EndpointConfiguration; factoryMethodName=environmentWebEndpointExtension; initMethodName=null; destroyMethodName=(inferred); defined in class path resource [org/springframework/cloud/autoconfigure/LifecycleMvcEndpointAutoConfiguration$EndpointConfiguration.class]]
2018-06-05 16:29:04 |-INFO  [main] in  o.springframework.cloud.context.scope.GenericScope - BeanFactory lotteryId=207188b3-9c0e-3cd8-bd28-d924475334a8
2018-06-05 16:29:04 |-INFO  [main] in  o.s.b.f.a.AutowiredAnnotationBeanPostProcessor - JSR-330 'javax.inject.Inject' annotation found and supported for autowiring
2018-06-05 16:29:05 |-INFO  [main] in  o.s.c.s.PostProcessorRegistrationDelegate$BeanPostProcessorChecker - Bean 'org.springframework.cloud.autoconfigure.ConfigurationPropertiesRebinderAutoConfiguration' of type [org.springframework.cloud.autoconfigure.ConfigurationPropertiesRebinderAutoConfiguration$$EnhancerBySpringCGLIB$$67ea5b63] is not eligible for getting processed by all BeanPostProcessors (for example: not eligible for auto-proxying)
2018-06-05 16:29:07 |-WARN  [main] in  com.netflix.config.sources.URLConfigurationSource - No URLs will be polled as dynamic configuration sources.
2018-06-05 16:29:07 |-INFO  [main] in  com.netflix.config.sources.URLConfigurationSource - To enable URLs as dynamic configuration sources, define System property archaius.configurationSource.additionalUrls or make config.properties available on classpath.
2018-06-05 16:29:07 |-WARN  [main] in  com.netflix.config.sources.URLConfigurationSource - No URLs will be polled as dynamic configuration sources.
2018-06-05 16:29:07 |-INFO  [main] in  com.netflix.config.sources.URLConfigurationSource - To enable URLs as dynamic configuration sources, define System property archaius.configurationSource.additionalUrls or make config.properties available on classpath.
2018-06-05 16:29:09 |-INFO  [main] in  o.s.w.s.m.m.a.RequestMappingHandlerAdapter - Looking for @ControllerAdvice: org.springframework.web.context.support.GenericWebApplicationContext@631e06ab: startup date [Tue Jun 05 16:29:00 CST 2018]; parent: org.springframework.context.annotation.AnnotationConfigApplicationContext@7e5c856f
2018-06-05 16:29:10 |-INFO  [main] in  o.s.w.s.m.m.a.RequestMappingHandlerMapping - Mapped "{[/error]}" onto public org.springframework.http.ResponseEntity<java.util.Map<java.lang.String, java.lang.Object>> org.springframework.boot.autoconfigure.web.servlet.error.BasicErrorController.error(javax.servlet.http.HttpServletRequest)
2018-06-05 16:29:10 |-INFO  [main] in  o.s.w.s.m.m.a.RequestMappingHandlerMapping - Mapped "{[/error],produces=[text/html]}" onto public org.springframework.web.servlet.ModelAndView org.springframework.boot.autoconfigure.web.servlet.error.BasicErrorController.errorHtml(javax.servlet.http.HttpServletRequest,javax.servlet.http.HttpServletResponse)
2018-06-05 16:29:10 |-INFO  [main] in  o.s.w.s.m.m.a.RequestMappingHandlerMapping - Mapped "{[/],methods=[GET]}" onto public java.lang.String org.springframework.cloud.netflix.eureka.server.EurekaController.status(javax.servlet.http.HttpServletRequest,java.util.Map<java.lang.String, java.lang.Object>)
2018-06-05 16:29:10 |-INFO  [main] in  o.s.w.s.m.m.a.RequestMappingHandlerMapping - Mapped "{[/lastn],methods=[GET]}" onto public java.lang.String org.springframework.cloud.netflix.eureka.server.EurekaController.lastn(javax.servlet.http.HttpServletRequest,java.util.Map<java.lang.String, java.lang.Object>)
2018-06-05 16:29:10 |-INFO  [main] in  o.s.web.servlet.handler.SimpleUrlHandlerMapping - Mapped URL path [/webjars/**] onto handler of type [class org.springframework.web.servlet.resource.ResourceHttpRequestHandler]
2018-06-05 16:29:10 |-INFO  [main] in  o.s.web.servlet.handler.SimpleUrlHandlerMapping - Mapped URL path [/**] onto handler of type [class org.springframework.web.servlet.resource.ResourceHttpRequestHandler]
2018-06-05 16:29:11 |-INFO  [main] in  o.s.web.servlet.handler.SimpleUrlHandlerMapping - Mapped URL path [/**/favicon.ico] onto handler of type [class org.springframework.web.servlet.resource.ResourceHttpRequestHandler]
2018-06-05 16:29:14 |-INFO  [main] in  o.s.ui.freemarker.SpringTemplateLoader - SpringTemplateLoader for FreeMarker: using resource loader [org.springframework.web.context.support.GenericWebApplicationContext@631e06ab: startup date [Tue Jun 05 16:29:00 CST 2018]; parent: org.springframework.context.annotation.AnnotationConfigApplicationContext@7e5c856f] and template loader path [classpath:/templates/]
2018-06-05 16:29:14 |-INFO  [main] in  o.s.w.servlet.view.freemarker.FreeMarkerConfigurer - ClassTemplateLoader for Spring macros added to FreeMarker configuration
2018-06-05 16:29:14 |-INFO  [main] in  o.s.cloud.netflix.eureka.InstanceInfoFactory - Setting initial instance status as: STARTING
2018-06-05 16:29:16 |-INFO  [main] in  o.s.b.a.e.web.servlet.WebMvcEndpointHandlerMapping - Mapped "{[/actuator/health],methods=[GET],produces=[application/vnd.spring-boot.actuator.v2+json || application/json]}" onto public java.lang.Object org.springframework.boot.actuate.endpoint.web.servlet.AbstractWebMvcEndpointHandlerMapping$OperationHandler.handle(javax.servlet.http.HttpServletRequest,java.util.Map<java.lang.String, java.lang.String>)
2018-06-05 16:29:16 |-INFO  [main] in  o.s.b.a.e.web.servlet.WebMvcEndpointHandlerMapping - Mapped "{[/actuator/info],methods=[GET],produces=[application/vnd.spring-boot.actuator.v2+json || application/json]}" onto public java.lang.Object org.springframework.boot.actuate.endpoint.web.servlet.AbstractWebMvcEndpointHandlerMapping$OperationHandler.handle(javax.servlet.http.HttpServletRequest,java.util.Map<java.lang.String, java.lang.String>)
2018-06-05 16:29:16 |-INFO  [main] in  o.s.b.a.e.web.servlet.WebMvcEndpointHandlerMapping - Mapped "{[/actuator],methods=[GET],produces=[application/vnd.spring-boot.actuator.v2+json || application/json]}" onto protected java.util.Map<java.lang.String, java.util.Map<java.lang.String, org.springframework.boot.actuate.endpoint.web.Link>> org.springframework.boot.actuate.endpoint.web.servlet.WebMvcEndpointHandlerMapping.links(javax.servlet.http.HttpServletRequest,javax.servlet.http.HttpServletResponse)
2018-06-05 16:29:16 |-INFO  [main] in  o.s.context.support.DefaultLifecycleProcessor - Starting beans in phase 0
2018-06-05 16:29:16 |-INFO  [Thread-13] in  o.s.c.netflix.eureka.server.EurekaServerBootstrap - Setting the eureka configuration..
2018-06-05 16:29:16 |-INFO  [Thread-13] in  o.s.c.netflix.eureka.server.EurekaServerBootstrap - Eureka data center value eureka.datacenter is not set, defaulting to default
2018-06-05 16:29:16 |-INFO  [Thread-13] in  o.s.c.netflix.eureka.server.EurekaServerBootstrap - Eureka environment value eureka.environment is not set, defaulting to test
2018-06-05 16:29:16 |-INFO  [main] in  com.idream.IdreamEurekaServerApplicationTests - Started IdreamEurekaServerApplicationTests in 20.801 seconds (JVM running for 22.491)
2018-06-05 16:29:16 |-INFO  [Thread-13] in  o.s.c.netflix.eureka.server.EurekaServerBootstrap - isAws returned false
2018-06-05 16:29:16 |-INFO  [Thread-13] in  o.s.c.netflix.eureka.server.EurekaServerBootstrap - Initialized server context
2018-06-05 16:29:16 |-INFO  [Thread-13] in  o.s.c.n.e.s.EurekaServerInitializerConfiguration - Started Eureka Server
2018-06-05 16:29:16 |-INFO  [Thread-14] in  o.s.w.context.support.GenericWebApplicationContext - Closing org.springframework.web.context.support.GenericWebApplicationContext@631e06ab: startup date [Tue Jun 05 16:29:00 CST 2018]; parent: org.springframework.context.annotation.AnnotationConfigApplicationContext@7e5c856f
2018-06-05 16:29:16 |-INFO  [Thread-14] in  o.s.c.n.e.serviceregistry.EurekaServiceRegistry - Unregistering application eureka-server with eureka with status DOWN
2018-06-05 16:29:16 |-INFO  [Thread-14] in  o.s.context.support.DefaultLifecycleProcessor - Stopping beans in phase 0
