2018-06-26 11:09:38 |-INFO  [main] in  o.s.c.a.AnnotationConfigApplicationContext - Refreshing org.springframework.context.annotation.AnnotationConfigApplicationContext@4c309d4d: startup date [Tue Jun 26 11:09:38 CST 2018]; root of context hierarchy
2018-06-26 11:09:38 |-INFO  [main] in  o.s.b.f.a.AutowiredAnnotationBeanPostProcessor - JSR-330 'javax.inject.Inject' annotation found and supported for autowiring
2018-06-26 11:09:38 |-INFO  [main] in  o.s.c.s.PostProcessorRegistrationDelegate$BeanPostProcessorChecker - Bean 'configurationPropertiesRebinderAutoConfiguration' of type [org.springframework.cloud.autoconfigure.ConfigurationPropertiesRebinderAutoConfiguration$$EnhancerBySpringCGLIB$$b46fac46] is not eligible for getting processed by all BeanPostProcessors (for example: not eligible for auto-proxying)
2018-06-26 11:09:39 |-INFO  [main] in  o.s.c.c.client.ConfigServicePropertySourceLocator - Fetching config from server at: http://localhost:8101
2018-06-26 11:09:40 |-WARN  [main] in  o.s.c.c.client.ConfigServicePropertySourceLocator - Could not locate PropertySource: I/O error on GET request for "http://localhost:8101/eureka-server/dev/master": Connection refused: connect; nested exception is java.net.ConnectException: Connection refused: connect
2018-06-26 11:09:40 |-INFO  [main] in  com.idream.EurekaServerApplication - No active profile set, falling back to default profiles: default
2018-06-26 11:09:40 |-INFO  [main] in  o.s.b.w.s.c.AnnotationConfigServletWebServerApplicationContext - Refreshing org.springframework.boot.web.servlet.context.AnnotationConfigServletWebServerApplicationContext@4716be8b: startup date [Tue Jun 26 11:09:40 CST 2018]; parent: org.springframework.context.annotation.AnnotationConfigApplicationContext@4c309d4d
2018-06-26 11:09:41 |-INFO  [main] in  o.s.b.factory.support.DefaultListableBeanFactory - Overriding bean definition for bean 'environmentWebEndpointExtension' with a different definition: replacing [Root bean: class [null]; scope=; abstract=false; lazyInit=false; autowireMode=3; dependencyCheck=0; autowireCandidate=true; primary=false; factoryBeanName=org.springframework.boot.actuate.autoconfigure.env.EnvironmentEndpointAutoConfiguration; factoryMethodName=environmentWebEndpointExtension; initMethodName=null; destroyMethodName=(inferred); defined in class path resource [org/springframework/boot/actuate/autoconfigure/env/EnvironmentEndpointAutoConfiguration.class]] with [Root bean: class [null]; scope=; abstract=false; lazyInit=false; autowireMode=3; dependencyCheck=0; autowireCandidate=true; primary=false; factoryBeanName=org.springframework.cloud.autoconfigure.LifecycleMvcEndpointAutoConfiguration$EndpointConfiguration; factoryMethodName=environmentWebEndpointExtension; initMethodName=null; destroyMethodName=(inferred); defined in class path resource [org/springframework/cloud/autoconfigure/LifecycleMvcEndpointAutoConfiguration$EndpointConfiguration.class]]
2018-06-26 11:09:41 |-INFO  [main] in  o.springframework.cloud.context.scope.GenericScope - BeanFactory lotteryId=357c5c01-5a96-312c-9846-38f9f325fe20
2018-06-26 11:09:41 |-INFO  [main] in  o.s.b.f.a.AutowiredAnnotationBeanPostProcessor - JSR-330 'javax.inject.Inject' annotation found and supported for autowiring
2018-06-26 11:09:42 |-INFO  [main] in  o.s.c.s.PostProcessorRegistrationDelegate$BeanPostProcessorChecker - Bean 'org.springframework.cloud.autoconfigure.ConfigurationPropertiesRebinderAutoConfiguration' of type [org.springframework.cloud.autoconfigure.ConfigurationPropertiesRebinderAutoConfiguration$$EnhancerBySpringCGLIB$$b46fac46] is not eligible for getting processed by all BeanPostProcessors (for example: not eligible for auto-proxying)
2018-06-26 11:09:42 |-INFO  [main] in  o.s.boot.web.embedded.tomcat.TomcatWebServer - Tomcat initialized with port(s): 8103 (http)
2018-06-26 11:09:42 |-INFO  [main] in  org.apache.coyote.http11.Http11NioProtocol - Initializing ProtocolHandler ["http-nio-8103"]
2018-06-26 11:09:42 |-INFO  [main] in  org.apache.catalina.core.StandardService - Starting service [Tomcat]
2018-06-26 11:09:42 |-INFO  [main] in  org.apache.catalina.core.StandardEngine - Starting Servlet Engine: Apache Tomcat/8.5.28
2018-06-26 11:09:42 |-INFO  [localhost-startStop-1] in  org.apache.catalina.core.AprLifecycleListener - The APR based Apache Tomcat Native library which allows optimal performance in production environments was not found on the java.library.path: [D:\Program Files\Java\jdk1.8.0_171\bin;C:\Windows\Sun\Java\bin;C:\Windows\system32;C:\Windows;C:\Program Files (x86)\Common Files\Oracle\Java\javapath;C:\Program Files (x86)\Intel\Intel(R) Management Engine Components\iCLS\;C:\Program Files\Intel\Intel(R) Management Engine Components\iCLS\;C:\Windows\system32;C:\Windows;C:\Windows\System32\Wbem;C:\Windows\System32\WindowsPowerShell\v1.0\;C:\Program Files (x86)\Intel\Intel(R) Management Engine Components\DAL;C:\Program Files\Intel\Intel(R) Management Engine Components\DAL;C:\Program Files (x86)\Intel\Intel(R) Management Engine Components\IPT;C:\Program Files\Intel\Intel(R) Management Engine Components\IPT;C:\Program Files (x86)\NVIDIA Corporation\PhysX\Common;C:\Program Files\Intel\WiFi\bin\;C:\Program Files\Common Files\Intel\WirelessCommon\;D:\Program Files\Java\jdk1.8.0_171\bin;D:\Program Files\Java\jdk1.8.0_171\jre\bin;C:\Program Files\MySQL\MySQL Utilities 1.6\;D:\Program Files\Java\maven\apache-maven-3.5.3\bin;C:\Program Files\MySQL\MySQL Server 5.7\bin;D:\Program Files\TortoiseSVN\bin;C:\Users\HZ-DELL\AppData\Local\Microsoft\WindowsApps;;.]
2018-06-26 11:09:42 |-INFO  [localhost-startStop-1] in  o.a.c.core.ContainerBase.[Tomcat].[localhost].[/] - Initializing Spring embedded WebApplicationContext
2018-06-26 11:09:42 |-INFO  [localhost-startStop-1] in  org.springframework.web.context.ContextLoader - Root WebApplicationContext: initialization completed in 2085 ms
2018-06-26 11:09:45 |-INFO  [localhost-startStop-1] in  o.s.boot.web.servlet.FilterRegistrationBean - Mapping filter: 'characterEncodingFilter' to: [/*]
2018-06-26 11:09:45 |-INFO  [localhost-startStop-1] in  o.s.boot.web.servlet.FilterRegistrationBean - Mapping filter: 'hiddenHttpMethodFilter' to: [/*]
2018-06-26 11:09:45 |-INFO  [localhost-startStop-1] in  o.s.boot.web.servlet.FilterRegistrationBean - Mapping filter: 'httpPutFormContentFilter' to: [/*]
2018-06-26 11:09:45 |-INFO  [localhost-startStop-1] in  o.s.boot.web.servlet.FilterRegistrationBean - Mapping filter: 'requestContextFilter' to: [/*]
2018-06-26 11:09:45 |-INFO  [localhost-startStop-1] in  o.s.boot.web.servlet.FilterRegistrationBean - Mapping filter: 'httpTraceFilter' to: [/*]
2018-06-26 11:09:45 |-INFO  [localhost-startStop-1] in  o.s.boot.web.servlet.FilterRegistrationBean - Mapping filter: 'webMvcMetricsFilter' to: [/*]
2018-06-26 11:09:45 |-INFO  [localhost-startStop-1] in  o.s.boot.web.servlet.FilterRegistrationBean - Mapping filter: 'servletContainer' to urls: [/eureka/*]
2018-06-26 11:09:45 |-INFO  [localhost-startStop-1] in  o.s.boot.web.servlet.ServletRegistrationBean - Servlet dispatcherServlet mapped to [/]
2018-06-26 11:09:45 |-INFO  [localhost-startStop-1] in  c.s.j.server.impl.application.WebApplicationImpl - Initiating Jersey application, version 'Jersey: 1.19.1 03/11/2016 02:08 PM'
2018-06-26 11:09:47 |-WARN  [main] in  com.netflix.config.sources.URLConfigurationSource - No URLs will be polled as dynamic configuration sources.
2018-06-26 11:09:47 |-INFO  [main] in  com.netflix.config.sources.URLConfigurationSource - To enable URLs as dynamic configuration sources, define System property archaius.configurationSource.additionalUrls or make config.properties available on classpath.
2018-06-26 11:09:47 |-WARN  [main] in  com.netflix.config.sources.URLConfigurationSource - No URLs will be polled as dynamic configuration sources.
2018-06-26 11:09:47 |-INFO  [main] in  com.netflix.config.sources.URLConfigurationSource - To enable URLs as dynamic configuration sources, define System property archaius.configurationSource.additionalUrls or make config.properties available on classpath.
2018-06-26 11:09:47 |-INFO  [main] in  o.s.w.s.m.m.a.RequestMappingHandlerAdapter - Looking for @ControllerAdvice: org.springframework.boot.web.servlet.context.AnnotationConfigServletWebServerApplicationContext@4716be8b: startup date [Tue Jun 26 11:09:40 CST 2018]; parent: org.springframework.context.annotation.AnnotationConfigApplicationContext@4c309d4d
2018-06-26 11:09:48 |-INFO  [main] in  o.s.w.s.m.m.a.RequestMappingHandlerMapping - Mapped "{[/error]}" onto public org.springframework.http.ResponseEntity<java.util.Map<java.lang.String, java.lang.Object>> org.springframework.boot.autoconfigure.web.servlet.error.BasicErrorController.error(javax.servlet.http.HttpServletRequest)
2018-06-26 11:09:48 |-INFO  [main] in  o.s.w.s.m.m.a.RequestMappingHandlerMapping - Mapped "{[/error],produces=[text/html]}" onto public org.springframework.web.servlet.ModelAndView org.springframework.boot.autoconfigure.web.servlet.error.BasicErrorController.errorHtml(javax.servlet.http.HttpServletRequest,javax.servlet.http.HttpServletResponse)
2018-06-26 11:09:48 |-INFO  [main] in  o.s.w.s.m.m.a.RequestMappingHandlerMapping - Mapped "{[/],methods=[GET]}" onto public java.lang.String org.springframework.cloud.netflix.eureka.server.EurekaController.status(javax.servlet.http.HttpServletRequest,java.util.Map<java.lang.String, java.lang.Object>)
2018-06-26 11:09:48 |-INFO  [main] in  o.s.w.s.m.m.a.RequestMappingHandlerMapping - Mapped "{[/lastn],methods=[GET]}" onto public java.lang.String org.springframework.cloud.netflix.eureka.server.EurekaController.lastn(javax.servlet.http.HttpServletRequest,java.util.Map<java.lang.String, java.lang.Object>)
2018-06-26 11:09:48 |-INFO  [main] in  o.s.web.servlet.handler.SimpleUrlHandlerMapping - Mapped URL path [/webjars/**] onto handler of type [class org.springframework.web.servlet.resource.ResourceHttpRequestHandler]
2018-06-26 11:09:48 |-INFO  [main] in  o.s.web.servlet.handler.SimpleUrlHandlerMapping - Mapped URL path [/**] onto handler of type [class org.springframework.web.servlet.resource.ResourceHttpRequestHandler]
2018-06-26 11:09:48 |-INFO  [main] in  o.s.web.servlet.handler.SimpleUrlHandlerMapping - Mapped URL path [/**/favicon.ico] onto handler of type [class org.springframework.web.servlet.resource.ResourceHttpRequestHandler]
2018-06-26 11:09:48 |-INFO  [main] in  o.s.ui.freemarker.SpringTemplateLoader - SpringTemplateLoader for FreeMarker: using resource loader [org.springframework.boot.web.servlet.context.AnnotationConfigServletWebServerApplicationContext@4716be8b: startup date [Tue Jun 26 11:09:40 CST 2018]; parent: org.springframework.context.annotation.AnnotationConfigApplicationContext@4c309d4d] and template loader path [classpath:/templates/]
2018-06-26 11:09:48 |-INFO  [main] in  o.s.w.servlet.view.freemarker.FreeMarkerConfigurer - ClassTemplateLoader for Spring macros added to FreeMarker configuration
2018-06-26 11:09:49 |-INFO  [main] in  o.s.cloud.netflix.eureka.InstanceInfoFactory - Setting initial instance status as: STARTING
2018-06-26 11:09:50 |-INFO  [main] in  o.s.b.a.e.web.servlet.WebMvcEndpointHandlerMapping - Mapped "{[/actuator/health],methods=[GET],produces=[application/vnd.spring-boot.actuator.v2+json || application/json]}" onto public java.lang.Object org.springframework.boot.actuate.endpoint.web.servlet.AbstractWebMvcEndpointHandlerMapping$OperationHandler.handle(javax.servlet.http.HttpServletRequest,java.util.Map<java.lang.String, java.lang.String>)
2018-06-26 11:09:50 |-INFO  [main] in  o.s.b.a.e.web.servlet.WebMvcEndpointHandlerMapping - Mapped "{[/actuator/info],methods=[GET],produces=[application/vnd.spring-boot.actuator.v2+json || application/json]}" onto public java.lang.Object org.springframework.boot.actuate.endpoint.web.servlet.AbstractWebMvcEndpointHandlerMapping$OperationHandler.handle(javax.servlet.http.HttpServletRequest,java.util.Map<java.lang.String, java.lang.String>)
2018-06-26 11:09:50 |-INFO  [main] in  o.s.b.a.e.web.servlet.WebMvcEndpointHandlerMapping - Mapped "{[/actuator],methods=[GET],produces=[application/vnd.spring-boot.actuator.v2+json || application/json]}" onto protected java.util.Map<java.lang.String, java.util.Map<java.lang.String, org.springframework.boot.actuate.endpoint.web.Link>> org.springframework.boot.actuate.endpoint.web.servlet.WebMvcEndpointHandlerMapping.links(javax.servlet.http.HttpServletRequest,javax.servlet.http.HttpServletResponse)
2018-06-26 11:09:50 |-INFO  [main] in  o.s.jmx.export.annotation.AnnotationMBeanExporter - Registering beans for JMX exposure on startup
2018-06-26 11:09:50 |-INFO  [main] in  o.s.jmx.export.annotation.AnnotationMBeanExporter - Bean with name 'configurationPropertiesRebinder' has been autodetected for JMX exposure
2018-06-26 11:09:50 |-INFO  [main] in  o.s.jmx.export.annotation.AnnotationMBeanExporter - Bean with name 'environmentManager' has been autodetected for JMX exposure
2018-06-26 11:09:50 |-INFO  [main] in  o.s.jmx.export.annotation.AnnotationMBeanExporter - Bean with name 'refreshScope' has been autodetected for JMX exposure
2018-06-26 11:09:50 |-INFO  [main] in  o.s.jmx.export.annotation.AnnotationMBeanExporter - Located managed bean 'environmentManager': registering with JMX server as MBean [org.springframework.cloud.context.environment:name=environmentManager,type=EnvironmentManager]
2018-06-26 11:09:50 |-INFO  [main] in  o.s.jmx.export.annotation.AnnotationMBeanExporter - Located managed bean 'refreshScope': registering with JMX server as MBean [org.springframework.cloud.context.scope.refresh:name=refreshScope,type=RefreshScope]
2018-06-26 11:09:50 |-INFO  [main] in  o.s.jmx.export.annotation.AnnotationMBeanExporter - Located managed bean 'configurationPropertiesRebinder': registering with JMX server as MBean [org.springframework.cloud.context.properties:name=configurationPropertiesRebinder,context=4716be8b,type=ConfigurationPropertiesRebinder]
2018-06-26 11:09:50 |-INFO  [main] in  o.s.context.support.DefaultLifecycleProcessor - Starting beans in phase 0
2018-06-26 11:09:50 |-INFO  [main] in  o.s.c.n.e.serviceregistry.EurekaServiceRegistry - Registering application eureka-server with eureka with status UP
2018-06-26 11:09:50 |-INFO  [Thread-41] in  o.s.c.netflix.eureka.server.EurekaServerBootstrap - Setting the eureka configuration..
2018-06-26 11:09:50 |-INFO  [Thread-41] in  o.s.c.netflix.eureka.server.EurekaServerBootstrap - Eureka data center value eureka.datacenter is not set, defaulting to default
2018-06-26 11:09:50 |-INFO  [Thread-41] in  o.s.c.netflix.eureka.server.EurekaServerBootstrap - Eureka environment value eureka.environment is not set, defaulting to test
2018-06-26 11:09:50 |-INFO  [Thread-41] in  o.s.c.netflix.eureka.server.EurekaServerBootstrap - isAws returned false
2018-06-26 11:09:50 |-INFO  [Thread-41] in  o.s.c.netflix.eureka.server.EurekaServerBootstrap - Initialized server context
2018-06-26 11:09:50 |-INFO  [main] in  org.apache.coyote.http11.Http11NioProtocol - Starting ProtocolHandler ["http-nio-8103"]
2018-06-26 11:09:50 |-INFO  [Thread-41] in  o.s.c.n.e.s.EurekaServerInitializerConfiguration - Started Eureka Server
2018-06-26 11:09:50 |-INFO  [main] in  org.apache.tomcat.util.net.NioSelectorPool - Using a shared selector for servlet write/read
2018-06-26 11:09:50 |-INFO  [main] in  o.s.boot.web.embedded.tomcat.TomcatWebServer - Tomcat started on port(s): 8103 (http) with context path ''
2018-06-26 11:09:50 |-INFO  [main] in  o.s.c.n.e.s.EurekaAutoServiceRegistration - Updating port to 8103
2018-06-26 11:09:50 |-INFO  [main] in  com.idream.EurekaServerApplication - Started EurekaServerApplication in 14.033 seconds (JVM running for 17.305)
2018-06-26 11:09:51 |-INFO  [RMI TCP Connection(14)-127.0.0.1] in  o.a.c.core.ContainerBase.[Tomcat].[localhost].[/] - Initializing Spring FrameworkServlet 'dispatcherServlet'
2018-06-26 11:09:51 |-INFO  [RMI TCP Connection(14)-127.0.0.1] in  org.springframework.web.servlet.DispatcherServlet - FrameworkServlet 'dispatcherServlet': initialization started
2018-06-26 11:09:51 |-INFO  [RMI TCP Connection(10)-127.0.0.1] in  o.s.c.c.client.ConfigServicePropertySourceLocator - Fetching config from server at: http://localhost:8101
2018-06-26 11:09:51 |-INFO  [RMI TCP Connection(14)-127.0.0.1] in  org.springframework.web.servlet.DispatcherServlet - FrameworkServlet 'dispatcherServlet': initialization completed in 37 ms
2018-06-26 11:09:53 |-INFO  [RMI TCP Connection(10)-127.0.0.1] in  o.s.c.c.client.ConfigServicePropertySourceLocator - Located environment: name=eureka-server, profiles=[dev], label=master, version=9fd295ebbcf87574a6a7e4555ba4b739a915145a, state=null
