[2018-08-14 08:57:12] [INFO ] [DiscoveryClient-CacheRefreshExecutor-0] in  org.apache.http.impl.client.DefaultHttpClient - I/O exception (org.apache.http.NoHttpResponseException) caught when processing request to {}->http://peer1:8103: The target server failed to respond
[2018-08-14 08:57:12] [INFO ] [DiscoveryClient-CacheRefreshExecutor-0] in  org.apache.http.impl.client.DefaultHttpClient - Retrying request to {}->http://peer1:8103
[2018-08-14 08:57:26] [WARN ] [AMQP Connection 192.168.37.99:5672] in  com.rabbitmq.client.impl.ForgivingExceptionHandler - An unexpected connection driver error occured (Exception message: Connection reset)
[2018-08-14 08:57:26] [ERROR] [AMQP Connection 192.168.37.99:5672] in  o.s.a.rabbit.connection.CachingConnectionFactory - Channel shutdown: connection error
[2018-08-14 08:57:26] [ERROR] [AMQP Connection 192.168.37.99:5672] in  o.s.a.rabbit.connection.CachingConnectionFactory - Channel shutdown: connection error
[2018-08-14 08:57:27] [INFO ] [springCloudBus.anonymous.qjDRAFNkTqayabHW0dW0Wg-1] in  o.s.a.r.listener.SimpleMessageListenerContainer - Restarting Consumer@7491cdae: tags=[{amq.ctag-ttbduU6uuEDG5efT4tUogA=springCloudBus.anonymous.qjDRAFNkTqayabHW0dW0Wg}], channel=Cached Rabbit Channel: AMQChannel(amqp://admin@192.168.37.99:5672/,1), conn: Proxy@7a85dc58 Shared Rabbit Connection: SimpleConnection@53da2aec [delegate=amqp://admin@192.168.37.99:5672/, localPort= 57103], acknowledgeMode=AUTO local queue size=0
[2018-08-14 08:57:27] [INFO ] [springCloudBus.anonymous.qjDRAFNkTqayabHW0dW0Wg-2] in  o.s.a.rabbit.connection.CachingConnectionFactory - Attempting to connect to: [192.168.37.99:5672]
[2018-08-14 08:57:27] [INFO ] [springCloudBus.anonymous.qjDRAFNkTqayabHW0dW0Wg-2] in  o.s.a.rabbit.connection.CachingConnectionFactory - Created new connection: rabbitConnectionFactory#49c61573:1/SimpleConnection@6133d380 [delegate=amqp://admin@192.168.37.99:5672/, localPort= 49640]
[2018-08-14 08:57:27] [INFO ] [springCloudBus.anonymous.qjDRAFNkTqayabHW0dW0Wg-2] in  org.springframework.amqp.rabbit.core.RabbitAdmin - Auto-declaring a non-durable, auto-delete, or exclusive Queue (springCloudBus.anonymous.qjDRAFNkTqayabHW0dW0Wg) durable:false, auto-delete:true, exclusive:true. It will be redeclared if the broker stops and is restarted while the connection factory is alive, but all messages will be lost.
[2018-08-14 08:59:56] [INFO ] [AsyncResolver-bootstrap-executor-0] in  c.n.d.shared.resolver.aws.ConfigClusterResolver - Resolving eureka endpoints via configuration
[2018-08-14 13:30:23] [INFO ] [main] in  o.s.c.a.AnnotationConfigApplicationContext - Refreshing org.springframework.context.annotation.AnnotationConfigApplicationContext@10959ece: startup date [Tue Aug 14 13:30:23 CST 2018]; root of context hierarchy
[2018-08-14 13:30:23] [INFO ] [main] in  o.s.b.f.a.AutowiredAnnotationBeanPostProcessor - JSR-330 'javax.inject.Inject' annotation found and supported for autowiring
[2018-08-14 13:30:23] [INFO ] [main] in  o.s.c.s.PostProcessorRegistrationDelegate$BeanPostProcessorChecker - Bean 'configurationPropertiesRebinderAutoConfiguration' of type [org.springframework.cloud.autoconfigure.ConfigurationPropertiesRebinderAutoConfiguration$$EnhancerBySpringCGLIB$$31db090a] is not eligible for getting processed by all BeanPostProcessors (for example: not eligible for auto-proxying)
[2018-08-14 13:30:24] [INFO ] [main] in  o.s.c.c.client.ConfigServicePropertySourceLocator - Fetching config from server at: http://localhost:8101
[2018-08-14 13:30:25] [WARN ] [main] in  o.s.c.c.client.ConfigServicePropertySourceLocator - Could not locate PropertySource: I/O error on GET request for "http://localhost:8101/gateway/dev/master": Connection refused: connect; nested exception is java.net.ConnectException: Connection refused: connect
[2018-08-14 13:30:25] [INFO ] [main] in  com.idream.GatewayApplication - No active profile set, falling back to default profiles: default
[2018-08-14 13:30:25] [INFO ] [main] in  o.s.b.w.s.c.AnnotationConfigServletWebServerApplicationContext - Refreshing org.springframework.boot.web.servlet.context.AnnotationConfigServletWebServerApplicationContext@6fb365ed: startup date [Tue Aug 14 13:30:25 CST 2018]; parent: org.springframework.context.annotation.AnnotationConfigApplicationContext@10959ece
[2018-08-14 13:30:37] [INFO ] [main] in  o.s.integration.config.IntegrationRegistrar - No bean named 'integrationHeaderChannelRegistry' has been explicitly defined. Therefore, a default DefaultHeaderChannelRegistry will be created.
[2018-08-14 13:30:37] [INFO ] [main] in  o.s.c.a.ConfigurationClassBeanDefinitionReader - Skipping bean definition for [BeanMethod:name=accessFilter,declaringClass=com.idream.GatewayApplication]: a definition for bean 'accessFilter' already exists. This top-level bean definition is considered as an override.
[2018-08-14 13:30:37] [INFO ] [main] in  o.s.b.factory.support.DefaultListableBeanFactory - Overriding bean definition for bean 'userRequestRecordPreFilter' with a different definition: replacing [Generic bean: class [com.idream.filter.UserRequestRecordPreFilter]; scope=singleton; abstract=false; lazyInit=false; autowireMode=0; dependencyCheck=0; autowireCandidate=true; primary=false; factoryBeanName=null; factoryMethodName=null; initMethodName=null; destroyMethodName=null; defined in file [D:\project\java\idream-community\gateway\target\classes\com\idream\filter\UserRequestRecordPreFilter.class]] with [Root bean: class [null]; scope=; abstract=false; lazyInit=false; autowireMode=3; dependencyCheck=0; autowireCandidate=true; primary=false; factoryBeanName=gatewayApplication; factoryMethodName=userRequestRecordPreFilter; initMethodName=null; destroyMethodName=(inferred); defined in com.idream.GatewayApplication]
[2018-08-14 13:30:37] [INFO ] [main] in  o.s.b.factory.support.DefaultListableBeanFactory - Overriding bean definition for bean 'userRequestRecordPostFilter' with a different definition: replacing [Generic bean: class [com.idream.filter.UserRequestRecordPostFilter]; scope=singleton; abstract=false; lazyInit=false; autowireMode=0; dependencyCheck=0; autowireCandidate=true; primary=false; factoryBeanName=null; factoryMethodName=null; initMethodName=null; destroyMethodName=null; defined in file [D:\project\java\idream-community\gateway\target\classes\com\idream\filter\UserRequestRecordPostFilter.class]] with [Root bean: class [null]; scope=; abstract=false; lazyInit=false; autowireMode=3; dependencyCheck=0; autowireCandidate=true; primary=false; factoryBeanName=gatewayApplication; factoryMethodName=userRequestRecordPostFilter; initMethodName=null; destroyMethodName=(inferred); defined in com.idream.GatewayApplication]
[2018-08-14 13:30:37] [INFO ] [main] in  o.s.c.a.ConfigurationClassBeanDefinitionReader - Skipping bean definition for [BeanMethod:name=rateLimitFilter,declaringClass=com.idream.GatewayApplication]: a definition for bean 'rateLimitFilter' already exists. This top-level bean definition is considered as an override.
[2018-08-14 13:30:38] [INFO ] [main] in  o.s.d.r.config.RepositoryConfigurationDelegate - Multiple Spring Data modules found, entering strict repository configuration mode!
[2018-08-14 13:30:38] [INFO ] [main] in  o.s.b.factory.support.DefaultListableBeanFactory - Overriding bean definition for bean 'environmentWebEndpointExtension' with a different definition: replacing [Root bean: class [null]; scope=; abstract=false; lazyInit=false; autowireMode=3; dependencyCheck=0; autowireCandidate=true; primary=false; factoryBeanName=org.springframework.boot.actuate.autoconfigure.env.EnvironmentEndpointAutoConfiguration; factoryMethodName=environmentWebEndpointExtension; initMethodName=null; destroyMethodName=(inferred); defined in class path resource [org/springframework/boot/actuate/autoconfigure/env/EnvironmentEndpointAutoConfiguration.class]] with [Root bean: class [null]; scope=; abstract=false; lazyInit=false; autowireMode=3; dependencyCheck=0; autowireCandidate=true; primary=false; factoryBeanName=org.springframework.cloud.autoconfigure.LifecycleMvcEndpointAutoConfiguration$EndpointConfiguration; factoryMethodName=environmentWebEndpointExtension; initMethodName=null; destroyMethodName=(inferred); defined in class path resource [org/springframework/cloud/autoconfigure/LifecycleMvcEndpointAutoConfiguration$EndpointConfiguration.class]]
[2018-08-14 13:30:38] [INFO ] [main] in  o.s.b.factory.support.DefaultListableBeanFactory - Overriding bean definition for bean 'proxyRequestHelper' with a different definition: replacing [Root bean: class [null]; scope=; abstract=false; lazyInit=false; autowireMode=3; dependencyCheck=0; autowireCandidate=true; primary=false; factoryBeanName=org.springframework.cloud.netflix.zuul.ZuulProxyAutoConfiguration$EndpointConfiguration; factoryMethodName=proxyRequestHelper; initMethodName=null; destroyMethodName=(inferred); defined in class path resource [org/springframework/cloud/netflix/zuul/ZuulProxyAutoConfiguration$EndpointConfiguration.class]] with [Root bean: class [null]; scope=; abstract=false; lazyInit=false; autowireMode=3; dependencyCheck=0; autowireCandidate=true; primary=false; factoryBeanName=org.springframework.cloud.netflix.zuul.ZuulProxyAutoConfiguration$NoActuatorConfiguration; factoryMethodName=proxyRequestHelper; initMethodName=null; destroyMethodName=(inferred); defined in class path resource [org/springframework/cloud/netflix/zuul/ZuulProxyAutoConfiguration$NoActuatorConfiguration.class]]
[2018-08-14 13:30:38] [INFO ] [main] in  o.s.b.factory.support.DefaultListableBeanFactory - Overriding bean definition for bean 'counterFactory' with a different definition: replacing [Root bean: class [null]; scope=; abstract=false; lazyInit=false; autowireMode=3; dependencyCheck=0; autowireCandidate=true; primary=false; factoryBeanName=org.springframework.cloud.netflix.zuul.ZuulServerAutoConfiguration$ZuulMetricsConfiguration; factoryMethodName=counterFactory; initMethodName=null; destroyMethodName=(inferred); defined in class path resource [org/springframework/cloud/netflix/zuul/ZuulServerAutoConfiguration$ZuulMetricsConfiguration.class]] with [Root bean: class [null]; scope=; abstract=false; lazyInit=false; autowireMode=3; dependencyCheck=0; autowireCandidate=true; primary=false; factoryBeanName=org.springframework.cloud.netflix.zuul.ZuulServerAutoConfiguration$ZuulCounterFactoryConfiguration; factoryMethodName=counterFactory; initMethodName=null; destroyMethodName=(inferred); defined in class path resource [org/springframework/cloud/netflix/zuul/ZuulServerAutoConfiguration$ZuulCounterFactoryConfiguration.class]]
[2018-08-14 13:30:38] [INFO ] [main] in  o.s.b.factory.support.DefaultListableBeanFactory - Overriding bean definition for bean 'dataSource' with a different definition: replacing [Root bean: class [null]; scope=refresh; abstract=false; lazyInit=false; autowireMode=3; dependencyCheck=0; autowireCandidate=false; primary=false; factoryBeanName=org.springframework.boot.autoconfigure.jdbc.DataSourceConfiguration$Hikari; factoryMethodName=dataSource; initMethodName=null; destroyMethodName=(inferred); defined in class path resource [org/springframework/boot/autoconfigure/jdbc/DataSourceConfiguration$Hikari.class]] with [Root bean: class [org.springframework.aop.scope.ScopedProxyFactoryBean]; scope=; abstract=false; lazyInit=false; autowireMode=0; dependencyCheck=0; autowireCandidate=true; primary=false; factoryBeanName=null; factoryMethodName=null; initMethodName=null; destroyMethodName=null; defined in BeanDefinition defined in class path resource [org/springframework/boot/autoconfigure/jdbc/DataSourceConfiguration$Hikari.class]]
[2018-08-14 13:30:39] [INFO ] [main] in  o.springframework.cloud.context.scope.GenericScope - BeanFactory id=e979ea3b-fc27-3607-9a31-5a6a3d202290
[2018-08-14 13:30:39] [INFO ] [main] in  o.s.i.c.DefaultConfiguringBeanFactoryPostProcessor - No bean named 'errorChannel' has been explicitly defined. Therefore, a default PublishSubscribeChannel will be created.
[2018-08-14 13:30:39] [INFO ] [main] in  o.s.i.c.DefaultConfiguringBeanFactoryPostProcessor - No bean named 'taskScheduler' has been explicitly defined. Therefore, a default ThreadPoolTaskScheduler will be created.
[2018-08-14 13:30:39] [INFO ] [main] in  o.s.b.f.a.AutowiredAnnotationBeanPostProcessor - JSR-330 'javax.inject.Inject' annotation found and supported for autowiring
[2018-08-14 13:30:39] [INFO ] [main] in  o.s.c.s.PostProcessorRegistrationDelegate$BeanPostProcessorChecker - Bean 'org.springframework.amqp.rabbit.annotation.RabbitBootstrapConfiguration' of type [org.springframework.amqp.rabbit.annotation.RabbitBootstrapConfiguration$$EnhancerBySpringCGLIB$$dc2cc43b] is not eligible for getting processed by all BeanPostProcessors (for example: not eligible for auto-proxying)
[2018-08-14 13:30:39] [INFO ] [main] in  o.s.c.s.PostProcessorRegistrationDelegate$BeanPostProcessorChecker - Bean 'org.springframework.transaction.annotation.ProxyTransactionManagementConfiguration' of type [org.springframework.transaction.annotation.ProxyTransactionManagementConfiguration$$EnhancerBySpringCGLIB$$15c1060d] is not eligible for getting processed by all BeanPostProcessors (for example: not eligible for auto-proxying)
[2018-08-14 13:30:40] [WARN ] [main] in  o.s.b.w.s.c.AnnotationConfigServletWebServerApplicationContext - Exception encountered during context initialization - cancelling refresh attempt: org.springframework.beans.factory.BeanCreationException: Error creating bean with name 'streamListenerAnnotationBeanPostProcessor' defined in class path resource [org/springframework/cloud/stream/config/BindingServiceConfiguration.class]: BeanPostProcessor before instantiation of bean failed; nested exception is org.springframework.beans.factory.UnsatisfiedDependencyException: Error creating bean with name 'org.springframework.cache.annotation.ProxyCachingConfiguration': Unsatisfied dependency expressed through method 'setConfigurers' parameter 0; nested exception is org.springframework.beans.factory.BeanCreationException: Error creating bean with name 'redisConfig': Injection of autowired dependencies failed; nested exception is java.lang.IllegalArgumentException: Could not resolve placeholder 'spring.redis.uri' in value "${spring.redis.uri}"
[2018-08-14 13:30:40] [INFO ] [main] in  o.s.b.a.l.ConditionEvaluationReportLoggingListener - 

Error starting ApplicationContext. To display the conditions report re-run your application with 'debug' enabled.
[2018-08-14 13:30:40] [ERROR] [main] in  org.springframework.boot.SpringApplication - Application run failed
org.springframework.beans.factory.BeanCreationException: Error creating bean with name 'streamListenerAnnotationBeanPostProcessor' defined in class path resource [org/springframework/cloud/stream/config/BindingServiceConfiguration.class]: BeanPostProcessor before instantiation of bean failed; nested exception is org.springframework.beans.factory.UnsatisfiedDependencyException: Error creating bean with name 'org.springframework.cache.annotation.ProxyCachingConfiguration': Unsatisfied dependency expressed through method 'setConfigurers' parameter 0; nested exception is org.springframework.beans.factory.BeanCreationException: Error creating bean with name 'redisConfig': Injection of autowired dependencies failed; nested exception is java.lang.IllegalArgumentException: Could not resolve placeholder 'spring.redis.uri' in value "${spring.redis.uri}"
	at org.springframework.beans.factory.support.AbstractAutowireCapableBeanFactory.createBean(AbstractAutowireCapableBeanFactory.java:497)
	at org.springframework.beans.factory.support.AbstractBeanFactory.lambda$doGetBean$0(AbstractBeanFactory.java:312)
	at org.springframework.beans.factory.support.DefaultSingletonBeanRegistry.getSingleton(DefaultSingletonBeanRegistry.java:228)
	at org.springframework.beans.factory.support.AbstractBeanFactory.doGetBean(AbstractBeanFactory.java:310)
	at org.springframework.beans.factory.support.AbstractBeanFactory.getBean(AbstractBeanFactory.java:205)
	at org.springframework.context.support.PostProcessorRegistrationDelegate.registerBeanPostProcessors(PostProcessorRegistrationDelegate.java:238)
	at org.springframework.context.support.AbstractApplicationContext.registerBeanPostProcessors(AbstractApplicationContext.java:709)
	at org.springframework.context.support.AbstractApplicationContext.refresh(AbstractApplicationContext.java:534)
	at org.springframework.boot.web.servlet.context.ServletWebServerApplicationContext.refresh(ServletWebServerApplicationContext.java:140)
	at org.springframework.boot.SpringApplication.refresh(SpringApplication.java:752)
	at org.springframework.boot.SpringApplication.refreshContext(SpringApplication.java:388)
	at org.springframework.boot.SpringApplication.run(SpringApplication.java:327)
	at org.springframework.boot.SpringApplication.run(SpringApplication.java:1246)
	at org.springframework.boot.SpringApplication.run(SpringApplication.java:1234)
	at com.idream.GatewayApplication.main(GatewayApplication.java:27)
Caused by: org.springframework.beans.factory.UnsatisfiedDependencyException: Error creating bean with name 'org.springframework.cache.annotation.ProxyCachingConfiguration': Unsatisfied dependency expressed through method 'setConfigurers' parameter 0; nested exception is org.springframework.beans.factory.BeanCreationException: Error creating bean with name 'redisConfig': Injection of autowired dependencies failed; nested exception is java.lang.IllegalArgumentException: Could not resolve placeholder 'spring.redis.uri' in value "${spring.redis.uri}"
	at org.springframework.beans.factory.annotation.AutowiredAnnotationBeanPostProcessor$AutowiredMethodElement.inject(AutowiredAnnotationBeanPostProcessor.java:668)
	at org.springframework.beans.factory.annotation.InjectionMetadata.inject(InjectionMetadata.java:91)
	at org.springframework.beans.factory.annotation.AutowiredAnnotationBeanPostProcessor.postProcessPropertyValues(AutowiredAnnotationBeanPostProcessor.java:373)
	at org.springframework.beans.factory.support.AbstractAutowireCapableBeanFactory.populateBean(AbstractAutowireCapableBeanFactory.java:1344)
	at org.springframework.beans.factory.support.AbstractAutowireCapableBeanFactory.doCreateBean(AbstractAutowireCapableBeanFactory.java:582)
	at org.springframework.beans.factory.support.AbstractAutowireCapableBeanFactory.createBean(AbstractAutowireCapableBeanFactory.java:502)
	at org.springframework.beans.factory.support.AbstractBeanFactory.lambda$doGetBean$0(AbstractBeanFactory.java:312)
	at org.springframework.beans.factory.support.DefaultSingletonBeanRegistry.getSingleton(DefaultSingletonBeanRegistry.java:228)
	at org.springframework.beans.factory.support.AbstractBeanFactory.doGetBean(AbstractBeanFactory.java:310)
	at org.springframework.beans.factory.support.AbstractBeanFactory.getBean(AbstractBeanFactory.java:200)
	at org.springframework.beans.factory.support.ConstructorResolver.instantiateUsingFactoryMethod(ConstructorResolver.java:368)
	at org.springframework.beans.factory.support.AbstractAutowireCapableBeanFactory.instantiateUsingFactoryMethod(AbstractAutowireCapableBeanFactory.java:1250)
	at org.springframework.beans.factory.support.AbstractAutowireCapableBeanFactory.createBeanInstance(AbstractAutowireCapableBeanFactory.java:1099)
	at org.springframework.beans.factory.support.AbstractAutowireCapableBeanFactory.doCreateBean(AbstractAutowireCapableBeanFactory.java:545)
	at org.springframework.beans.factory.support.AbstractAutowireCapableBeanFactory.createBean(AbstractAutowireCapableBeanFactory.java:502)
	at org.springframework.beans.factory.support.AbstractBeanFactory.lambda$doGetBean$0(AbstractBeanFactory.java:312)
	at org.springframework.beans.factory.support.DefaultSingletonBeanRegistry.getSingleton(DefaultSingletonBeanRegistry.java:228)
	at org.springframework.beans.factory.support.AbstractBeanFactory.doGetBean(AbstractBeanFactory.java:310)
	at org.springframework.beans.factory.support.AbstractBeanFactory.getBean(AbstractBeanFactory.java:205)
	at org.springframework.aop.framework.autoproxy.BeanFactoryAdvisorRetrievalHelper.findAdvisorBeans(BeanFactoryAdvisorRetrievalHelper.java:94)
	at org.springframework.aop.framework.autoproxy.AbstractAdvisorAutoProxyCreator.findCandidateAdvisors(AbstractAdvisorAutoProxyCreator.java:107)
	at org.springframework.aop.aspectj.annotation.AnnotationAwareAspectJAutoProxyCreator.findCandidateAdvisors(AnnotationAwareAspectJAutoProxyCreator.java:92)
	at org.springframework.aop.aspectj.autoproxy.AspectJAwareAdvisorAutoProxyCreator.shouldSkip(AspectJAwareAdvisorAutoProxyCreator.java:103)
	at org.springframework.aop.framework.autoproxy.AbstractAutoProxyCreator.postProcessBeforeInstantiation(AbstractAutoProxyCreator.java:254)
	at org.springframework.beans.factory.support.AbstractAutowireCapableBeanFactory.applyBeanPostProcessorsBeforeInstantiation(AbstractAutowireCapableBeanFactory.java:1063)
	at org.springframework.beans.factory.support.AbstractAutowireCapableBeanFactory.resolveBeforeInstantiation(AbstractAutowireCapableBeanFactory.java:1036)
	at org.springframework.beans.factory.support.AbstractAutowireCapableBeanFactory.createBean(AbstractAutowireCapableBeanFactory.java:491)
	... 14 common frames omitted
Caused by: org.springframework.beans.factory.BeanCreationException: Error creating bean with name 'redisConfig': Injection of autowired dependencies failed; nested exception is java.lang.IllegalArgumentException: Could not resolve placeholder 'spring.redis.uri' in value "${spring.redis.uri}"
	at org.springframework.beans.factory.annotation.AutowiredAnnotationBeanPostProcessor.postProcessPropertyValues(AutowiredAnnotationBeanPostProcessor.java:379)
	at org.springframework.beans.factory.support.AbstractAutowireCapableBeanFactory.populateBean(AbstractAutowireCapableBeanFactory.java:1344)
	at org.springframework.beans.factory.support.AbstractAutowireCapableBeanFactory.doCreateBean(AbstractAutowireCapableBeanFactory.java:582)
	at org.springframework.beans.factory.support.AbstractAutowireCapableBeanFactory.createBean(AbstractAutowireCapableBeanFactory.java:502)
	at org.springframework.beans.factory.support.AbstractBeanFactory.lambda$doGetBean$0(AbstractBeanFactory.java:312)
	at org.springframework.beans.factory.support.DefaultSingletonBeanRegistry.getSingleton(DefaultSingletonBeanRegistry.java:228)
	at org.springframework.beans.factory.support.AbstractBeanFactory.doGetBean(AbstractBeanFactory.java:310)
	at org.springframework.beans.factory.support.AbstractBeanFactory.getBean(AbstractBeanFactory.java:200)
	at org.springframework.beans.factory.config.DependencyDescriptor.resolveCandidate(DependencyDescriptor.java:251)
	at org.springframework.beans.factory.support.DefaultListableBeanFactory.addCandidateEntry(DefaultListableBeanFactory.java:1325)
	at org.springframework.beans.factory.support.DefaultListableBeanFactory.findAutowireCandidates(DefaultListableBeanFactory.java:1291)
	at org.springframework.beans.factory.support.DefaultListableBeanFactory.resolveMultipleBeans(DefaultListableBeanFactory.java:1193)
	at org.springframework.beans.factory.support.DefaultListableBeanFactory.doResolveDependency(DefaultListableBeanFactory.java:1096)
	at org.springframework.beans.factory.support.DefaultListableBeanFactory.resolveDependency(DefaultListableBeanFactory.java:1065)
	at org.springframework.beans.factory.annotation.AutowiredAnnotationBeanPostProcessor$AutowiredMethodElement.inject(AutowiredAnnotationBeanPostProcessor.java:660)
	... 40 common frames omitted
Caused by: java.lang.IllegalArgumentException: Could not resolve placeholder 'spring.redis.uri' in value "${spring.redis.uri}"
	at org.springframework.util.PropertyPlaceholderHelper.parseStringValue(PropertyPlaceholderHelper.java:172)
	at org.springframework.util.PropertyPlaceholderHelper.replacePlaceholders(PropertyPlaceholderHelper.java:124)
	at org.springframework.core.env.AbstractPropertyResolver.doResolvePlaceholders(AbstractPropertyResolver.java:237)
	at org.springframework.core.env.AbstractPropertyResolver.resolveRequiredPlaceholders(AbstractPropertyResolver.java:211)
	at org.springframework.context.support.PropertySourcesPlaceholderConfigurer.lambda$processProperties$0(PropertySourcesPlaceholderConfigurer.java:175)
	at org.springframework.beans.factory.support.AbstractBeanFactory.resolveEmbeddedValue(AbstractBeanFactory.java:834)
	at org.springframework.beans.factory.support.DefaultListableBeanFactory.doResolveDependency(DefaultListableBeanFactory.java:1086)
	at org.springframework.beans.factory.support.DefaultListableBeanFactory.resolveDependency(DefaultListableBeanFactory.java:1065)
	at org.springframework.beans.factory.annotation.AutowiredAnnotationBeanPostProcessor$AutowiredFieldElement.inject(AutowiredAnnotationBeanPostProcessor.java:584)
	at org.springframework.beans.factory.annotation.InjectionMetadata.inject(InjectionMetadata.java:91)
	at org.springframework.beans.factory.annotation.AutowiredAnnotationBeanPostProcessor.postProcessPropertyValues(AutowiredAnnotationBeanPostProcessor.java:373)
	... 54 common frames omitted
[2018-08-14 13:30:56] [INFO ] [main] in  o.s.c.a.AnnotationConfigApplicationContext - Refreshing org.springframework.context.annotation.AnnotationConfigApplicationContext@3a6bb9bf: startup date [Tue Aug 14 13:30:56 CST 2018]; root of context hierarchy
[2018-08-14 13:30:56] [INFO ] [main] in  o.s.b.f.a.AutowiredAnnotationBeanPostProcessor - JSR-330 'javax.inject.Inject' annotation found and supported for autowiring
[2018-08-14 13:30:56] [INFO ] [main] in  o.s.c.s.PostProcessorRegistrationDelegate$BeanPostProcessorChecker - Bean 'configurationPropertiesRebinderAutoConfiguration' of type [org.springframework.cloud.autoconfigure.ConfigurationPropertiesRebinderAutoConfiguration$$EnhancerBySpringCGLIB$$781eda7f] is not eligible for getting processed by all BeanPostProcessors (for example: not eligible for auto-proxying)
[2018-08-14 13:30:57] [INFO ] [main] in  o.s.c.c.client.ConfigServicePropertySourceLocator - Fetching config from server at: http://localhost:8101
[2018-08-14 13:30:57] [INFO ] [main] in  o.s.c.c.client.ConfigServicePropertySourceLocator - Located environment: name=gateway, profiles=[dev], label=master, version=332d299a82424fb907a50cb1234a240f709c099d, state=null
[2018-08-14 13:30:57] [INFO ] [main] in  o.s.c.b.c.PropertySourceBootstrapConfiguration - Located property source: CompositePropertySource {name='configService', propertySources=[MapPropertySource {name='configClient'}, MapPropertySource {name='http://192.168.37.128/idream/cloud-config.git/conf/gateway-dev.properties'}]}
[2018-08-14 13:30:57] [INFO ] [main] in  com.idream.GatewayApplication - No active profile set, falling back to default profiles: default
[2018-08-14 13:30:57] [INFO ] [main] in  o.s.b.w.s.c.AnnotationConfigServletWebServerApplicationContext - Refreshing org.springframework.boot.web.servlet.context.AnnotationConfigServletWebServerApplicationContext@6e950bcf: startup date [Tue Aug 14 13:30:57 CST 2018]; parent: org.springframework.context.annotation.AnnotationConfigApplicationContext@3a6bb9bf
[2018-08-14 13:30:59] [INFO ] [main] in  o.s.integration.config.IntegrationRegistrar - No bean named 'integrationHeaderChannelRegistry' has been explicitly defined. Therefore, a default DefaultHeaderChannelRegistry will be created.
[2018-08-14 13:30:59] [INFO ] [main] in  o.s.c.a.ConfigurationClassBeanDefinitionReader - Skipping bean definition for [BeanMethod:name=accessFilter,declaringClass=com.idream.GatewayApplication]: a definition for bean 'accessFilter' already exists. This top-level bean definition is considered as an override.
[2018-08-14 13:30:59] [INFO ] [main] in  o.s.b.factory.support.DefaultListableBeanFactory - Overriding bean definition for bean 'userRequestRecordPreFilter' with a different definition: replacing [Generic bean: class [com.idream.filter.UserRequestRecordPreFilter]; scope=singleton; abstract=false; lazyInit=false; autowireMode=0; dependencyCheck=0; autowireCandidate=true; primary=false; factoryBeanName=null; factoryMethodName=null; initMethodName=null; destroyMethodName=null; defined in file [D:\project\java\idream-community\gateway\target\classes\com\idream\filter\UserRequestRecordPreFilter.class]] with [Root bean: class [null]; scope=; abstract=false; lazyInit=false; autowireMode=3; dependencyCheck=0; autowireCandidate=true; primary=false; factoryBeanName=gatewayApplication; factoryMethodName=userRequestRecordPreFilter; initMethodName=null; destroyMethodName=(inferred); defined in com.idream.GatewayApplication]
[2018-08-14 13:30:59] [INFO ] [main] in  o.s.b.factory.support.DefaultListableBeanFactory - Overriding bean definition for bean 'userRequestRecordPostFilter' with a different definition: replacing [Generic bean: class [com.idream.filter.UserRequestRecordPostFilter]; scope=singleton; abstract=false; lazyInit=false; autowireMode=0; dependencyCheck=0; autowireCandidate=true; primary=false; factoryBeanName=null; factoryMethodName=null; initMethodName=null; destroyMethodName=null; defined in file [D:\project\java\idream-community\gateway\target\classes\com\idream\filter\UserRequestRecordPostFilter.class]] with [Root bean: class [null]; scope=; abstract=false; lazyInit=false; autowireMode=3; dependencyCheck=0; autowireCandidate=true; primary=false; factoryBeanName=gatewayApplication; factoryMethodName=userRequestRecordPostFilter; initMethodName=null; destroyMethodName=(inferred); defined in com.idream.GatewayApplication]
[2018-08-14 13:30:59] [INFO ] [main] in  o.s.c.a.ConfigurationClassBeanDefinitionReader - Skipping bean definition for [BeanMethod:name=rateLimitFilter,declaringClass=com.idream.GatewayApplication]: a definition for bean 'rateLimitFilter' already exists. This top-level bean definition is considered as an override.
[2018-08-14 13:30:59] [INFO ] [main] in  o.s.d.r.config.RepositoryConfigurationDelegate - Multiple Spring Data modules found, entering strict repository configuration mode!
[2018-08-14 13:31:00] [INFO ] [main] in  o.s.b.factory.support.DefaultListableBeanFactory - Overriding bean definition for bean 'environmentWebEndpointExtension' with a different definition: replacing [Root bean: class [null]; scope=; abstract=false; lazyInit=false; autowireMode=3; dependencyCheck=0; autowireCandidate=true; primary=false; factoryBeanName=org.springframework.boot.actuate.autoconfigure.env.EnvironmentEndpointAutoConfiguration; factoryMethodName=environmentWebEndpointExtension; initMethodName=null; destroyMethodName=(inferred); defined in class path resource [org/springframework/boot/actuate/autoconfigure/env/EnvironmentEndpointAutoConfiguration.class]] with [Root bean: class [null]; scope=; abstract=false; lazyInit=false; autowireMode=3; dependencyCheck=0; autowireCandidate=true; primary=false; factoryBeanName=org.springframework.cloud.autoconfigure.LifecycleMvcEndpointAutoConfiguration$EndpointConfiguration; factoryMethodName=environmentWebEndpointExtension; initMethodName=null; destroyMethodName=(inferred); defined in class path resource [org/springframework/cloud/autoconfigure/LifecycleMvcEndpointAutoConfiguration$EndpointConfiguration.class]]
[2018-08-14 13:31:00] [INFO ] [main] in  o.s.b.factory.support.DefaultListableBeanFactory - Overriding bean definition for bean 'proxyRequestHelper' with a different definition: replacing [Root bean: class [null]; scope=; abstract=false; lazyInit=false; autowireMode=3; dependencyCheck=0; autowireCandidate=true; primary=false; factoryBeanName=org.springframework.cloud.netflix.zuul.ZuulProxyAutoConfiguration$EndpointConfiguration; factoryMethodName=proxyRequestHelper; initMethodName=null; destroyMethodName=(inferred); defined in class path resource [org/springframework/cloud/netflix/zuul/ZuulProxyAutoConfiguration$EndpointConfiguration.class]] with [Root bean: class [null]; scope=; abstract=false; lazyInit=false; autowireMode=3; dependencyCheck=0; autowireCandidate=true; primary=false; factoryBeanName=org.springframework.cloud.netflix.zuul.ZuulProxyAutoConfiguration$NoActuatorConfiguration; factoryMethodName=proxyRequestHelper; initMethodName=null; destroyMethodName=(inferred); defined in class path resource [org/springframework/cloud/netflix/zuul/ZuulProxyAutoConfiguration$NoActuatorConfiguration.class]]
[2018-08-14 13:31:00] [INFO ] [main] in  o.s.b.factory.support.DefaultListableBeanFactory - Overriding bean definition for bean 'counterFactory' with a different definition: replacing [Root bean: class [null]; scope=; abstract=false; lazyInit=false; autowireMode=3; dependencyCheck=0; autowireCandidate=true; primary=false; factoryBeanName=org.springframework.cloud.netflix.zuul.ZuulServerAutoConfiguration$ZuulMetricsConfiguration; factoryMethodName=counterFactory; initMethodName=null; destroyMethodName=(inferred); defined in class path resource [org/springframework/cloud/netflix/zuul/ZuulServerAutoConfiguration$ZuulMetricsConfiguration.class]] with [Root bean: class [null]; scope=; abstract=false; lazyInit=false; autowireMode=3; dependencyCheck=0; autowireCandidate=true; primary=false; factoryBeanName=org.springframework.cloud.netflix.zuul.ZuulServerAutoConfiguration$ZuulCounterFactoryConfiguration; factoryMethodName=counterFactory; initMethodName=null; destroyMethodName=(inferred); defined in class path resource [org/springframework/cloud/netflix/zuul/ZuulServerAutoConfiguration$ZuulCounterFactoryConfiguration.class]]
[2018-08-14 13:31:00] [INFO ] [main] in  o.springframework.cloud.context.scope.GenericScope - BeanFactory id=b6af5809-4615-304a-8737-fe89c3fdd423
[2018-08-14 13:31:00] [INFO ] [main] in  o.s.i.c.DefaultConfiguringBeanFactoryPostProcessor - No bean named 'errorChannel' has been explicitly defined. Therefore, a default PublishSubscribeChannel will be created.
[2018-08-14 13:31:00] [INFO ] [main] in  o.s.i.c.DefaultConfiguringBeanFactoryPostProcessor - No bean named 'taskScheduler' has been explicitly defined. Therefore, a default ThreadPoolTaskScheduler will be created.
[2018-08-14 13:31:00] [INFO ] [main] in  o.s.b.f.a.AutowiredAnnotationBeanPostProcessor - JSR-330 'javax.inject.Inject' annotation found and supported for autowiring
[2018-08-14 13:31:00] [INFO ] [main] in  o.s.c.s.PostProcessorRegistrationDelegate$BeanPostProcessorChecker - Bean 'org.springframework.amqp.rabbit.annotation.RabbitBootstrapConfiguration' of type [org.springframework.amqp.rabbit.annotation.RabbitBootstrapConfiguration$$EnhancerBySpringCGLIB$$227095b0] is not eligible for getting processed by all BeanPostProcessors (for example: not eligible for auto-proxying)
[2018-08-14 13:31:01] [INFO ] [main] in  o.s.c.s.PostProcessorRegistrationDelegate$BeanPostProcessorChecker - Bean 'org.springframework.transaction.annotation.ProxyTransactionManagementConfiguration' of type [org.springframework.transaction.annotation.ProxyTransactionManagementConfiguration$$EnhancerBySpringCGLIB$$5c04d782] is not eligible for getting processed by all BeanPostProcessors (for example: not eligible for auto-proxying)
[2018-08-14 13:31:01] [INFO ] [main] in  o.s.c.s.PostProcessorRegistrationDelegate$BeanPostProcessorChecker - Bean 'redisConfig' of type [com.idream.commons.db.redis.RedisConfig$$EnhancerBySpringCGLIB$$1eec5c6e] is not eligible for getting processed by all BeanPostProcessors (for example: not eligible for auto-proxying)
[2018-08-14 13:31:01] [INFO ] [main] in  o.s.c.s.PostProcessorRegistrationDelegate$BeanPostProcessorChecker - Bean 'org.springframework.cache.annotation.ProxyCachingConfiguration' of type [org.springframework.cache.annotation.ProxyCachingConfiguration$$EnhancerBySpringCGLIB$$a5170da0] is not eligible for getting processed by all BeanPostProcessors (for example: not eligible for auto-proxying)
[2018-08-14 13:31:01] [INFO ] [main] in  o.s.c.s.PostProcessorRegistrationDelegate$BeanPostProcessorChecker - Bean 'org.springframework.boot.autoconfigure.cache.CacheAutoConfiguration' of type [org.springframework.boot.autoconfigure.cache.CacheAutoConfiguration$$EnhancerBySpringCGLIB$$998ad244] is not eligible for getting processed by all BeanPostProcessors (for example: not eligible for auto-proxying)
[2018-08-14 13:31:01] [INFO ] [main] in  o.s.c.s.PostProcessorRegistrationDelegate$BeanPostProcessorChecker - Bean 'spelConverter' of type [org.springframework.cloud.stream.config.SpelExpressionConverterConfiguration$SpelConverter] is not eligible for getting processed by all BeanPostProcessors (for example: not eligible for auto-proxying)
[2018-08-14 13:31:01] [INFO ] [main] in  o.s.c.s.PostProcessorRegistrationDelegate$BeanPostProcessorChecker - Bean 'org.springframework.boot.context.properties.ConversionServiceDeducer$Factory' of type [org.springframework.boot.context.properties.ConversionServiceDeducer$Factory] is not eligible for getting processed by all BeanPostProcessors (for example: not eligible for auto-proxying)
[2018-08-14 13:31:01] [INFO ] [main] in  o.s.c.s.PostProcessorRegistrationDelegate$BeanPostProcessorChecker - Bean 'spring.cache-org.springframework.boot.autoconfigure.cache.CacheProperties' of type [org.springframework.boot.autoconfigure.cache.CacheProperties] is not eligible for getting processed by all BeanPostProcessors (for example: not eligible for auto-proxying)
[2018-08-14 13:31:01] [INFO ] [main] in  o.s.c.s.PostProcessorRegistrationDelegate$BeanPostProcessorChecker - Bean 'cacheManagerCustomizers' of type [org.springframework.boot.autoconfigure.cache.CacheManagerCustomizers] is not eligible for getting processed by all BeanPostProcessors (for example: not eligible for auto-proxying)
[2018-08-14 13:31:01] [INFO ] [main] in  o.s.c.s.PostProcessorRegistrationDelegate$BeanPostProcessorChecker - Bean 'org.springframework.boot.autoconfigure.cache.RedisCacheConfiguration' of type [org.springframework.boot.autoconfigure.cache.RedisCacheConfiguration$$EnhancerBySpringCGLIB$$4a1c6e9e] is not eligible for getting processed by all BeanPostProcessors (for example: not eligible for auto-proxying)
[2018-08-14 13:31:01] [INFO ] [main] in  o.s.c.s.PostProcessorRegistrationDelegate$BeanPostProcessorChecker - Bean 'spring.redis-org.springframework.boot.autoconfigure.data.redis.RedisProperties' of type [org.springframework.boot.autoconfigure.data.redis.RedisProperties] is not eligible for getting processed by all BeanPostProcessors (for example: not eligible for auto-proxying)
[2018-08-14 13:31:01] [INFO ] [main] in  o.s.c.s.PostProcessorRegistrationDelegate$BeanPostProcessorChecker - Bean 'org.springframework.boot.autoconfigure.data.redis.JedisConnectionConfiguration' of type [org.springframework.boot.autoconfigure.data.redis.JedisConnectionConfiguration$$EnhancerBySpringCGLIB$$fd408917] is not eligible for getting processed by all BeanPostProcessors (for example: not eligible for auto-proxying)
[2018-08-14 13:31:01] [INFO ] [main] in  o.s.c.s.PostProcessorRegistrationDelegate$BeanPostProcessorChecker - Bean 'redisConnectionFactory' of type [org.springframework.data.redis.connection.jedis.JedisConnectionFactory] is not eligible for getting processed by all BeanPostProcessors (for example: not eligible for auto-proxying)
[2018-08-14 13:31:01] [INFO ] [main] in  o.s.c.s.PostProcessorRegistrationDelegate$BeanPostProcessorChecker - Bean 'cacheManager' of type [org.springframework.data.redis.cache.RedisCacheManager] is not eligible for getting processed by all BeanPostProcessors (for example: not eligible for auto-proxying)
[2018-08-14 13:31:01] [INFO ] [main] in  o.s.c.s.PostProcessorRegistrationDelegate$BeanPostProcessorChecker - Bean 'cacheAutoConfigurationValidator' of type [org.springframework.boot.autoconfigure.cache.CacheAutoConfiguration$CacheManagerValidator] is not eligible for getting processed by all BeanPostProcessors (for example: not eligible for auto-proxying)
[2018-08-14 13:31:01] [INFO ] [main] in  o.s.c.s.PostProcessorRegistrationDelegate$BeanPostProcessorChecker - Bean 'org.springframework.integration.config.IntegrationManagementConfiguration' of type [org.springframework.integration.config.IntegrationManagementConfiguration$$EnhancerBySpringCGLIB$$c6f692b1] is not eligible for getting processed by all BeanPostProcessors (for example: not eligible for auto-proxying)
[2018-08-14 13:31:01] [INFO ] [main] in  o.s.c.s.PostProcessorRegistrationDelegate$BeanPostProcessorChecker - Bean 'org.springframework.cloud.autoconfigure.ConfigurationPropertiesRebinderAutoConfiguration' of type [org.springframework.cloud.autoconfigure.ConfigurationPropertiesRebinderAutoConfiguration$$EnhancerBySpringCGLIB$$781eda7f] is not eligible for getting processed by all BeanPostProcessors (for example: not eligible for auto-proxying)
[2018-08-14 13:31:02] [INFO ] [main] in  o.s.boot.web.embedded.tomcat.TomcatWebServer - Tomcat initialized with port(s): 8201 (http)
[2018-08-14 13:31:02] [INFO ] [main] in  org.apache.coyote.http11.Http11NioProtocol - Initializing ProtocolHandler ["http-nio-8201"]
[2018-08-14 13:31:02] [INFO ] [main] in  org.apache.catalina.core.StandardService - Starting service [Tomcat]
[2018-08-14 13:31:02] [INFO ] [main] in  org.apache.catalina.core.StandardEngine - Starting Servlet Engine: Apache Tomcat/8.5.28
[2018-08-14 13:31:02] [INFO ] [localhost-startStop-1] in  org.apache.catalina.core.AprLifecycleListener - The APR based Apache Tomcat Native library which allows optimal performance in production environments was not found on the java.library.path: [D:\Program Files\Java\jdk1.8.0_171\bin;C:\WINDOWS\Sun\Java\bin;C:\WINDOWS\system32;C:\WINDOWS;C:\Program Files (x86)\Common Files\Oracle\Java\javapath;C:\Program Files (x86)\Intel\Intel(R) Management Engine Components\iCLS\;C:\Program Files\Intel\Intel(R) Management Engine Components\iCLS\;C:\Windows\system32;C:\Windows;C:\Windows\System32\Wbem;C:\Windows\System32\WindowsPowerShell\v1.0\;C:\Program Files (x86)\Intel\Intel(R) Management Engine Components\DAL;C:\Program Files\Intel\Intel(R) Management Engine Components\DAL;C:\Program Files (x86)\Intel\Intel(R) Management Engine Components\IPT;C:\Program Files\Intel\Intel(R) Management Engine Components\IPT;C:\Program Files (x86)\NVIDIA Corporation\PhysX\Common;C:\Program Files\Intel\WiFi\bin\;C:\Program Files\Common Files\Intel\WirelessCommon\;D:\Program Files\Java\jdk1.8.0_171\bin;D:\Program Files\Java\jdk1.8.0_171\jre\bin;C:\Program Files\MySQL\MySQL Utilities 1.6\;D:\Program Files\Java\maven\apache-maven-3.5.3\bin;C:\Program Files\MySQL\MySQL Server 5.7\bin;D:\Program Files\TortoiseSVN\bin;C:\WINDOWS\system32;C:\WINDOWS;C:\WINDOWS\System32\Wbem;C:\WINDOWS\System32\WindowsPowerShell\v1.0\;C:\WINDOWS\System32\OpenSSH\;d:\Program Files\Microsoft VS Code\bin;C:\Program Files\nodejs;C:\Program Files\nodejs\node-global;C:\Users\HZ-DELL\AppData\Local\Microsoft\WindowsApps;C:\Users\HZ-DELL\AppData\Roaming\npm;C:\Users\HZ-DELL\AppData\Local\atom\bin;.]
[2018-08-14 13:31:02] [INFO ] [localhost-startStop-1] in  o.a.c.core.ContainerBase.[Tomcat].[localhost].[/] - Initializing Spring embedded WebApplicationContext
[2018-08-14 13:31:02] [INFO ] [localhost-startStop-1] in  org.springframework.web.context.ContextLoader - Root WebApplicationContext: initialization completed in 4390 ms
[2018-08-14 13:31:02] [WARN ] [localhost-startStop-1] in  com.netflix.config.sources.URLConfigurationSource - No URLs will be polled as dynamic configuration sources.
[2018-08-14 13:31:02] [INFO ] [localhost-startStop-1] in  com.netflix.config.sources.URLConfigurationSource - To enable URLs as dynamic configuration sources, define System property archaius.configurationSource.additionalUrls or make config.properties available on classpath.
[2018-08-14 13:31:02] [INFO ] [localhost-startStop-1] in  com.netflix.config.DynamicPropertyFactory - DynamicPropertyFactory is initialized with configuration sources: com.netflix.config.ConcurrentCompositeConfiguration@602199f2
[2018-08-14 13:31:05] [INFO ] [localhost-startStop-1] in  o.s.scheduling.concurrent.ThreadPoolTaskScheduler - Initializing ExecutorService  'taskScheduler'
[2018-08-14 13:31:06] [INFO ] [localhost-startStop-1] in  o.s.boot.web.servlet.ServletRegistrationBean - Servlet proxyStreamServlet mapped to [/proxy.stream]
[2018-08-14 13:31:06] [INFO ] [localhost-startStop-1] in  o.s.boot.web.servlet.ServletRegistrationBean - Servlet HystrixMetricsStreamServlet mapped to [/hystrix.stream]
[2018-08-14 13:31:06] [INFO ] [localhost-startStop-1] in  o.s.boot.web.servlet.ServletRegistrationBean - Servlet dispatcherServlet mapped to [/]
[2018-08-14 13:31:06] [INFO ] [localhost-startStop-1] in  o.s.boot.web.servlet.ServletRegistrationBean - Servlet zuulServlet mapped to [/zuul/*]
[2018-08-14 13:31:06] [INFO ] [localhost-startStop-1] in  o.s.boot.web.servlet.FilterRegistrationBean - Mapping filter: 'characterEncodingFilter' to: [/*]
[2018-08-14 13:31:06] [INFO ] [localhost-startStop-1] in  o.s.boot.web.servlet.FilterRegistrationBean - Mapping filter: 'hiddenHttpMethodFilter' to: [/*]
[2018-08-14 13:31:06] [INFO ] [localhost-startStop-1] in  o.s.boot.web.servlet.FilterRegistrationBean - Mapping filter: 'httpPutFormContentFilter' to: [/*]
[2018-08-14 13:31:06] [INFO ] [localhost-startStop-1] in  o.s.boot.web.servlet.FilterRegistrationBean - Mapping filter: 'requestContextFilter' to: [/*]
[2018-08-14 13:31:06] [INFO ] [localhost-startStop-1] in  o.s.boot.web.servlet.FilterRegistrationBean - Mapping filter: 'httpTraceFilter' to: [/*]
[2018-08-14 13:31:06] [INFO ] [localhost-startStop-1] in  o.s.boot.web.servlet.FilterRegistrationBean - Mapping filter: 'webMvcMetricsFilter' to: [/*]
[2018-08-14 13:31:06] [INFO ] [localhost-startStop-1] in  o.s.boot.web.servlet.FilterRegistrationBean - Mapping filter: 'corsFilter' to: [/*]
[2018-08-14 13:31:06] [INFO ] [main] in  com.idream.commons.db.redis.RedisConfig - JedisPool注入成功！！
[2018-08-14 13:31:06] [INFO ] [main] in  com.idream.commons.db.redis.RedisConfig - redis地址：redis://:1234567@192.168.32.17:6379/0
[2018-08-14 13:31:07] [INFO ] [main] in  o.s.w.s.m.m.a.RequestMappingHandlerMapping - Mapped "{[/swagger-resources/configuration/ui]}" onto public org.springframework.http.ResponseEntity<springfox.documentation.swagger.web.UiConfiguration> springfox.documentation.swagger.web.ApiResourceController.uiConfiguration()
[2018-08-14 13:31:07] [INFO ] [main] in  o.s.w.s.m.m.a.RequestMappingHandlerMapping - Mapped "{[/swagger-resources]}" onto public org.springframework.http.ResponseEntity<java.util.List<springfox.documentation.swagger.web.SwaggerResource>> springfox.documentation.swagger.web.ApiResourceController.swaggerResources()
[2018-08-14 13:31:07] [INFO ] [main] in  o.s.w.s.m.m.a.RequestMappingHandlerMapping - Mapped "{[/swagger-resources/configuration/security]}" onto public org.springframework.http.ResponseEntity<springfox.documentation.swagger.web.SecurityConfiguration> springfox.documentation.swagger.web.ApiResourceController.securityConfiguration()
[2018-08-14 13:31:07] [INFO ] [main] in  o.s.w.s.m.m.a.RequestMappingHandlerMapping - Mapped "{[/hystrix/{path}]}" onto public java.lang.String org.springframework.cloud.netflix.hystrix.dashboard.HystrixDashboardController.monitor(java.lang.String,org.springframework.ui.Model,org.springframework.web.context.request.WebRequest)
[2018-08-14 13:31:07] [INFO ] [main] in  o.s.w.s.m.m.a.RequestMappingHandlerMapping - Mapped "{[/hystrix]}" onto public java.lang.String org.springframework.cloud.netflix.hystrix.dashboard.HystrixDashboardController.home(org.springframework.ui.Model,org.springframework.web.context.request.WebRequest)
[2018-08-14 13:31:07] [INFO ] [main] in  o.s.w.s.m.m.a.RequestMappingHandlerMapping - Mapped "{[/error]}" onto public org.springframework.http.ResponseEntity<java.util.Map<java.lang.String, java.lang.Object>> org.springframework.boot.autoconfigure.web.servlet.error.BasicErrorController.error(javax.servlet.http.HttpServletRequest)
[2018-08-14 13:31:07] [INFO ] [main] in  o.s.w.s.m.m.a.RequestMappingHandlerMapping - Mapped "{[/error],produces=[text/html]}" onto public org.springframework.web.servlet.ModelAndView org.springframework.boot.autoconfigure.web.servlet.error.BasicErrorController.errorHtml(javax.servlet.http.HttpServletRequest,javax.servlet.http.HttpServletResponse)
[2018-08-14 13:31:07] [INFO ] [main] in  o.s.b.a.e.web.servlet.WebMvcEndpointHandlerMapping - Mapped "{[/actuator/health],methods=[GET],produces=[application/vnd.spring-boot.actuator.v2+json || application/json]}" onto public java.lang.Object org.springframework.boot.actuate.endpoint.web.servlet.AbstractWebMvcEndpointHandlerMapping$OperationHandler.handle(javax.servlet.http.HttpServletRequest,java.util.Map<java.lang.String, java.lang.String>)
[2018-08-14 13:31:07] [INFO ] [main] in  o.s.b.a.e.web.servlet.WebMvcEndpointHandlerMapping - Mapped "{[/actuator/info],methods=[GET],produces=[application/vnd.spring-boot.actuator.v2+json || application/json]}" onto public java.lang.Object org.springframework.boot.actuate.endpoint.web.servlet.AbstractWebMvcEndpointHandlerMapping$OperationHandler.handle(javax.servlet.http.HttpServletRequest,java.util.Map<java.lang.String, java.lang.String>)
[2018-08-14 13:31:07] [INFO ] [main] in  o.s.b.a.e.web.servlet.WebMvcEndpointHandlerMapping - Mapped "{[/actuator],methods=[GET],produces=[application/vnd.spring-boot.actuator.v2+json || application/json]}" onto protected java.util.Map<java.lang.String, java.util.Map<java.lang.String, org.springframework.boot.actuate.endpoint.web.Link>> org.springframework.boot.actuate.endpoint.web.servlet.WebMvcEndpointHandlerMapping.links(javax.servlet.http.HttpServletRequest,javax.servlet.http.HttpServletResponse)
[2018-08-14 13:31:08] [INFO ] [main] in  s.d.s.w.PropertySourcedRequestMappingHandlerMapping - Mapped URL path [/v2/api-docs] onto method [public org.springframework.http.ResponseEntity<springfox.documentation.spring.web.json.Json> springfox.documentation.swagger2.web.Swagger2Controller.getDocumentation(java.lang.String,javax.servlet.http.HttpServletRequest)]
[2018-08-14 13:31:08] [INFO ] [main] in  o.s.ui.freemarker.SpringTemplateLoader - SpringTemplateLoader for FreeMarker: using resource loader [org.springframework.boot.web.servlet.context.AnnotationConfigServletWebServerApplicationContext@6e950bcf: startup date [Tue Aug 14 13:30:57 CST 2018]; parent: org.springframework.context.annotation.AnnotationConfigApplicationContext@3a6bb9bf] and template loader path [classpath:/templates/]
[2018-08-14 13:31:08] [INFO ] [main] in  o.s.w.servlet.view.freemarker.FreeMarkerConfigurer - ClassTemplateLoader for Spring macros added to FreeMarker configuration
[2018-08-14 13:31:08] [WARN ] [main] in  com.netflix.config.sources.URLConfigurationSource - No URLs will be polled as dynamic configuration sources.
[2018-08-14 13:31:08] [INFO ] [main] in  com.netflix.config.sources.URLConfigurationSource - To enable URLs as dynamic configuration sources, define System property archaius.configurationSource.additionalUrls or make config.properties available on classpath.
[2018-08-14 13:31:09] [INFO ] [main] in  o.s.w.s.m.m.a.RequestMappingHandlerAdapter - Looking for @ControllerAdvice: org.springframework.boot.web.servlet.context.AnnotationConfigServletWebServerApplicationContext@6e950bcf: startup date [Tue Aug 14 13:30:57 CST 2018]; parent: org.springframework.context.annotation.AnnotationConfigApplicationContext@3a6bb9bf
[2018-08-14 13:31:09] [INFO ] [main] in  o.s.web.servlet.handler.SimpleUrlHandlerMapping - Mapped URL path [/webjars/**] onto handler of type [class org.springframework.web.servlet.resource.ResourceHttpRequestHandler]
[2018-08-14 13:31:09] [INFO ] [main] in  o.s.web.servlet.handler.SimpleUrlHandlerMapping - Mapped URL path [/**] onto handler of type [class org.springframework.web.servlet.resource.ResourceHttpRequestHandler]
[2018-08-14 13:31:09] [INFO ] [main] in  o.s.web.servlet.handler.SimpleUrlHandlerMapping - Mapped URL path [/**/favicon.ico] onto handler of type [class org.springframework.web.servlet.resource.ResourceHttpRequestHandler]
[2018-08-14 13:31:14] [INFO ] [main] in  o.s.cloud.netflix.zuul.ZuulFilterInitializer - Starting filter initializer
[2018-08-14 13:31:14] [INFO ] [main] in  o.s.integration.channel.DirectChannel - Channel 'gateway-1.springCloudBusInput' has 1 subscriber(s).
[2018-08-14 13:31:14] [INFO ] [main] in  o.s.jmx.export.annotation.AnnotationMBeanExporter - Registering beans for JMX exposure on startup
[2018-08-14 13:31:14] [INFO ] [main] in  o.s.jmx.export.annotation.AnnotationMBeanExporter - Bean with name 'dataSource' has been autodetected for JMX exposure
[2018-08-14 13:31:14] [INFO ] [main] in  o.s.jmx.export.annotation.AnnotationMBeanExporter - Bean with name 'rabbitConnectionFactory' has been autodetected for JMX exposure
[2018-08-14 13:31:14] [INFO ] [main] in  o.s.jmx.export.annotation.AnnotationMBeanExporter - Bean with name 'integrationMbeanExporter' has been autodetected for JMX exposure
[2018-08-14 13:31:14] [INFO ] [main] in  o.s.jmx.export.annotation.AnnotationMBeanExporter - Bean with name 'configurationPropertiesRebinder' has been autodetected for JMX exposure
[2018-08-14 13:31:14] [INFO ] [main] in  o.s.jmx.export.annotation.AnnotationMBeanExporter - Bean with name 'environmentManager' has been autodetected for JMX exposure
[2018-08-14 13:31:14] [INFO ] [main] in  o.s.jmx.export.annotation.AnnotationMBeanExporter - Bean with name 'refreshScope' has been autodetected for JMX exposure
[2018-08-14 13:31:14] [INFO ] [main] in  o.s.jmx.export.annotation.AnnotationMBeanExporter - Located managed bean 'environmentManager': registering with JMX server as MBean [org.springframework.cloud.context.environment:name=environmentManager,type=EnvironmentManager]
[2018-08-14 13:31:14] [INFO ] [main] in  o.s.jmx.export.annotation.AnnotationMBeanExporter - Located managed bean 'refreshScope': registering with JMX server as MBean [org.springframework.cloud.context.scope.refresh:name=refreshScope,type=RefreshScope]
[2018-08-14 13:31:14] [INFO ] [main] in  o.s.jmx.export.annotation.AnnotationMBeanExporter - Located managed bean 'integrationMbeanExporter': registering with JMX server as MBean [org.springframework.integration.monitor:name=integrationMbeanExporter,type=IntegrationMBeanExporter]
[2018-08-14 13:31:14] [INFO ] [main] in  o.s.jmx.export.annotation.AnnotationMBeanExporter - Located managed bean 'configurationPropertiesRebinder': registering with JMX server as MBean [org.springframework.cloud.context.properties:name=configurationPropertiesRebinder,context=6e950bcf,type=ConfigurationPropertiesRebinder]
[2018-08-14 13:31:14] [INFO ] [main] in  o.s.jmx.export.annotation.AnnotationMBeanExporter - Located MBean 'dataSource': registering with JMX server as MBean [com.alibaba.druid.pool:name=dataSource,type=DruidDataSource]
[2018-08-14 13:31:14] [INFO ] [main] in  o.s.jmx.export.annotation.AnnotationMBeanExporter - Located managed bean 'rabbitConnectionFactory': registering with JMX server as MBean [org.springframework.amqp.rabbit.connection:name=rabbitConnectionFactory,type=CachingConnectionFactory]
[2018-08-14 13:31:14] [INFO ] [main] in  o.s.integration.monitor.IntegrationMBeanExporter - Registering beans for JMX exposure on startup
[2018-08-14 13:31:14] [INFO ] [main] in  o.s.integration.monitor.IntegrationMBeanExporter - Registering MessageChannel springCloudBusOutput
[2018-08-14 13:31:14] [INFO ] [main] in  o.s.integration.monitor.IntegrationMBeanExporter - Located managed bean 'org.springframework.integration:type=MessageChannel,name=springCloudBusOutput': registering with JMX server as MBean [org.springframework.integration:type=MessageChannel,name=springCloudBusOutput]
[2018-08-14 13:31:14] [INFO ] [main] in  o.s.integration.monitor.IntegrationMBeanExporter - Registering MessageChannel userRequestRecordOutput
[2018-08-14 13:31:14] [INFO ] [main] in  o.s.integration.monitor.IntegrationMBeanExporter - Located managed bean 'org.springframework.integration:type=MessageChannel,name=userRequestRecordOutput': registering with JMX server as MBean [org.springframework.integration:type=MessageChannel,name=userRequestRecordOutput]
[2018-08-14 13:31:14] [INFO ] [main] in  o.s.integration.monitor.IntegrationMBeanExporter - Registering MessageChannel nullChannel
[2018-08-14 13:31:14] [INFO ] [main] in  o.s.integration.monitor.IntegrationMBeanExporter - Located managed bean 'org.springframework.integration:type=MessageChannel,name=nullChannel': registering with JMX server as MBean [org.springframework.integration:type=MessageChannel,name=nullChannel]
[2018-08-14 13:31:14] [INFO ] [main] in  o.s.integration.monitor.IntegrationMBeanExporter - Registering MessageChannel errorChannel
[2018-08-14 13:31:14] [INFO ] [main] in  o.s.integration.monitor.IntegrationMBeanExporter - Located managed bean 'org.springframework.integration:type=MessageChannel,name=errorChannel': registering with JMX server as MBean [org.springframework.integration:type=MessageChannel,name=errorChannel]
[2018-08-14 13:31:14] [INFO ] [main] in  o.s.integration.monitor.IntegrationMBeanExporter - Registering MessageChannel springCloudBusInput
[2018-08-14 13:31:14] [INFO ] [main] in  o.s.integration.monitor.IntegrationMBeanExporter - Located managed bean 'org.springframework.integration:type=MessageChannel,name=springCloudBusInput': registering with JMX server as MBean [org.springframework.integration:type=MessageChannel,name=springCloudBusInput]
[2018-08-14 13:31:14] [INFO ] [main] in  o.s.integration.monitor.IntegrationMBeanExporter - Registering MessageHandler org.springframework.cloud.stream.binding.StreamListenerMessageHandler@5a8b42a3
[2018-08-14 13:31:14] [INFO ] [main] in  o.s.integration.monitor.IntegrationMBeanExporter - Located managed bean 'org.springframework.integration:type=MessageHandler,name=org.springframework.cloud.stream.binding.StreamListenerMessageHandler@5a8b42a3,bean=handler': registering with JMX server as MBean [org.springframework.integration:type=MessageHandler,name=org.springframework.cloud.stream.binding.StreamListenerMessageHandler@5a8b42a3,bean=handler]
[2018-08-14 13:31:14] [INFO ] [main] in  o.s.integration.monitor.IntegrationMBeanExporter - Registering MessageHandler errorLogger
[2018-08-14 13:31:14] [INFO ] [main] in  o.s.integration.monitor.IntegrationMBeanExporter - Located managed bean 'org.springframework.integration:type=MessageHandler,name=errorLogger,bean=internal': registering with JMX server as MBean [org.springframework.integration:type=MessageHandler,name=errorLogger,bean=internal]
[2018-08-14 13:31:14] [INFO ] [main] in  o.s.context.support.DefaultLifecycleProcessor - Starting beans in phase -2147482648
[2018-08-14 13:31:15] [INFO ] [main] in  o.s.c.c.client.ConfigServicePropertySourceLocator - Fetching config from server at: http://localhost:8101
[2018-08-14 13:31:15] [INFO ] [main] in  o.s.c.c.client.ConfigServicePropertySourceLocator - Located environment: name=gateway, profiles=[dev], label=master, version=332d299a82424fb907a50cb1234a240f709c099d, state=null
[2018-08-14 13:31:15] [INFO ] [main] in  o.s.c.b.c.PropertySourceBootstrapConfiguration - Located property source: CompositePropertySource {name='configService', propertySources=[MapPropertySource {name='configClient'}, MapPropertySource {name='http://192.168.37.128/idream/cloud-config.git/conf/gateway-dev.properties'}]}
[2018-08-14 13:31:15] [INFO ] [main] in  o.s.c.a.AnnotationConfigApplicationContext - Refreshing org.springframework.context.annotation.AnnotationConfigApplicationContext@5ffd35dd: startup date [Tue Aug 14 13:31:15 CST 2018]; parent: org.springframework.boot.web.servlet.context.AnnotationConfigServletWebServerApplicationContext@6e950bcf
[2018-08-14 13:31:15] [INFO ] [main] in  o.s.b.f.a.AutowiredAnnotationBeanPostProcessor - JSR-330 'javax.inject.Inject' annotation found and supported for autowiring
[2018-08-14 13:31:15] [INFO ] [main] in  o.s.context.support.GenericApplicationContext - Refreshing org.springframework.context.support.GenericApplicationContext@626df173: startup date [Tue Aug 14 13:31:15 CST 2018]; root of context hierarchy
[2018-08-14 13:31:15] [INFO ] [main] in  o.s.cloud.netflix.eureka.InstanceInfoFactory - Setting initial instance status as: STARTING
[2018-08-14 13:31:15] [INFO ] [main] in  com.netflix.discovery.DiscoveryClient - Initializing Eureka in region us-east-1
[2018-08-14 13:31:16] [INFO ] [main] in  c.n.discovery.provider.DiscoveryJerseyProvider - Using JSON encoding codec LegacyJacksonJson
[2018-08-14 13:31:16] [INFO ] [main] in  c.n.discovery.provider.DiscoveryJerseyProvider - Using JSON decoding codec LegacyJacksonJson
[2018-08-14 13:31:16] [INFO ] [main] in  c.n.discovery.provider.DiscoveryJerseyProvider - Using XML encoding codec XStreamXml
[2018-08-14 13:31:16] [INFO ] [main] in  c.n.discovery.provider.DiscoveryJerseyProvider - Using XML decoding codec XStreamXml
[2018-08-14 13:31:16] [INFO ] [main] in  c.n.d.shared.resolver.aws.ConfigClusterResolver - Resolving eureka endpoints via configuration
[2018-08-14 13:31:16] [INFO ] [main] in  com.netflix.discovery.DiscoveryClient - Disable delta property : false
[2018-08-14 13:31:16] [INFO ] [main] in  com.netflix.discovery.DiscoveryClient - Single vip registry refresh property : null
[2018-08-14 13:31:16] [INFO ] [main] in  com.netflix.discovery.DiscoveryClient - Force full registry fetch : false
[2018-08-14 13:31:16] [INFO ] [main] in  com.netflix.discovery.DiscoveryClient - Application is null : false
[2018-08-14 13:31:16] [INFO ] [main] in  com.netflix.discovery.DiscoveryClient - Registered Applications size is zero : true
[2018-08-14 13:31:16] [INFO ] [main] in  com.netflix.discovery.DiscoveryClient - Application version is -1: true
[2018-08-14 13:31:16] [INFO ] [main] in  com.netflix.discovery.DiscoveryClient - Getting all instance registry info from the eureka server
[2018-08-14 13:31:16] [INFO ] [main] in  com.netflix.discovery.DiscoveryClient - The response status is 200
[2018-08-14 13:31:16] [INFO ] [main] in  com.netflix.discovery.DiscoveryClient - Starting heartbeat executor: renew interval is: 30
[2018-08-14 13:31:16] [INFO ] [main] in  com.netflix.discovery.InstanceInfoReplicator - InstanceInfoReplicator onDemand update allowed rate per min is 4
[2018-08-14 13:31:16] [INFO ] [main] in  com.netflix.discovery.DiscoveryClient - Discovery Client initialized at timestamp 1534224676612 with initial instances count: 1
[2018-08-14 13:31:16] [INFO ] [main] in  o.s.a.rabbit.connection.CachingConnectionFactory - Attempting to connect to: [192.168.37.99:5672]
[2018-08-14 13:31:16] [INFO ] [main] in  o.s.a.rabbit.connection.CachingConnectionFactory - Created new connection: rabbitConnectionFactory#a052d88:0/SimpleConnection@53da2aec [delegate=amqp://admin@192.168.37.99:5672/, localPort= 56867]
[2018-08-14 13:31:16] [INFO ] [main] in  o.s.integration.channel.DirectChannel - Channel 'gateway-1.userRequestRecordOutput' has 1 subscriber(s).
[2018-08-14 13:31:16] [INFO ] [main] in  o.s.integration.channel.DirectChannel - Channel 'gateway-1.springCloudBusOutput' has 1 subscriber(s).
[2018-08-14 13:31:16] [INFO ] [main] in  o.s.context.support.DefaultLifecycleProcessor - Starting beans in phase 0
[2018-08-14 13:31:16] [INFO ] [main] in  o.s.c.n.e.serviceregistry.EurekaServiceRegistry - Registering application gateway with eureka with status UP
[2018-08-14 13:31:16] [INFO ] [main] in  com.netflix.discovery.DiscoveryClient - Saw local status change event StatusChangeEvent [timestamp=1534224676878, current=UP, previous=STARTING]
[2018-08-14 13:31:16] [INFO ] [DiscoveryClient-InstanceInfoReplicator-0] in  com.netflix.discovery.DiscoveryClient - DiscoveryClient_GATEWAY/DESKTOP-PTVTC68:gateway:8201: registering service...
[2018-08-14 13:31:16] [INFO ] [main] in  o.s.integration.endpoint.EventDrivenConsumer - Adding {logging-channel-adapter:_org.springframework.integration.errorLogger} as a subscriber to the 'errorChannel' channel
[2018-08-14 13:31:16] [INFO ] [main] in  o.s.integration.channel.PublishSubscribeChannel - Channel 'gateway-1.errorChannel' has 1 subscriber(s).
[2018-08-14 13:31:16] [INFO ] [main] in  o.s.integration.endpoint.EventDrivenConsumer - started _org.springframework.integration.errorLogger
[2018-08-14 13:31:16] [INFO ] [main] in  o.s.context.support.DefaultLifecycleProcessor - Starting beans in phase 2147482647
[2018-08-14 13:31:16] [INFO ] [main] in  o.s.c.s.b.r.p.RabbitExchangeQueueProvisioner - declaring queue for inbound: springCloudBus.anonymous.x4lhsB3gTlqjc7kFUsPzpA, bound to: springCloudBus
[2018-08-14 13:31:16] [INFO ] [DiscoveryClient-InstanceInfoReplicator-0] in  com.netflix.discovery.DiscoveryClient - DiscoveryClient_GATEWAY/DESKTOP-PTVTC68:gateway:8201 - registration status: 204
[2018-08-14 13:31:16] [INFO ] [main] in  o.s.cloud.stream.binder.BinderErrorChannel - Channel 'gateway-1-1.springCloudBus.anonymous.x4lhsB3gTlqjc7kFUsPzpA.errors' has 1 subscriber(s).
[2018-08-14 13:31:16] [INFO ] [main] in  o.s.cloud.stream.binder.BinderErrorChannel - Channel 'gateway-1-1.springCloudBus.anonymous.x4lhsB3gTlqjc7kFUsPzpA.errors' has 2 subscriber(s).
[2018-08-14 13:31:16] [INFO ] [main] in  o.s.i.amqp.inbound.AmqpInboundChannelAdapter - started inbound.springCloudBus.anonymous.x4lhsB3gTlqjc7kFUsPzpA
[2018-08-14 13:31:16] [INFO ] [main] in  o.s.context.support.DefaultLifecycleProcessor - Starting beans in phase 2147483647
[2018-08-14 13:31:16] [INFO ] [main] in  s.d.s.web.plugins.DocumentationPluginsBootstrapper - Context refreshed
[2018-08-14 13:31:17] [INFO ] [main] in  s.d.s.web.plugins.DocumentationPluginsBootstrapper - Found 1 custom documentation plugin(s)
[2018-08-14 13:31:17] [INFO ] [main] in  s.d.spring.web.scanners.ApiListingReferenceScanner - Scanning for api listing references
[2018-08-14 13:31:17] [INFO ] [main] in  org.apache.coyote.http11.Http11NioProtocol - Starting ProtocolHandler ["http-nio-8201"]
[2018-08-14 13:31:17] [INFO ] [main] in  org.apache.tomcat.util.net.NioSelectorPool - Using a shared selector for servlet write/read
[2018-08-14 13:31:17] [INFO ] [main] in  o.s.boot.web.embedded.tomcat.TomcatWebServer - Tomcat started on port(s): 8201 (http) with context path ''
[2018-08-14 13:31:17] [INFO ] [main] in  o.s.c.n.e.s.EurekaAutoServiceRegistration - Updating port to 8201
[2018-08-14 13:31:17] [INFO ] [main] in  com.idream.GatewayApplication - Started GatewayApplication in 22.284 seconds (JVM running for 23.478)
[2018-08-14 13:31:18] [INFO ] [RMI TCP Connection(7)-127.0.0.1] in  o.a.c.core.ContainerBase.[Tomcat].[localhost].[/] - Initializing Spring FrameworkServlet 'dispatcherServlet'
[2018-08-14 13:31:18] [INFO ] [RMI TCP Connection(7)-127.0.0.1] in  org.springframework.web.servlet.DispatcherServlet - FrameworkServlet 'dispatcherServlet': initialization started
[2018-08-14 13:31:18] [INFO ] [RMI TCP Connection(7)-127.0.0.1] in  org.springframework.web.servlet.DispatcherServlet - FrameworkServlet 'dispatcherServlet': initialization completed in 81 ms
[2018-08-14 13:31:18] [INFO ] [RMI TCP Connection(8)-127.0.0.1] in  com.alibaba.druid.pool.DruidDataSource - {dataSource-1} inited
[2018-08-14 13:31:20] [WARN ] [RMI TCP Connection(8)-127.0.0.1] in  o.s.boot.actuate.redis.RedisHealthIndicator - Redis health check failed
org.springframework.data.redis.RedisConnectionFailureException: Cannot get Jedis connection; nested exception is redis.clients.jedis.exceptions.JedisConnectionException: java.net.ConnectException: Connection refused: connect
	at org.springframework.data.redis.connection.jedis.JedisConnectionFactory.fetchJedisConnector(JedisConnectionFactory.java:286)
	at org.springframework.data.redis.connection.jedis.JedisConnectionFactory.getConnection(JedisConnectionFactory.java:469)
	at org.springframework.data.redis.core.RedisConnectionUtils.doGetConnection(RedisConnectionUtils.java:132)
	at org.springframework.data.redis.core.RedisConnectionUtils.getConnection(RedisConnectionUtils.java:95)
	at org.springframework.data.redis.core.RedisConnectionUtils.getConnection(RedisConnectionUtils.java:82)
	at org.springframework.boot.actuate.redis.RedisHealthIndicator.doHealthCheck(RedisHealthIndicator.java:56)
	at org.springframework.boot.actuate.health.AbstractHealthIndicator.health(AbstractHealthIndicator.java:84)
	at org.springframework.boot.actuate.health.CompositeHealthIndicator.health(CompositeHealthIndicator.java:68)
	at org.springframework.boot.actuate.health.HealthEndpoint.health(HealthEndpoint.java:47)
	at sun.reflect.NativeMethodAccessorImpl.invoke0(Native Method)
	at sun.reflect.NativeMethodAccessorImpl.invoke(NativeMethodAccessorImpl.java:62)
	at sun.reflect.DelegatingMethodAccessorImpl.invoke(DelegatingMethodAccessorImpl.java:43)
	at java.lang.reflect.Method.invoke(Method.java:498)
	at org.springframework.util.ReflectionUtils.invokeMethod(ReflectionUtils.java:223)
	at org.springframework.boot.actuate.endpoint.invoke.reflect.ReflectiveOperationInvoker.invoke(ReflectiveOperationInvoker.java:76)
	at org.springframework.boot.actuate.endpoint.annotation.AbstractDiscoveredOperation.invoke(AbstractDiscoveredOperation.java:61)
	at org.springframework.boot.actuate.endpoint.jmx.EndpointMBean.invoke(EndpointMBean.java:102)
	at org.springframework.boot.actuate.endpoint.jmx.EndpointMBean.invoke(EndpointMBean.java:93)
	at com.sun.jmx.interceptor.DefaultMBeanServerInterceptor.invoke(DefaultMBeanServerInterceptor.java:819)
	at com.sun.jmx.mbeanserver.JmxMBeanServer.invoke(JmxMBeanServer.java:801)
	at javax.management.remote.rmi.RMIConnectionImpl.doOperation(RMIConnectionImpl.java:1468)
	at javax.management.remote.rmi.RMIConnectionImpl.access$300(RMIConnectionImpl.java:76)
	at javax.management.remote.rmi.RMIConnectionImpl$PrivilegedOperation.run(RMIConnectionImpl.java:1309)
	at javax.management.remote.rmi.RMIConnectionImpl.doPrivilegedOperation(RMIConnectionImpl.java:1401)
	at javax.management.remote.rmi.RMIConnectionImpl.invoke(RMIConnectionImpl.java:829)
	at sun.reflect.GeneratedMethodAccessor137.invoke(Unknown Source)
	at sun.reflect.DelegatingMethodAccessorImpl.invoke(DelegatingMethodAccessorImpl.java:43)
	at java.lang.reflect.Method.invoke(Method.java:498)
	at sun.rmi.server.UnicastServerRef.dispatch(UnicastServerRef.java:357)
	at sun.rmi.transport.Transport$1.run(Transport.java:200)
	at sun.rmi.transport.Transport$1.run(Transport.java:197)
	at java.security.AccessController.doPrivileged(Native Method)
	at sun.rmi.transport.Transport.serviceCall(Transport.java:196)
	at sun.rmi.transport.tcp.TCPTransport.handleMessages(TCPTransport.java:573)
	at sun.rmi.transport.tcp.TCPTransport$ConnectionHandler.run0(TCPTransport.java:835)
	at sun.rmi.transport.tcp.TCPTransport$ConnectionHandler.lambda$run$0(TCPTransport.java:688)
	at java.security.AccessController.doPrivileged(Native Method)
	at sun.rmi.transport.tcp.TCPTransport$ConnectionHandler.run(TCPTransport.java:687)
	at java.util.concurrent.ThreadPoolExecutor.runWorker(ThreadPoolExecutor.java:1149)
	at java.util.concurrent.ThreadPoolExecutor$Worker.run(ThreadPoolExecutor.java:624)
	at java.lang.Thread.run(Thread.java:748)
Caused by: redis.clients.jedis.exceptions.JedisConnectionException: java.net.ConnectException: Connection refused: connect
	at redis.clients.jedis.Connection.connect(Connection.java:207)
	at redis.clients.jedis.BinaryClient.connect(BinaryClient.java:93)
	at redis.clients.jedis.BinaryJedis.connect(BinaryJedis.java:1767)
	at org.springframework.data.redis.connection.jedis.JedisConnectionFactory.fetchJedisConnector(JedisConnectionFactory.java:281)
	... 40 common frames omitted
Caused by: java.net.ConnectException: Connection refused: connect
	at java.net.DualStackPlainSocketImpl.connect0(Native Method)
	at java.net.DualStackPlainSocketImpl.socketConnect(DualStackPlainSocketImpl.java:79)
	at java.net.AbstractPlainSocketImpl.doConnect(AbstractPlainSocketImpl.java:350)
	at java.net.AbstractPlainSocketImpl.connectToAddress(AbstractPlainSocketImpl.java:206)
	at java.net.AbstractPlainSocketImpl.connect(AbstractPlainSocketImpl.java:188)
	at java.net.PlainSocketImpl.connect(PlainSocketImpl.java:172)
	at java.net.SocksSocketImpl.connect(SocksSocketImpl.java:392)
	at java.net.Socket.connect(Socket.java:589)
	at redis.clients.jedis.Connection.connect(Connection.java:184)
	... 43 common frames omitted
[2018-08-14 13:31:20] [INFO ] [RMI TCP Connection(8)-127.0.0.1] in  o.s.c.c.client.ConfigServicePropertySourceLocator - Fetching config from server at: http://localhost:8101
[2018-08-14 13:31:20] [INFO ] [RMI TCP Connection(8)-127.0.0.1] in  o.s.c.c.client.ConfigServicePropertySourceLocator - Located environment: name=gateway, profiles=[dev], label=master, version=332d299a82424fb907a50cb1234a240f709c099d, state=null
[2018-08-14 13:31:48] [INFO ] [http-nio-8201-exec-1] in  o.s.cloud.netflix.zuul.web.ZuulHandlerMapping - Mapped URL path [/config-server/**] onto handler of type [class org.springframework.cloud.netflix.zuul.web.ZuulController]
[2018-08-14 13:31:48] [INFO ] [http-nio-8201-exec-1] in  o.s.cloud.netflix.zuul.web.ZuulHandlerMapping - Mapped URL path [/service-user/**] onto handler of type [class org.springframework.cloud.netflix.zuul.web.ZuulController]
[2018-08-14 13:31:48] [INFO ] [http-nio-8201-exec-3] in  o.s.c.a.AnnotationConfigApplicationContext - Refreshing SpringClientFactory-service-user: startup date [Tue Aug 14 13:31:48 CST 2018]; parent: org.springframework.boot.web.servlet.context.AnnotationConfigServletWebServerApplicationContext@6e950bcf
[2018-08-14 13:31:48] [INFO ] [http-nio-8201-exec-3] in  o.s.b.f.a.AutowiredAnnotationBeanPostProcessor - JSR-330 'javax.inject.Inject' annotation found and supported for autowiring
[2018-08-14 13:31:49] [INFO ] [http-nio-8201-exec-3] in  com.netflix.config.ChainedDynamicProperty - Flipping property: service-user.ribbon.ActiveConnectionsLimit to use NEXT property: niws.loadbalancer.availabilityFilteringRule.activeConnectionsLimit = 2147483647
[2018-08-14 13:31:49] [INFO ] [http-nio-8201-exec-3] in  com.netflix.util.concurrent.ShutdownEnabledTimer - Shutdown hook installed for: NFLoadBalancer-PingTimer-service-user
[2018-08-14 13:31:49] [INFO ] [http-nio-8201-exec-3] in  com.netflix.loadbalancer.BaseLoadBalancer - Client: service-user instantiated a LoadBalancer: DynamicServerListLoadBalancer:{NFLoadBalancer:name=service-user,current list of Servers=[],Load balancer stats=Zone stats: {},Server stats: []}ServerList:null
[2018-08-14 13:31:49] [INFO ] [http-nio-8201-exec-3] in  c.n.loadbalancer.DynamicServerListLoadBalancer - Using serverListUpdater PollingServerListUpdater
[2018-08-14 13:31:49] [INFO ] [http-nio-8201-exec-3] in  com.netflix.config.ChainedDynamicProperty - Flipping property: service-user.ribbon.ActiveConnectionsLimit to use NEXT property: niws.loadbalancer.availabilityFilteringRule.activeConnectionsLimit = 2147483647
[2018-08-14 13:31:49] [INFO ] [http-nio-8201-exec-3] in  c.n.loadbalancer.DynamicServerListLoadBalancer - DynamicServerListLoadBalancer for client service-user initialized: DynamicServerListLoadBalancer:{NFLoadBalancer:name=service-user,current list of Servers=[DESKTOP-PTVTC68:8301],Load balancer stats=Zone stats: {defaultzone=[Zone:defaultzone;	Instance count:1;	Active connections count: 0;	Circuit breaker tripped count: 0;	Active connections per server: 0.0;]
},Server stats: [[Server:DESKTOP-PTVTC68:8301;	Zone:defaultZone;	Total Requests:0;	Successive connection failure:0;	Total blackout seconds:0;	Last connection made:Thu Jan 01 08:00:00 CST 1970;	First connection made: Thu Jan 01 08:00:00 CST 1970;	Active Connections:0;	total failure count in last (1000) msecs:0;	average resp time:0.0;	90 percentile resp time:0.0;	95 percentile resp time:0.0;	min resp time:0.0;	max resp time:0.0;	stddev resp time:0.0]
]}ServerList:org.springframework.cloud.netflix.ribbon.eureka.DomainExtractingServerList@7eb7e952
[2018-08-14 13:31:50] [INFO ] [PollingServerListUpdater-0] in  com.netflix.config.ChainedDynamicProperty - Flipping property: service-user.ribbon.ActiveConnectionsLimit to use NEXT property: niws.loadbalancer.availabilityFilteringRule.activeConnectionsLimit = 2147483647
[2018-08-14 13:31:50] [INFO ] [http-nio-8201-exec-3] in  o.s.a.rabbit.connection.CachingConnectionFactory - Attempting to connect to: [192.168.37.99:5672]
[2018-08-14 13:31:50] [INFO ] [http-nio-8201-exec-3] in  o.s.a.rabbit.connection.CachingConnectionFactory - Created new connection: rabbitConnectionFactory.publisher#7cd81dac:0/SimpleConnection@275fafc6 [delegate=amqp://admin@192.168.37.99:5672/, localPort= 57085]
[2018-08-14 13:31:50] [INFO ] [http-nio-8201-exec-3] in  org.springframework.amqp.rabbit.core.RabbitAdmin - Auto-declaring a non-durable, auto-delete, or exclusive Queue (springCloudBus.anonymous.x4lhsB3gTlqjc7kFUsPzpA) durable:false, auto-delete:true, exclusive:true. It will be redeclared if the broker stops and is restarted while the connection factory is alive, but all messages will be lost.
[2018-08-14 13:32:35] [ERROR] [http-nio-8201-exec-4] in  com.idream.commons.db.token.JWTTokenService - 获取redis token信息失败！
[2018-08-14 13:32:41] [ERROR] [http-nio-8201-exec-5] in  com.idream.commons.db.token.JWTTokenService - 获取redis token信息失败！
[2018-08-14 13:36:16] [INFO ] [AsyncResolver-bootstrap-executor-0] in  c.n.d.shared.resolver.aws.ConfigClusterResolver - Resolving eureka endpoints via configuration
[2018-08-14 13:41:16] [INFO ] [AsyncResolver-bootstrap-executor-0] in  c.n.d.shared.resolver.aws.ConfigClusterResolver - Resolving eureka endpoints via configuration
[2018-08-14 13:46:16] [INFO ] [AsyncResolver-bootstrap-executor-0] in  c.n.d.shared.resolver.aws.ConfigClusterResolver - Resolving eureka endpoints via configuration
[2018-08-14 13:51:16] [INFO ] [AsyncResolver-bootstrap-executor-0] in  c.n.d.shared.resolver.aws.ConfigClusterResolver - Resolving eureka endpoints via configuration
[2018-08-14 13:56:16] [INFO ] [AsyncResolver-bootstrap-executor-0] in  c.n.d.shared.resolver.aws.ConfigClusterResolver - Resolving eureka endpoints via configuration
[2018-08-14 14:01:16] [INFO ] [AsyncResolver-bootstrap-executor-0] in  c.n.d.shared.resolver.aws.ConfigClusterResolver - Resolving eureka endpoints via configuration
[2018-08-14 14:06:16] [INFO ] [AsyncResolver-bootstrap-executor-0] in  c.n.d.shared.resolver.aws.ConfigClusterResolver - Resolving eureka endpoints via configuration
[2018-08-14 14:11:16] [INFO ] [AsyncResolver-bootstrap-executor-0] in  c.n.d.shared.resolver.aws.ConfigClusterResolver - Resolving eureka endpoints via configuration
[2018-08-14 14:16:16] [INFO ] [AsyncResolver-bootstrap-executor-0] in  c.n.d.shared.resolver.aws.ConfigClusterResolver - Resolving eureka endpoints via configuration
[2018-08-14 14:21:16] [INFO ] [AsyncResolver-bootstrap-executor-0] in  c.n.d.shared.resolver.aws.ConfigClusterResolver - Resolving eureka endpoints via configuration
[2018-08-14 14:26:16] [INFO ] [AsyncResolver-bootstrap-executor-0] in  c.n.d.shared.resolver.aws.ConfigClusterResolver - Resolving eureka endpoints via configuration
[2018-08-14 14:26:17] [INFO ] [DiscoveryClient-HeartbeatExecutor-0] in  org.apache.http.impl.client.DefaultHttpClient - I/O exception (java.net.BindException) caught when connecting to {}->http://peer1:8103: Address already in use: connect
[2018-08-14 14:26:17] [INFO ] [DiscoveryClient-HeartbeatExecutor-0] in  org.apache.http.impl.client.DefaultHttpClient - Retrying connect to {}->http://peer1:8103
[2018-08-14 14:30:17] [INFO ] [DiscoveryClient-HeartbeatExecutor-0] in  org.apache.http.impl.client.DefaultHttpClient - I/O exception (java.net.BindException) caught when connecting to {}->http://peer1:8103: Address already in use: connect
[2018-08-14 14:30:17] [INFO ] [DiscoveryClient-HeartbeatExecutor-0] in  org.apache.http.impl.client.DefaultHttpClient - Retrying connect to {}->http://peer1:8103
[2018-08-14 14:31:16] [INFO ] [AsyncResolver-bootstrap-executor-0] in  c.n.d.shared.resolver.aws.ConfigClusterResolver - Resolving eureka endpoints via configuration
[2018-08-14 14:31:47] [INFO ] [DiscoveryClient-HeartbeatExecutor-0] in  org.apache.http.impl.client.DefaultHttpClient - I/O exception (java.net.BindException) caught when connecting to {}->http://peer1:8103: Address already in use: connect
[2018-08-14 14:31:47] [INFO ] [DiscoveryClient-HeartbeatExecutor-0] in  org.apache.http.impl.client.DefaultHttpClient - Retrying connect to {}->http://peer1:8103
[2018-08-14 14:33:47] [INFO ] [DiscoveryClient-HeartbeatExecutor-0] in  org.apache.http.impl.client.DefaultHttpClient - I/O exception (java.net.BindException) caught when connecting to {}->http://peer1:8103: Address already in use: connect
[2018-08-14 14:33:47] [INFO ] [DiscoveryClient-HeartbeatExecutor-0] in  org.apache.http.impl.client.DefaultHttpClient - Retrying connect to {}->http://peer1:8103
[2018-08-14 14:34:17] [INFO ] [DiscoveryClient-HeartbeatExecutor-0] in  org.apache.http.impl.client.DefaultHttpClient - I/O exception (java.net.BindException) caught when connecting to {}->http://peer1:8103: Address already in use: connect
[2018-08-14 14:34:17] [INFO ] [DiscoveryClient-HeartbeatExecutor-0] in  org.apache.http.impl.client.DefaultHttpClient - Retrying connect to {}->http://peer1:8103
[2018-08-14 14:36:16] [INFO ] [AsyncResolver-bootstrap-executor-0] in  c.n.d.shared.resolver.aws.ConfigClusterResolver - Resolving eureka endpoints via configuration
[2018-08-14 14:41:16] [INFO ] [AsyncResolver-bootstrap-executor-0] in  c.n.d.shared.resolver.aws.ConfigClusterResolver - Resolving eureka endpoints via configuration
[2018-08-14 14:41:17] [INFO ] [DiscoveryClient-HeartbeatExecutor-0] in  org.apache.http.impl.client.DefaultHttpClient - I/O exception (java.net.BindException) caught when connecting to {}->http://peer1:8103: Address already in use: connect
[2018-08-14 14:41:17] [INFO ] [DiscoveryClient-HeartbeatExecutor-0] in  org.apache.http.impl.client.DefaultHttpClient - Retrying connect to {}->http://peer1:8103
[2018-08-14 14:45:17] [INFO ] [DiscoveryClient-HeartbeatExecutor-0] in  org.apache.http.impl.client.DefaultHttpClient - I/O exception (java.net.BindException) caught when connecting to {}->http://peer1:8103: Address already in use: connect
[2018-08-14 14:45:17] [INFO ] [DiscoveryClient-HeartbeatExecutor-0] in  org.apache.http.impl.client.DefaultHttpClient - Retrying connect to {}->http://peer1:8103
[2018-08-14 14:46:16] [INFO ] [AsyncResolver-bootstrap-executor-0] in  c.n.d.shared.resolver.aws.ConfigClusterResolver - Resolving eureka endpoints via configuration
[2018-08-14 14:46:47] [INFO ] [DiscoveryClient-HeartbeatExecutor-0] in  org.apache.http.impl.client.DefaultHttpClient - I/O exception (java.net.BindException) caught when connecting to {}->http://peer1:8103: Address already in use: connect
[2018-08-14 14:46:47] [INFO ] [DiscoveryClient-HeartbeatExecutor-0] in  org.apache.http.impl.client.DefaultHttpClient - Retrying connect to {}->http://peer1:8103
[2018-08-14 14:47:17] [INFO ] [DiscoveryClient-HeartbeatExecutor-0] in  org.apache.http.impl.client.DefaultHttpClient - I/O exception (java.net.BindException) caught when connecting to {}->http://peer1:8103: Address already in use: connect
[2018-08-14 14:47:17] [INFO ] [DiscoveryClient-HeartbeatExecutor-0] in  org.apache.http.impl.client.DefaultHttpClient - Retrying connect to {}->http://peer1:8103
[2018-08-14 14:51:16] [INFO ] [AsyncResolver-bootstrap-executor-0] in  c.n.d.shared.resolver.aws.ConfigClusterResolver - Resolving eureka endpoints via configuration
[2018-08-14 14:53:46] [INFO ] [DiscoveryClient-CacheRefreshExecutor-0] in  org.apache.http.impl.client.DefaultHttpClient - I/O exception (java.net.BindException) caught when connecting to {}->http://peer1:8103: Address already in use: connect
[2018-08-14 14:53:46] [INFO ] [DiscoveryClient-CacheRefreshExecutor-0] in  org.apache.http.impl.client.DefaultHttpClient - Retrying connect to {}->http://peer1:8103
[2018-08-14 14:56:16] [INFO ] [AsyncResolver-bootstrap-executor-0] in  c.n.d.shared.resolver.aws.ConfigClusterResolver - Resolving eureka endpoints via configuration
[2018-08-14 14:58:46] [INFO ] [DiscoveryClient-CacheRefreshExecutor-0] in  org.apache.http.impl.client.DefaultHttpClient - I/O exception (java.net.BindException) caught when connecting to {}->http://peer1:8103: Address already in use: connect
[2018-08-14 14:58:46] [INFO ] [DiscoveryClient-CacheRefreshExecutor-0] in  org.apache.http.impl.client.DefaultHttpClient - Retrying connect to {}->http://peer1:8103
[2018-08-14 14:58:46] [INFO ] [DiscoveryClient-CacheRefreshExecutor-0] in  org.apache.http.impl.client.DefaultHttpClient - I/O exception (java.net.BindException) caught when connecting to {}->http://peer1:8103: Address already in use: connect
[2018-08-14 14:58:46] [INFO ] [DiscoveryClient-CacheRefreshExecutor-0] in  org.apache.http.impl.client.DefaultHttpClient - Retrying connect to {}->http://peer1:8103
[2018-08-14 15:01:16] [INFO ] [AsyncResolver-bootstrap-executor-0] in  c.n.d.shared.resolver.aws.ConfigClusterResolver - Resolving eureka endpoints via configuration
[2018-08-14 15:01:47] [INFO ] [DiscoveryClient-CacheRefreshExecutor-0] in  org.apache.http.impl.client.DefaultHttpClient - I/O exception (java.net.BindException) caught when connecting to {}->http://peer1:8103: Address already in use: connect
[2018-08-14 15:01:47] [INFO ] [DiscoveryClient-CacheRefreshExecutor-0] in  org.apache.http.impl.client.DefaultHttpClient - Retrying connect to {}->http://peer1:8103
[2018-08-14 15:02:17] [INFO ] [DiscoveryClient-CacheRefreshExecutor-0] in  org.apache.http.impl.client.DefaultHttpClient - I/O exception (java.net.BindException) caught when connecting to {}->http://peer1:8103: Address already in use: connect
[2018-08-14 15:02:17] [INFO ] [DiscoveryClient-CacheRefreshExecutor-0] in  org.apache.http.impl.client.DefaultHttpClient - Retrying connect to {}->http://peer1:8103
[2018-08-14 15:03:17] [INFO ] [DiscoveryClient-CacheRefreshExecutor-0] in  org.apache.http.impl.client.DefaultHttpClient - I/O exception (java.net.BindException) caught when connecting to {}->http://peer1:8103: Address already in use: connect
[2018-08-14 15:03:17] [INFO ] [DiscoveryClient-CacheRefreshExecutor-0] in  org.apache.http.impl.client.DefaultHttpClient - Retrying connect to {}->http://peer1:8103
[2018-08-14 15:04:17] [INFO ] [DiscoveryClient-CacheRefreshExecutor-0] in  org.apache.http.impl.client.DefaultHttpClient - I/O exception (java.net.BindException) caught when connecting to {}->http://peer1:8103: Address already in use: connect
[2018-08-14 15:04:17] [INFO ] [DiscoveryClient-CacheRefreshExecutor-0] in  org.apache.http.impl.client.DefaultHttpClient - Retrying connect to {}->http://peer1:8103
[2018-08-14 15:04:47] [INFO ] [DiscoveryClient-CacheRefreshExecutor-0] in  org.apache.http.impl.client.DefaultHttpClient - I/O exception (java.net.BindException) caught when connecting to {}->http://peer1:8103: Address already in use: connect
[2018-08-14 15:04:47] [INFO ] [DiscoveryClient-CacheRefreshExecutor-0] in  org.apache.http.impl.client.DefaultHttpClient - Retrying connect to {}->http://peer1:8103
[2018-08-14 15:06:16] [INFO ] [AsyncResolver-bootstrap-executor-0] in  c.n.d.shared.resolver.aws.ConfigClusterResolver - Resolving eureka endpoints via configuration
[2018-08-14 15:07:17] [INFO ] [DiscoveryClient-CacheRefreshExecutor-0] in  org.apache.http.impl.client.DefaultHttpClient - I/O exception (java.net.BindException) caught when connecting to {}->http://peer1:8103: Address already in use: connect
[2018-08-14 15:07:17] [INFO ] [DiscoveryClient-CacheRefreshExecutor-0] in  org.apache.http.impl.client.DefaultHttpClient - Retrying connect to {}->http://peer1:8103
[2018-08-14 15:07:17] [INFO ] [DiscoveryClient-CacheRefreshExecutor-0] in  org.apache.http.impl.client.DefaultHttpClient - I/O exception (java.net.BindException) caught when connecting to {}->http://peer1:8103: Address already in use: connect
[2018-08-14 15:07:17] [INFO ] [DiscoveryClient-CacheRefreshExecutor-0] in  org.apache.http.impl.client.DefaultHttpClient - Retrying connect to {}->http://peer1:8103
[2018-08-14 15:08:47] [INFO ] [DiscoveryClient-CacheRefreshExecutor-0] in  org.apache.http.impl.client.DefaultHttpClient - I/O exception (java.net.BindException) caught when connecting to {}->http://peer1:8103: Address already in use: connect
[2018-08-14 15:08:47] [INFO ] [DiscoveryClient-CacheRefreshExecutor-0] in  org.apache.http.impl.client.DefaultHttpClient - Retrying connect to {}->http://peer1:8103
[2018-08-14 15:11:16] [INFO ] [AsyncResolver-bootstrap-executor-0] in  c.n.d.shared.resolver.aws.ConfigClusterResolver - Resolving eureka endpoints via configuration
[2018-08-14 15:11:47] [INFO ] [DiscoveryClient-CacheRefreshExecutor-0] in  org.apache.http.impl.client.DefaultHttpClient - I/O exception (java.net.BindException) caught when connecting to {}->http://peer1:8103: Address already in use: connect
[2018-08-14 15:11:47] [INFO ] [DiscoveryClient-CacheRefreshExecutor-0] in  org.apache.http.impl.client.DefaultHttpClient - Retrying connect to {}->http://peer1:8103
[2018-08-14 15:15:47] [INFO ] [DiscoveryClient-HeartbeatExecutor-0] in  org.apache.http.impl.client.DefaultHttpClient - I/O exception (java.net.BindException) caught when connecting to {}->http://peer1:8103: Address already in use: connect
[2018-08-14 15:15:47] [INFO ] [DiscoveryClient-HeartbeatExecutor-0] in  org.apache.http.impl.client.DefaultHttpClient - Retrying connect to {}->http://peer1:8103
[2018-08-14 15:16:16] [INFO ] [AsyncResolver-bootstrap-executor-0] in  c.n.d.shared.resolver.aws.ConfigClusterResolver - Resolving eureka endpoints via configuration
[2018-08-14 15:18:17] [INFO ] [DiscoveryClient-HeartbeatExecutor-0] in  org.apache.http.impl.client.DefaultHttpClient - I/O exception (java.net.BindException) caught when connecting to {}->http://peer1:8103: Address already in use: connect
[2018-08-14 15:18:17] [INFO ] [DiscoveryClient-HeartbeatExecutor-0] in  org.apache.http.impl.client.DefaultHttpClient - Retrying connect to {}->http://peer1:8103
[2018-08-14 15:18:47] [INFO ] [DiscoveryClient-HeartbeatExecutor-0] in  org.apache.http.impl.client.DefaultHttpClient - I/O exception (java.net.BindException) caught when connecting to {}->http://peer1:8103: Address already in use: connect
[2018-08-14 15:18:47] [INFO ] [DiscoveryClient-HeartbeatExecutor-0] in  org.apache.http.impl.client.DefaultHttpClient - Retrying connect to {}->http://peer1:8103
[2018-08-14 15:18:47] [INFO ] [DiscoveryClient-HeartbeatExecutor-0] in  org.apache.http.impl.client.DefaultHttpClient - I/O exception (java.net.BindException) caught when connecting to {}->http://peer1:8103: Address already in use: connect
[2018-08-14 15:18:47] [INFO ] [DiscoveryClient-HeartbeatExecutor-0] in  org.apache.http.impl.client.DefaultHttpClient - Retrying connect to {}->http://peer1:8103
[2018-08-14 15:21:16] [INFO ] [AsyncResolver-bootstrap-executor-0] in  c.n.d.shared.resolver.aws.ConfigClusterResolver - Resolving eureka endpoints via configuration
[2018-08-14 15:21:17] [INFO ] [DiscoveryClient-HeartbeatExecutor-0] in  org.apache.http.impl.client.DefaultHttpClient - I/O exception (java.net.BindException) caught when connecting to {}->http://peer1:8103: Address already in use: connect
[2018-08-14 15:21:17] [INFO ] [DiscoveryClient-HeartbeatExecutor-0] in  org.apache.http.impl.client.DefaultHttpClient - Retrying connect to {}->http://peer1:8103
[2018-08-14 15:22:48] [INFO ] [DiscoveryClient-HeartbeatExecutor-0] in  org.apache.http.impl.client.DefaultHttpClient - I/O exception (java.net.BindException) caught when connecting to {}->http://peer1:8103: Address already in use: connect
[2018-08-14 15:22:48] [INFO ] [DiscoveryClient-HeartbeatExecutor-0] in  org.apache.http.impl.client.DefaultHttpClient - Retrying connect to {}->http://peer1:8103
[2018-08-14 15:24:48] [INFO ] [DiscoveryClient-HeartbeatExecutor-0] in  org.apache.http.impl.client.DefaultHttpClient - I/O exception (java.net.BindException) caught when connecting to {}->http://peer1:8103: Address already in use: connect
[2018-08-14 15:24:48] [INFO ] [DiscoveryClient-HeartbeatExecutor-0] in  org.apache.http.impl.client.DefaultHttpClient - Retrying connect to {}->http://peer1:8103
[2018-08-14 15:26:16] [INFO ] [AsyncResolver-bootstrap-executor-0] in  c.n.d.shared.resolver.aws.ConfigClusterResolver - Resolving eureka endpoints via configuration
[2018-08-14 15:26:18] [INFO ] [DiscoveryClient-HeartbeatExecutor-0] in  org.apache.http.impl.client.DefaultHttpClient - I/O exception (java.net.BindException) caught when connecting to {}->http://peer1:8103: Address already in use: connect
[2018-08-14 15:26:18] [INFO ] [DiscoveryClient-HeartbeatExecutor-0] in  org.apache.http.impl.client.DefaultHttpClient - Retrying connect to {}->http://peer1:8103
[2018-08-14 15:30:48] [INFO ] [DiscoveryClient-HeartbeatExecutor-0] in  org.apache.http.impl.client.DefaultHttpClient - I/O exception (java.net.BindException) caught when connecting to {}->http://peer1:8103: Address already in use: connect
[2018-08-14 15:30:48] [INFO ] [DiscoveryClient-HeartbeatExecutor-0] in  org.apache.http.impl.client.DefaultHttpClient - Retrying connect to {}->http://peer1:8103
[2018-08-14 15:31:16] [INFO ] [AsyncResolver-bootstrap-executor-0] in  c.n.d.shared.resolver.aws.ConfigClusterResolver - Resolving eureka endpoints via configuration
[2018-08-14 15:31:18] [INFO ] [DiscoveryClient-HeartbeatExecutor-0] in  org.apache.http.impl.client.DefaultHttpClient - I/O exception (java.net.BindException) caught when connecting to {}->http://peer1:8103: Address already in use: connect
[2018-08-14 15:31:18] [INFO ] [DiscoveryClient-HeartbeatExecutor-0] in  org.apache.http.impl.client.DefaultHttpClient - Retrying connect to {}->http://peer1:8103
[2018-08-14 15:36:16] [INFO ] [AsyncResolver-bootstrap-executor-0] in  c.n.d.shared.resolver.aws.ConfigClusterResolver - Resolving eureka endpoints via configuration
[2018-08-14 15:40:18] [INFO ] [DiscoveryClient-HeartbeatExecutor-0] in  org.apache.http.impl.client.DefaultHttpClient - I/O exception (java.net.BindException) caught when connecting to {}->http://peer1:8103: Address already in use: connect
[2018-08-14 15:40:18] [INFO ] [DiscoveryClient-HeartbeatExecutor-0] in  org.apache.http.impl.client.DefaultHttpClient - Retrying connect to {}->http://peer1:8103
[2018-08-14 15:41:16] [INFO ] [AsyncResolver-bootstrap-executor-0] in  c.n.d.shared.resolver.aws.ConfigClusterResolver - Resolving eureka endpoints via configuration
[2018-08-14 15:43:18] [INFO ] [DiscoveryClient-HeartbeatExecutor-0] in  org.apache.http.impl.client.DefaultHttpClient - I/O exception (java.net.BindException) caught when connecting to {}->http://peer1:8103: Address already in use: connect
[2018-08-14 15:43:18] [INFO ] [DiscoveryClient-HeartbeatExecutor-0] in  org.apache.http.impl.client.DefaultHttpClient - Retrying connect to {}->http://peer1:8103
[2018-08-14 15:43:18] [INFO ] [DiscoveryClient-HeartbeatExecutor-0] in  org.apache.http.impl.client.DefaultHttpClient - I/O exception (java.net.BindException) caught when connecting to {}->http://peer1:8103: Address already in use: connect
[2018-08-14 15:43:18] [INFO ] [DiscoveryClient-HeartbeatExecutor-0] in  org.apache.http.impl.client.DefaultHttpClient - Retrying connect to {}->http://peer1:8103
[2018-08-14 15:46:16] [INFO ] [AsyncResolver-bootstrap-executor-0] in  c.n.d.shared.resolver.aws.ConfigClusterResolver - Resolving eureka endpoints via configuration
[2018-08-14 15:47:18] [INFO ] [DiscoveryClient-HeartbeatExecutor-0] in  org.apache.http.impl.client.DefaultHttpClient - I/O exception (java.net.BindException) caught when connecting to {}->http://peer1:8103: Address already in use: connect
[2018-08-14 15:47:18] [INFO ] [DiscoveryClient-HeartbeatExecutor-0] in  org.apache.http.impl.client.DefaultHttpClient - Retrying connect to {}->http://peer1:8103
[2018-08-14 15:49:18] [INFO ] [DiscoveryClient-HeartbeatExecutor-0] in  org.apache.http.impl.client.DefaultHttpClient - I/O exception (java.net.BindException) caught when connecting to {}->http://peer1:8103: Address already in use: connect
[2018-08-14 15:49:18] [INFO ] [DiscoveryClient-HeartbeatExecutor-0] in  org.apache.http.impl.client.DefaultHttpClient - Retrying connect to {}->http://peer1:8103
[2018-08-14 15:51:16] [INFO ] [AsyncResolver-bootstrap-executor-0] in  c.n.d.shared.resolver.aws.ConfigClusterResolver - Resolving eureka endpoints via configuration
[2018-08-14 15:56:16] [INFO ] [AsyncResolver-bootstrap-executor-0] in  c.n.d.shared.resolver.aws.ConfigClusterResolver - Resolving eureka endpoints via configuration
[2018-08-14 16:01:16] [INFO ] [AsyncResolver-bootstrap-executor-0] in  c.n.d.shared.resolver.aws.ConfigClusterResolver - Resolving eureka endpoints via configuration
[2018-08-14 16:06:16] [INFO ] [AsyncResolver-bootstrap-executor-0] in  c.n.d.shared.resolver.aws.ConfigClusterResolver - Resolving eureka endpoints via configuration
[2018-08-14 16:11:16] [INFO ] [AsyncResolver-bootstrap-executor-0] in  c.n.d.shared.resolver.aws.ConfigClusterResolver - Resolving eureka endpoints via configuration
[2018-08-14 16:16:16] [INFO ] [AsyncResolver-bootstrap-executor-0] in  c.n.d.shared.resolver.aws.ConfigClusterResolver - Resolving eureka endpoints via configuration
[2018-08-14 16:21:16] [INFO ] [AsyncResolver-bootstrap-executor-0] in  c.n.d.shared.resolver.aws.ConfigClusterResolver - Resolving eureka endpoints via configuration
[2018-08-14 16:26:16] [INFO ] [AsyncResolver-bootstrap-executor-0] in  c.n.d.shared.resolver.aws.ConfigClusterResolver - Resolving eureka endpoints via configuration
[2018-08-14 16:31:16] [INFO ] [AsyncResolver-bootstrap-executor-0] in  c.n.d.shared.resolver.aws.ConfigClusterResolver - Resolving eureka endpoints via configuration
