[2018-08-30 09:15:03] [WARN ] [AMQP Connection 192.168.37.133:5672] in com.rabbitmq.client.impl.ForgivingExceptionHandler - An unexpected connection driver error occured (Exception message: Connection reset)
[2018-08-30 09:15:03] [ERROR] [AMQP Connection 192.168.37.133:5672] in o.s.a.rabbit.connection.CachingConnectionFactory - Channel shutdown: connection error
[2018-08-30 09:15:03] [ERROR] [AMQP Connection 192.168.37.133:5672] in o.s.a.rabbit.connection.CachingConnectionFactory - Channel shutdown: connection error
[2018-08-30 09:15:04] [INFO ] [springCloudBus.anonymous.lO3dN1QqQdy_ezB2xnxtRw-3] in o.s.a.r.listener.SimpleMessageListenerContainer - Restarting Consumer@74ddf640: tags=[{amq.ctag-jZ3HelrpdAcCagHxnFIAGg=springCloudBus.anonymous.lO3dN1QqQdy_ezB2xnxtRw}], channel=Cached Rabbit Channel: AMQChannel(amqp://admin@192.168.37.133:5672/,2), conn: Proxy@357cdb00 Shared Rabbit Connection: SimpleConnection@4b0070e7 [delegate=amqp://admin@192.168.37.133:5672/, localPort= 53686], acknowledgeMode=AUTO local queue size=0
[2018-08-30 09:15:04] [INFO ] [springCloudBus.anonymous.lO3dN1QqQdy_ezB2xnxtRw-4] in o.s.a.rabbit.connection.CachingConnectionFactory - Attempting to connect to: [192.168.37.133:5672]
[2018-08-30 09:15:05] [INFO ] [springCloudBus.anonymous.lO3dN1QqQdy_ezB2xnxtRw-4] in o.s.a.rabbit.connection.CachingConnectionFactory - Created new connection: rabbitConnectionFactory#410dccfa:3/SimpleConnection@9b6f2cf [delegate=amqp://admin@192.168.37.133:5672/, localPort= 59996]
[2018-08-30 09:15:05] [WARN ] [AMQP Connection 192.168.37.133:5672] in com.rabbitmq.client.impl.ForgivingExceptionHandler - An unexpected connection driver error occured (Exception message: Connection reset)
[2018-08-30 09:15:05] [ERROR] [AMQP Connection 192.168.37.133:5672] in o.s.a.rabbit.connection.CachingConnectionFactory - Channel shutdown: connection error
[2018-08-30 09:15:05] [INFO ] [springCloudBus.anonymous.lO3dN1QqQdy_ezB2xnxtRw-4] in org.springframework.amqp.rabbit.core.RabbitAdmin - Auto-declaring a non-durable, auto-delete, or exclusive Queue (springCloudBus.anonymous.lO3dN1QqQdy_ezB2xnxtRw) durable:false, auto-delete:true, exclusive:true. It will be redeclared if the broker stops and is restarted while the connection factory is alive, but all messages will be lost.
[2018-08-30 09:16:58] [INFO ] [AsyncResolver-bootstrap-executor-0] in c.n.d.shared.resolver.aws.ConfigClusterResolver - Resolving eureka endpoints via configuration
[2018-08-30 09:21:58] [INFO ] [AsyncResolver-bootstrap-executor-0] in c.n.d.shared.resolver.aws.ConfigClusterResolver - Resolving eureka endpoints via configuration
[2018-08-30 09:26:58] [INFO ] [AsyncResolver-bootstrap-executor-0] in c.n.d.shared.resolver.aws.ConfigClusterResolver - Resolving eureka endpoints via configuration
[2018-08-30 09:31:58] [INFO ] [AsyncResolver-bootstrap-executor-0] in c.n.d.shared.resolver.aws.ConfigClusterResolver - Resolving eureka endpoints via configuration
[2018-08-30 09:36:58] [INFO ] [AsyncResolver-bootstrap-executor-0] in c.n.d.shared.resolver.aws.ConfigClusterResolver - Resolving eureka endpoints via configuration
[2018-08-30 09:41:58] [INFO ] [AsyncResolver-bootstrap-executor-0] in c.n.d.shared.resolver.aws.ConfigClusterResolver - Resolving eureka endpoints via configuration
[2018-08-30 09:46:58] [INFO ] [AsyncResolver-bootstrap-executor-0] in c.n.d.shared.resolver.aws.ConfigClusterResolver - Resolving eureka endpoints via configuration
[2018-08-30 09:51:58] [INFO ] [AsyncResolver-bootstrap-executor-0] in c.n.d.shared.resolver.aws.ConfigClusterResolver - Resolving eureka endpoints via configuration
[2018-08-30 09:56:58] [INFO ] [AsyncResolver-bootstrap-executor-0] in c.n.d.shared.resolver.aws.ConfigClusterResolver - Resolving eureka endpoints via configuration
[2018-08-30 10:01:58] [INFO ] [AsyncResolver-bootstrap-executor-0] in c.n.d.shared.resolver.aws.ConfigClusterResolver - Resolving eureka endpoints via configuration
[2018-08-30 10:06:58] [INFO ] [AsyncResolver-bootstrap-executor-0] in c.n.d.shared.resolver.aws.ConfigClusterResolver - Resolving eureka endpoints via configuration
[2018-08-30 10:11:58] [INFO ] [AsyncResolver-bootstrap-executor-0] in c.n.d.shared.resolver.aws.ConfigClusterResolver - Resolving eureka endpoints via configuration
[2018-08-30 10:12:48] [INFO ] [http-nio-8201-exec-4] in o.s.a.rabbit.connection.CachingConnectionFactory - Attempting to connect to: [192.168.37.133:5672]
[2018-08-30 10:12:49] [INFO ] [http-nio-8201-exec-4] in o.s.a.rabbit.connection.CachingConnectionFactory - Created new connection: rabbitConnectionFactory.publisher#1959ef79:2/SimpleConnection@6c2b609a [delegate=amqp://admin@192.168.37.133:5672/, localPort= 60995]
[2018-08-30 10:12:49] [INFO ] [http-nio-8201-exec-4] in org.springframework.amqp.rabbit.core.RabbitAdmin - Auto-declaring a non-durable, auto-delete, or exclusive Queue (springCloudBus.anonymous.lO3dN1QqQdy_ezB2xnxtRw) durable:false, auto-delete:true, exclusive:true. It will be redeclared if the broker stops and is restarted while the connection factory is alive, but all messages will be lost.
[2018-08-30 10:16:58] [INFO ] [AsyncResolver-bootstrap-executor-0] in c.n.d.shared.resolver.aws.ConfigClusterResolver - Resolving eureka endpoints via configuration
[2018-08-30 10:21:58] [INFO ] [AsyncResolver-bootstrap-executor-0] in c.n.d.shared.resolver.aws.ConfigClusterResolver - Resolving eureka endpoints via configuration
[2018-08-30 10:24:35] [ERROR] [http-nio-8201-exec-2] in com.idream.commons.db.token.JWTTokenService - 获取redis token信息失败！
[2018-08-30 10:24:59] [ERROR] [http-nio-8201-exec-1] in com.idream.commons.db.token.JWTTokenService - 获取redis token信息失败！
[2018-08-30 10:25:35] [ERROR] [http-nio-8201-exec-6] in com.idream.commons.db.token.JWTTokenService - 获取redis token信息失败！
[2018-08-30 10:25:56] [ERROR] [http-nio-8201-exec-10] in com.idream.commons.db.token.JWTTokenService - 获取redis token信息失败！
[2018-08-30 10:26:58] [INFO ] [AsyncResolver-bootstrap-executor-0] in c.n.d.shared.resolver.aws.ConfigClusterResolver - Resolving eureka endpoints via configuration
[2018-08-30 10:31:58] [INFO ] [AsyncResolver-bootstrap-executor-0] in c.n.d.shared.resolver.aws.ConfigClusterResolver - Resolving eureka endpoints via configuration
[2018-08-30 10:36:58] [INFO ] [AsyncResolver-bootstrap-executor-0] in c.n.d.shared.resolver.aws.ConfigClusterResolver - Resolving eureka endpoints via configuration
[2018-08-30 10:41:58] [INFO ] [AsyncResolver-bootstrap-executor-0] in c.n.d.shared.resolver.aws.ConfigClusterResolver - Resolving eureka endpoints via configuration
[2018-08-30 10:46:58] [INFO ] [AsyncResolver-bootstrap-executor-0] in c.n.d.shared.resolver.aws.ConfigClusterResolver - Resolving eureka endpoints via configuration
[2018-08-30 10:51:58] [INFO ] [AsyncResolver-bootstrap-executor-0] in c.n.d.shared.resolver.aws.ConfigClusterResolver - Resolving eureka endpoints via configuration
[2018-08-30 10:56:58] [INFO ] [AsyncResolver-bootstrap-executor-0] in c.n.d.shared.resolver.aws.ConfigClusterResolver - Resolving eureka endpoints via configuration
[2018-08-30 11:01:58] [INFO ] [AsyncResolver-bootstrap-executor-0] in c.n.d.shared.resolver.aws.ConfigClusterResolver - Resolving eureka endpoints via configuration
[2018-08-30 11:06:58] [INFO ] [AsyncResolver-bootstrap-executor-0] in c.n.d.shared.resolver.aws.ConfigClusterResolver - Resolving eureka endpoints via configuration
[2018-08-30 11:11:58] [INFO ] [AsyncResolver-bootstrap-executor-0] in c.n.d.shared.resolver.aws.ConfigClusterResolver - Resolving eureka endpoints via configuration
[2018-08-30 11:16:58] [INFO ] [AsyncResolver-bootstrap-executor-0] in c.n.d.shared.resolver.aws.ConfigClusterResolver - Resolving eureka endpoints via configuration
[2018-08-30 11:21:58] [INFO ] [AsyncResolver-bootstrap-executor-0] in c.n.d.shared.resolver.aws.ConfigClusterResolver - Resolving eureka endpoints via configuration
[2018-08-30 11:26:58] [INFO ] [AsyncResolver-bootstrap-executor-0] in c.n.d.shared.resolver.aws.ConfigClusterResolver - Resolving eureka endpoints via configuration
[2018-08-30 13:12:18] [WARN ] [AMQP Connection 192.168.37.133:5672] in com.rabbitmq.client.impl.ForgivingExceptionHandler - An unexpected connection driver error occured (Exception message: Connection reset)
[2018-08-30 13:12:18] [ERROR] [AMQP Connection 192.168.37.133:5672] in o.s.a.rabbit.connection.CachingConnectionFactory - Channel shutdown: connection error
[2018-08-30 13:12:32] [ERROR] [AMQP Connection 192.168.37.133:5672] in com.rabbitmq.client.impl.ForgivingExceptionHandler - An unexpected connection driver error occured
java.net.SocketException: Software caused connection abort: recv failed
	at java.net.SocketInputStream.socketRead0(Native Method)
	at java.net.SocketInputStream.socketRead(SocketInputStream.java:116)
	at java.net.SocketInputStream.read(SocketInputStream.java:171)
	at java.net.SocketInputStream.read(SocketInputStream.java:141)
	at java.io.BufferedInputStream.fill(BufferedInputStream.java:246)
	at java.io.BufferedInputStream.read(BufferedInputStream.java:265)
	at java.io.DataInputStream.readUnsignedByte(DataInputStream.java:288)
	at com.rabbitmq.client.impl.Frame.readFrom(Frame.java:91)
	at com.rabbitmq.client.impl.SocketFrameHandler.readFrame(SocketFrameHandler.java:164)
	at com.rabbitmq.client.impl.AMQConnection$MainLoop.run(AMQConnection.java:580)
	at java.lang.Thread.run(Thread.java:748)
[2018-08-30 13:12:32] [ERROR] [AMQP Connection 192.168.37.133:5672] in o.s.a.rabbit.connection.CachingConnectionFactory - Channel shutdown: connection error
[2018-08-30 13:12:32] [ERROR] [AMQP Connection 192.168.37.133:5672] in o.s.a.rabbit.connection.CachingConnectionFactory - Channel shutdown: connection error
[2018-08-30 13:12:32] [INFO ] [springCloudBus.anonymous.lO3dN1QqQdy_ezB2xnxtRw-4] in o.s.a.r.listener.SimpleMessageListenerContainer - Restarting Consumer@73b2e35a: tags=[{amq.ctag-mLWqsYRyfUYTvLCN6VF-CQ=springCloudBus.anonymous.lO3dN1QqQdy_ezB2xnxtRw}], channel=Cached Rabbit Channel: AMQChannel(amqp://admin@192.168.37.133:5672/,2), conn: Proxy@357cdb00 Shared Rabbit Connection: SimpleConnection@9b6f2cf [delegate=amqp://admin@192.168.37.133:5672/, localPort= 59996], acknowledgeMode=AUTO local queue size=0
[2018-08-30 13:12:32] [INFO ] [springCloudBus.anonymous.lO3dN1QqQdy_ezB2xnxtRw-5] in o.s.a.rabbit.connection.CachingConnectionFactory - Attempting to connect to: [192.168.37.133:5672]
[2018-08-30 13:12:32] [INFO ] [springCloudBus.anonymous.lO3dN1QqQdy_ezB2xnxtRw-5] in o.s.a.rabbit.connection.CachingConnectionFactory - Created new connection: rabbitConnectionFactory#410dccfa:4/SimpleConnection@25c163b [delegate=amqp://admin@192.168.37.133:5672/, localPort= 50856]
[2018-08-30 13:12:32] [INFO ] [springCloudBus.anonymous.lO3dN1QqQdy_ezB2xnxtRw-5] in org.springframework.amqp.rabbit.core.RabbitAdmin - Auto-declaring a non-durable, auto-delete, or exclusive Queue (springCloudBus.anonymous.lO3dN1QqQdy_ezB2xnxtRw) durable:false, auto-delete:true, exclusive:true. It will be redeclared if the broker stops and is restarted while the connection factory is alive, but all messages will be lost.
[2018-08-30 13:13:54] [INFO ] [AsyncResolver-bootstrap-executor-0] in c.n.d.shared.resolver.aws.ConfigClusterResolver - Resolving eureka endpoints via configuration
[2018-08-30 13:18:54] [INFO ] [AsyncResolver-bootstrap-executor-0] in c.n.d.shared.resolver.aws.ConfigClusterResolver - Resolving eureka endpoints via configuration
[2018-08-30 13:23:54] [INFO ] [AsyncResolver-bootstrap-executor-0] in c.n.d.shared.resolver.aws.ConfigClusterResolver - Resolving eureka endpoints via configuration
[2018-08-30 13:28:54] [INFO ] [AsyncResolver-bootstrap-executor-0] in c.n.d.shared.resolver.aws.ConfigClusterResolver - Resolving eureka endpoints via configuration
[2018-08-30 13:33:54] [INFO ] [AsyncResolver-bootstrap-executor-0] in c.n.d.shared.resolver.aws.ConfigClusterResolver - Resolving eureka endpoints via configuration
[2018-08-30 13:38:54] [INFO ] [AsyncResolver-bootstrap-executor-0] in c.n.d.shared.resolver.aws.ConfigClusterResolver - Resolving eureka endpoints via configuration
[2018-08-30 13:43:54] [INFO ] [AsyncResolver-bootstrap-executor-0] in c.n.d.shared.resolver.aws.ConfigClusterResolver - Resolving eureka endpoints via configuration
[2018-08-30 13:48:54] [INFO ] [AsyncResolver-bootstrap-executor-0] in c.n.d.shared.resolver.aws.ConfigClusterResolver - Resolving eureka endpoints via configuration
[2018-08-30 13:53:54] [INFO ] [AsyncResolver-bootstrap-executor-0] in c.n.d.shared.resolver.aws.ConfigClusterResolver - Resolving eureka endpoints via configuration
[2018-08-30 13:58:54] [INFO ] [AsyncResolver-bootstrap-executor-0] in c.n.d.shared.resolver.aws.ConfigClusterResolver - Resolving eureka endpoints via configuration
[2018-08-30 14:03:54] [INFO ] [AsyncResolver-bootstrap-executor-0] in c.n.d.shared.resolver.aws.ConfigClusterResolver - Resolving eureka endpoints via configuration
[2018-08-30 14:08:54] [INFO ] [AsyncResolver-bootstrap-executor-0] in c.n.d.shared.resolver.aws.ConfigClusterResolver - Resolving eureka endpoints via configuration
[2018-08-30 14:13:54] [INFO ] [AsyncResolver-bootstrap-executor-0] in c.n.d.shared.resolver.aws.ConfigClusterResolver - Resolving eureka endpoints via configuration
[2018-08-30 14:18:54] [INFO ] [AsyncResolver-bootstrap-executor-0] in c.n.d.shared.resolver.aws.ConfigClusterResolver - Resolving eureka endpoints via configuration
[2018-08-30 14:23:54] [INFO ] [AsyncResolver-bootstrap-executor-0] in c.n.d.shared.resolver.aws.ConfigClusterResolver - Resolving eureka endpoints via configuration
[2018-08-30 14:28:54] [INFO ] [AsyncResolver-bootstrap-executor-0] in c.n.d.shared.resolver.aws.ConfigClusterResolver - Resolving eureka endpoints via configuration
[2018-08-30 14:33:54] [INFO ] [AsyncResolver-bootstrap-executor-0] in c.n.d.shared.resolver.aws.ConfigClusterResolver - Resolving eureka endpoints via configuration
[2018-08-30 14:38:54] [INFO ] [AsyncResolver-bootstrap-executor-0] in c.n.d.shared.resolver.aws.ConfigClusterResolver - Resolving eureka endpoints via configuration
[2018-08-30 14:43:54] [INFO ] [AsyncResolver-bootstrap-executor-0] in c.n.d.shared.resolver.aws.ConfigClusterResolver - Resolving eureka endpoints via configuration
[2018-08-30 14:48:54] [INFO ] [AsyncResolver-bootstrap-executor-0] in c.n.d.shared.resolver.aws.ConfigClusterResolver - Resolving eureka endpoints via configuration
[2018-08-30 14:53:54] [INFO ] [AsyncResolver-bootstrap-executor-0] in c.n.d.shared.resolver.aws.ConfigClusterResolver - Resolving eureka endpoints via configuration
[2018-08-30 14:58:54] [INFO ] [AsyncResolver-bootstrap-executor-0] in c.n.d.shared.resolver.aws.ConfigClusterResolver - Resolving eureka endpoints via configuration
[2018-08-30 15:03:54] [INFO ] [AsyncResolver-bootstrap-executor-0] in c.n.d.shared.resolver.aws.ConfigClusterResolver - Resolving eureka endpoints via configuration
[2018-08-30 15:08:54] [INFO ] [AsyncResolver-bootstrap-executor-0] in c.n.d.shared.resolver.aws.ConfigClusterResolver - Resolving eureka endpoints via configuration
[2018-08-30 15:13:54] [INFO ] [AsyncResolver-bootstrap-executor-0] in c.n.d.shared.resolver.aws.ConfigClusterResolver - Resolving eureka endpoints via configuration
[2018-08-30 15:18:54] [INFO ] [AsyncResolver-bootstrap-executor-0] in c.n.d.shared.resolver.aws.ConfigClusterResolver - Resolving eureka endpoints via configuration
[2018-08-30 15:23:54] [INFO ] [AsyncResolver-bootstrap-executor-0] in c.n.d.shared.resolver.aws.ConfigClusterResolver - Resolving eureka endpoints via configuration
[2018-08-30 15:28:54] [INFO ] [AsyncResolver-bootstrap-executor-0] in c.n.d.shared.resolver.aws.ConfigClusterResolver - Resolving eureka endpoints via configuration
[2018-08-30 15:33:54] [INFO ] [AsyncResolver-bootstrap-executor-0] in c.n.d.shared.resolver.aws.ConfigClusterResolver - Resolving eureka endpoints via configuration
[2018-08-30 15:38:54] [INFO ] [AsyncResolver-bootstrap-executor-0] in c.n.d.shared.resolver.aws.ConfigClusterResolver - Resolving eureka endpoints via configuration
[2018-08-30 15:43:54] [INFO ] [AsyncResolver-bootstrap-executor-0] in c.n.d.shared.resolver.aws.ConfigClusterResolver - Resolving eureka endpoints via configuration
[2018-08-30 15:48:54] [INFO ] [AsyncResolver-bootstrap-executor-0] in c.n.d.shared.resolver.aws.ConfigClusterResolver - Resolving eureka endpoints via configuration
[2018-08-30 15:53:54] [INFO ] [AsyncResolver-bootstrap-executor-0] in c.n.d.shared.resolver.aws.ConfigClusterResolver - Resolving eureka endpoints via configuration
[2018-08-30 15:58:54] [INFO ] [AsyncResolver-bootstrap-executor-0] in c.n.d.shared.resolver.aws.ConfigClusterResolver - Resolving eureka endpoints via configuration
[2018-08-30 16:03:54] [INFO ] [AsyncResolver-bootstrap-executor-0] in c.n.d.shared.resolver.aws.ConfigClusterResolver - Resolving eureka endpoints via configuration
[2018-08-30 16:08:54] [INFO ] [AsyncResolver-bootstrap-executor-0] in c.n.d.shared.resolver.aws.ConfigClusterResolver - Resolving eureka endpoints via configuration
[2018-08-30 16:13:54] [INFO ] [AsyncResolver-bootstrap-executor-0] in c.n.d.shared.resolver.aws.ConfigClusterResolver - Resolving eureka endpoints via configuration
[2018-08-30 16:18:54] [INFO ] [AsyncResolver-bootstrap-executor-0] in c.n.d.shared.resolver.aws.ConfigClusterResolver - Resolving eureka endpoints via configuration
[2018-08-30 16:23:54] [INFO ] [AsyncResolver-bootstrap-executor-0] in c.n.d.shared.resolver.aws.ConfigClusterResolver - Resolving eureka endpoints via configuration
[2018-08-30 16:28:54] [INFO ] [AsyncResolver-bootstrap-executor-0] in c.n.d.shared.resolver.aws.ConfigClusterResolver - Resolving eureka endpoints via configuration
[2018-08-30 16:33:54] [INFO ] [AsyncResolver-bootstrap-executor-0] in c.n.d.shared.resolver.aws.ConfigClusterResolver - Resolving eureka endpoints via configuration
[2018-08-30 16:38:54] [INFO ] [AsyncResolver-bootstrap-executor-0] in c.n.d.shared.resolver.aws.ConfigClusterResolver - Resolving eureka endpoints via configuration
[2018-08-30 16:43:54] [INFO ] [AsyncResolver-bootstrap-executor-0] in c.n.d.shared.resolver.aws.ConfigClusterResolver - Resolving eureka endpoints via configuration
[2018-08-30 16:48:54] [INFO ] [AsyncResolver-bootstrap-executor-0] in c.n.d.shared.resolver.aws.ConfigClusterResolver - Resolving eureka endpoints via configuration
[2018-08-30 16:53:54] [INFO ] [AsyncResolver-bootstrap-executor-0] in c.n.d.shared.resolver.aws.ConfigClusterResolver - Resolving eureka endpoints via configuration
[2018-08-30 16:58:54] [INFO ] [AsyncResolver-bootstrap-executor-0] in c.n.d.shared.resolver.aws.ConfigClusterResolver - Resolving eureka endpoints via configuration
[2018-08-30 17:03:54] [INFO ] [AsyncResolver-bootstrap-executor-0] in c.n.d.shared.resolver.aws.ConfigClusterResolver - Resolving eureka endpoints via configuration
[2018-08-30 17:08:54] [INFO ] [AsyncResolver-bootstrap-executor-0] in c.n.d.shared.resolver.aws.ConfigClusterResolver - Resolving eureka endpoints via configuration
[2018-08-30 17:13:54] [INFO ] [AsyncResolver-bootstrap-executor-0] in c.n.d.shared.resolver.aws.ConfigClusterResolver - Resolving eureka endpoints via configuration
[2018-08-30 17:18:54] [INFO ] [AsyncResolver-bootstrap-executor-0] in c.n.d.shared.resolver.aws.ConfigClusterResolver - Resolving eureka endpoints via configuration
[2018-08-30 17:23:54] [INFO ] [AsyncResolver-bootstrap-executor-0] in c.n.d.shared.resolver.aws.ConfigClusterResolver - Resolving eureka endpoints via configuration
[2018-08-30 17:28:54] [INFO ] [AsyncResolver-bootstrap-executor-0] in c.n.d.shared.resolver.aws.ConfigClusterResolver - Resolving eureka endpoints via configuration
[2018-08-30 17:33:54] [INFO ] [AsyncResolver-bootstrap-executor-0] in c.n.d.shared.resolver.aws.ConfigClusterResolver - Resolving eureka endpoints via configuration
[2018-08-30 17:38:54] [INFO ] [AsyncResolver-bootstrap-executor-0] in c.n.d.shared.resolver.aws.ConfigClusterResolver - Resolving eureka endpoints via configuration
[2018-08-30 17:43:54] [INFO ] [AsyncResolver-bootstrap-executor-0] in c.n.d.shared.resolver.aws.ConfigClusterResolver - Resolving eureka endpoints via configuration
[2018-08-30 17:48:54] [INFO ] [AsyncResolver-bootstrap-executor-0] in c.n.d.shared.resolver.aws.ConfigClusterResolver - Resolving eureka endpoints via configuration
