[2018-08-07 13:18:10] [INFO ] [main] in  o.s.c.a.AnnotationConfigApplicationContext - Refreshing org.springframework.context.annotation.AnnotationConfigApplicationContext@6a6afff2: startup date [Tue Aug 07 13:18:10 CST 2018]; root of context hierarchy
[2018-08-07 13:18:10] [INFO ] [main] in  o.s.b.f.a.AutowiredAnnotationBeanPostProcessor - JSR-330 'javax.inject.Inject' annotation found and supported for autowiring
[2018-08-07 13:18:10] [INFO ] [main] in  o.s.c.s.PostProcessorRegistrationDelegate$BeanPostProcessorChecker - Bean 'configurationPropertiesRebinderAutoConfiguration' of type [org.springframework.cloud.autoconfigure.ConfigurationPropertiesRebinderAutoConfiguration$$EnhancerBySpringCGLIB$$e2a7dc47] is not eligible for getting processed by all BeanPostProcessors (for example: not eligible for auto-proxying)
[2018-08-07 13:18:11] [INFO ] [main] in  o.s.c.c.client.ConfigServicePropertySourceLocator - Fetching config from server at: http://localhost:8101
[2018-08-07 13:18:12] [INFO ] [main] in  o.s.c.c.client.ConfigServicePropertySourceLocator - Located environment: name=gateway, profiles=[dev], label=master, version=f81c99e610d4b8ce761a36bd7a37fb785fc64575, state=null
[2018-08-07 13:18:12] [INFO ] [main] in  o.s.c.b.c.PropertySourceBootstrapConfiguration - Located property source: CompositePropertySource {name='configService', propertySources=[MapPropertySource {name='configClient'}, MapPropertySource {name='http://192.168.37.128/idream/cloud-config.git/conf/gateway-dev.properties'}]}
[2018-08-07 13:18:12] [INFO ] [main] in  com.idream.GatewayApplication - No active profile set, falling back to default profiles: default
[2018-08-07 13:18:12] [INFO ] [main] in  o.s.b.w.s.c.AnnotationConfigServletWebServerApplicationContext - Refreshing org.springframework.boot.web.servlet.context.AnnotationConfigServletWebServerApplicationContext@79179359: startup date [Tue Aug 07 13:18:12 CST 2018]; parent: org.springframework.context.annotation.AnnotationConfigApplicationContext@6a6afff2
[2018-08-07 13:18:20] [INFO ] [main] in  o.s.integration.config.IntegrationRegistrar - No bean named 'integrationHeaderChannelRegistry' has been explicitly defined. Therefore, a default DefaultHeaderChannelRegistry will be created.
[2018-08-07 13:18:20] [INFO ] [main] in  o.s.c.a.ConfigurationClassBeanDefinitionReader - Skipping bean definition for [BeanMethod:name=accessFilter,declaringClass=com.idream.GatewayApplication]: a definition for bean 'accessFilter' already exists. This top-level bean definition is considered as an override.
[2018-08-07 13:18:20] [INFO ] [main] in  o.s.b.factory.support.DefaultListableBeanFactory - Overriding bean definition for bean 'userRequestRecordPreFilter' with a different definition: replacing [Generic bean: class [com.idream.filter.UserRequestRecordPreFilter]; scope=singleton; abstract=false; lazyInit=false; autowireMode=0; dependencyCheck=0; autowireCandidate=true; primary=false; factoryBeanName=null; factoryMethodName=null; initMethodName=null; destroyMethodName=null; defined in file [D:\project\java\idream-community\gateway\target\classes\com\idream\filter\UserRequestRecordPreFilter.class]] with [Root bean: class [null]; scope=; abstract=false; lazyInit=false; autowireMode=3; dependencyCheck=0; autowireCandidate=true; primary=false; factoryBeanName=gatewayApplication; factoryMethodName=userRequestRecordPreFilter; initMethodName=null; destroyMethodName=(inferred); defined in com.idream.GatewayApplication]
[2018-08-07 13:18:20] [INFO ] [main] in  o.s.b.factory.support.DefaultListableBeanFactory - Overriding bean definition for bean 'userRequestRecordPostFilter' with a different definition: replacing [Generic bean: class [com.idream.filter.UserRequestRecordPostFilter]; scope=singleton; abstract=false; lazyInit=false; autowireMode=0; dependencyCheck=0; autowireCandidate=true; primary=false; factoryBeanName=null; factoryMethodName=null; initMethodName=null; destroyMethodName=null; defined in file [D:\project\java\idream-community\gateway\target\classes\com\idream\filter\UserRequestRecordPostFilter.class]] with [Root bean: class [null]; scope=; abstract=false; lazyInit=false; autowireMode=3; dependencyCheck=0; autowireCandidate=true; primary=false; factoryBeanName=gatewayApplication; factoryMethodName=userRequestRecordPostFilter; initMethodName=null; destroyMethodName=(inferred); defined in com.idream.GatewayApplication]
[2018-08-07 13:18:20] [INFO ] [main] in  o.s.c.a.ConfigurationClassBeanDefinitionReader - Skipping bean definition for [BeanMethod:name=rateLimitFilter,declaringClass=com.idream.GatewayApplication]: a definition for bean 'rateLimitFilter' already exists. This top-level bean definition is considered as an override.
[2018-08-07 13:18:22] [INFO ] [main] in  o.s.d.r.config.RepositoryConfigurationDelegate - Multiple Spring Data modules found, entering strict repository configuration mode!
[2018-08-07 13:18:22] [INFO ] [main] in  o.s.b.factory.support.DefaultListableBeanFactory - Overriding bean definition for bean 'environmentWebEndpointExtension' with a different definition: replacing [Root bean: class [null]; scope=; abstract=false; lazyInit=false; autowireMode=3; dependencyCheck=0; autowireCandidate=true; primary=false; factoryBeanName=org.springframework.boot.actuate.autoconfigure.env.EnvironmentEndpointAutoConfiguration; factoryMethodName=environmentWebEndpointExtension; initMethodName=null; destroyMethodName=(inferred); defined in class path resource [org/springframework/boot/actuate/autoconfigure/env/EnvironmentEndpointAutoConfiguration.class]] with [Root bean: class [null]; scope=; abstract=false; lazyInit=false; autowireMode=3; dependencyCheck=0; autowireCandidate=true; primary=false; factoryBeanName=org.springframework.cloud.autoconfigure.LifecycleMvcEndpointAutoConfiguration$EndpointConfiguration; factoryMethodName=environmentWebEndpointExtension; initMethodName=null; destroyMethodName=(inferred); defined in class path resource [org/springframework/cloud/autoconfigure/LifecycleMvcEndpointAutoConfiguration$EndpointConfiguration.class]]
[2018-08-07 13:18:22] [INFO ] [main] in  o.s.b.factory.support.DefaultListableBeanFactory - Overriding bean definition for bean 'proxyRequestHelper' with a different definition: replacing [Root bean: class [null]; scope=; abstract=false; lazyInit=false; autowireMode=3; dependencyCheck=0; autowireCandidate=true; primary=false; factoryBeanName=org.springframework.cloud.netflix.zuul.ZuulProxyAutoConfiguration$EndpointConfiguration; factoryMethodName=proxyRequestHelper; initMethodName=null; destroyMethodName=(inferred); defined in class path resource [org/springframework/cloud/netflix/zuul/ZuulProxyAutoConfiguration$EndpointConfiguration.class]] with [Root bean: class [null]; scope=; abstract=false; lazyInit=false; autowireMode=3; dependencyCheck=0; autowireCandidate=true; primary=false; factoryBeanName=org.springframework.cloud.netflix.zuul.ZuulProxyAutoConfiguration$NoActuatorConfiguration; factoryMethodName=proxyRequestHelper; initMethodName=null; destroyMethodName=(inferred); defined in class path resource [org/springframework/cloud/netflix/zuul/ZuulProxyAutoConfiguration$NoActuatorConfiguration.class]]
[2018-08-07 13:18:22] [INFO ] [main] in  o.s.b.factory.support.DefaultListableBeanFactory - Overriding bean definition for bean 'counterFactory' with a different definition: replacing [Root bean: class [null]; scope=; abstract=false; lazyInit=false; autowireMode=3; dependencyCheck=0; autowireCandidate=true; primary=false; factoryBeanName=org.springframework.cloud.netflix.zuul.ZuulServerAutoConfiguration$ZuulMetricsConfiguration; factoryMethodName=counterFactory; initMethodName=null; destroyMethodName=(inferred); defined in class path resource [org/springframework/cloud/netflix/zuul/ZuulServerAutoConfiguration$ZuulMetricsConfiguration.class]] with [Root bean: class [null]; scope=; abstract=false; lazyInit=false; autowireMode=3; dependencyCheck=0; autowireCandidate=true; primary=false; factoryBeanName=org.springframework.cloud.netflix.zuul.ZuulServerAutoConfiguration$ZuulCounterFactoryConfiguration; factoryMethodName=counterFactory; initMethodName=null; destroyMethodName=(inferred); defined in class path resource [org/springframework/cloud/netflix/zuul/ZuulServerAutoConfiguration$ZuulCounterFactoryConfiguration.class]]
[2018-08-07 13:18:23] [INFO ] [main] in  o.springframework.cloud.context.scope.GenericScope - BeanFactory id=b6af5809-4615-304a-8737-fe89c3fdd423
[2018-08-07 13:18:23] [INFO ] [main] in  o.s.i.c.DefaultConfiguringBeanFactoryPostProcessor - No bean named 'errorChannel' has been explicitly defined. Therefore, a default PublishSubscribeChannel will be created.
[2018-08-07 13:18:23] [INFO ] [main] in  o.s.i.c.DefaultConfiguringBeanFactoryPostProcessor - No bean named 'taskScheduler' has been explicitly defined. Therefore, a default ThreadPoolTaskScheduler will be created.
[2018-08-07 13:18:23] [INFO ] [main] in  o.s.b.f.a.AutowiredAnnotationBeanPostProcessor - JSR-330 'javax.inject.Inject' annotation found and supported for autowiring
[2018-08-07 13:18:23] [INFO ] [main] in  o.s.c.s.PostProcessorRegistrationDelegate$BeanPostProcessorChecker - Bean 'org.springframework.amqp.rabbit.annotation.RabbitBootstrapConfiguration' of type [org.springframework.amqp.rabbit.annotation.RabbitBootstrapConfiguration$$EnhancerBySpringCGLIB$$8cf99778] is not eligible for getting processed by all BeanPostProcessors (for example: not eligible for auto-proxying)
[2018-08-07 13:18:23] [INFO ] [main] in  o.s.c.s.PostProcessorRegistrationDelegate$BeanPostProcessorChecker - Bean 'org.springframework.transaction.annotation.ProxyTransactionManagementConfiguration' of type [org.springframework.transaction.annotation.ProxyTransactionManagementConfiguration$$EnhancerBySpringCGLIB$$c68dd94a] is not eligible for getting processed by all BeanPostProcessors (for example: not eligible for auto-proxying)
[2018-08-07 13:18:24] [INFO ] [main] in  o.s.c.s.PostProcessorRegistrationDelegate$BeanPostProcessorChecker - Bean 'redisConfig' of type [com.idream.commons.db.redis.RedisConfig$$EnhancerBySpringCGLIB$$89755e36] is not eligible for getting processed by all BeanPostProcessors (for example: not eligible for auto-proxying)
[2018-08-07 13:18:24] [INFO ] [main] in  o.s.c.s.PostProcessorRegistrationDelegate$BeanPostProcessorChecker - Bean 'org.springframework.cache.annotation.ProxyCachingConfiguration' of type [org.springframework.cache.annotation.ProxyCachingConfiguration$$EnhancerBySpringCGLIB$$fa00f68] is not eligible for getting processed by all BeanPostProcessors (for example: not eligible for auto-proxying)
[2018-08-07 13:18:24] [INFO ] [main] in  o.s.c.s.PostProcessorRegistrationDelegate$BeanPostProcessorChecker - Bean 'org.springframework.boot.autoconfigure.cache.CacheAutoConfiguration' of type [org.springframework.boot.autoconfigure.cache.CacheAutoConfiguration$$EnhancerBySpringCGLIB$$413d40c] is not eligible for getting processed by all BeanPostProcessors (for example: not eligible for auto-proxying)
[2018-08-07 13:18:24] [INFO ] [main] in  o.s.c.s.PostProcessorRegistrationDelegate$BeanPostProcessorChecker - Bean 'spelConverter' of type [org.springframework.cloud.stream.config.SpelExpressionConverterConfiguration$SpelConverter] is not eligible for getting processed by all BeanPostProcessors (for example: not eligible for auto-proxying)
[2018-08-07 13:18:24] [INFO ] [main] in  o.s.c.s.PostProcessorRegistrationDelegate$BeanPostProcessorChecker - Bean 'org.springframework.boot.context.properties.ConversionServiceDeducer$Factory' of type [org.springframework.boot.context.properties.ConversionServiceDeducer$Factory] is not eligible for getting processed by all BeanPostProcessors (for example: not eligible for auto-proxying)
[2018-08-07 13:18:24] [INFO ] [main] in  o.s.c.s.PostProcessorRegistrationDelegate$BeanPostProcessorChecker - Bean 'spring.cache-org.springframework.boot.autoconfigure.cache.CacheProperties' of type [org.springframework.boot.autoconfigure.cache.CacheProperties] is not eligible for getting processed by all BeanPostProcessors (for example: not eligible for auto-proxying)
[2018-08-07 13:18:24] [INFO ] [main] in  o.s.c.s.PostProcessorRegistrationDelegate$BeanPostProcessorChecker - Bean 'cacheManagerCustomizers' of type [org.springframework.boot.autoconfigure.cache.CacheManagerCustomizers] is not eligible for getting processed by all BeanPostProcessors (for example: not eligible for auto-proxying)
[2018-08-07 13:18:24] [INFO ] [main] in  o.s.c.s.PostProcessorRegistrationDelegate$BeanPostProcessorChecker - Bean 'org.springframework.boot.autoconfigure.cache.RedisCacheConfiguration' of type [org.springframework.boot.autoconfigure.cache.RedisCacheConfiguration$$EnhancerBySpringCGLIB$$b4a57066] is not eligible for getting processed by all BeanPostProcessors (for example: not eligible for auto-proxying)
[2018-08-07 13:18:24] [INFO ] [main] in  o.s.c.s.PostProcessorRegistrationDelegate$BeanPostProcessorChecker - Bean 'spring.redis-org.springframework.boot.autoconfigure.data.redis.RedisProperties' of type [org.springframework.boot.autoconfigure.data.redis.RedisProperties] is not eligible for getting processed by all BeanPostProcessors (for example: not eligible for auto-proxying)
[2018-08-07 13:18:24] [INFO ] [main] in  o.s.c.s.PostProcessorRegistrationDelegate$BeanPostProcessorChecker - Bean 'org.springframework.boot.autoconfigure.data.redis.JedisConnectionConfiguration' of type [org.springframework.boot.autoconfigure.data.redis.JedisConnectionConfiguration$$EnhancerBySpringCGLIB$$67c98adf] is not eligible for getting processed by all BeanPostProcessors (for example: not eligible for auto-proxying)
[2018-08-07 13:18:24] [INFO ] [main] in  o.s.c.s.PostProcessorRegistrationDelegate$BeanPostProcessorChecker - Bean 'redisConnectionFactory' of type [org.springframework.data.redis.connection.jedis.JedisConnectionFactory] is not eligible for getting processed by all BeanPostProcessors (for example: not eligible for auto-proxying)
[2018-08-07 13:18:24] [INFO ] [main] in  o.s.c.s.PostProcessorRegistrationDelegate$BeanPostProcessorChecker - Bean 'cacheManager' of type [org.springframework.data.redis.cache.RedisCacheManager] is not eligible for getting processed by all BeanPostProcessors (for example: not eligible for auto-proxying)
[2018-08-07 13:18:24] [INFO ] [main] in  o.s.c.s.PostProcessorRegistrationDelegate$BeanPostProcessorChecker - Bean 'cacheAutoConfigurationValidator' of type [org.springframework.boot.autoconfigure.cache.CacheAutoConfiguration$CacheManagerValidator] is not eligible for getting processed by all BeanPostProcessors (for example: not eligible for auto-proxying)
[2018-08-07 13:18:24] [INFO ] [main] in  o.s.c.s.PostProcessorRegistrationDelegate$BeanPostProcessorChecker - Bean 'org.springframework.integration.config.IntegrationManagementConfiguration' of type [org.springframework.integration.config.IntegrationManagementConfiguration$$EnhancerBySpringCGLIB$$317f9479] is not eligible for getting processed by all BeanPostProcessors (for example: not eligible for auto-proxying)
[2018-08-07 13:18:24] [INFO ] [main] in  o.s.c.s.PostProcessorRegistrationDelegate$BeanPostProcessorChecker - Bean 'org.springframework.cloud.autoconfigure.ConfigurationPropertiesRebinderAutoConfiguration' of type [org.springframework.cloud.autoconfigure.ConfigurationPropertiesRebinderAutoConfiguration$$EnhancerBySpringCGLIB$$e2a7dc47] is not eligible for getting processed by all BeanPostProcessors (for example: not eligible for auto-proxying)
[2018-08-07 13:18:24] [INFO ] [main] in  o.s.boot.web.embedded.tomcat.TomcatWebServer - Tomcat initialized with port(s): 8201 (http)
[2018-08-07 13:18:24] [INFO ] [main] in  org.apache.coyote.http11.Http11NioProtocol - Initializing ProtocolHandler ["http-nio-8201"]
[2018-08-07 13:18:24] [INFO ] [main] in  org.apache.catalina.core.StandardService - Starting service [Tomcat]
[2018-08-07 13:18:24] [INFO ] [main] in  org.apache.catalina.core.StandardEngine - Starting Servlet Engine: Apache Tomcat/8.5.28
[2018-08-07 13:18:24] [INFO ] [localhost-startStop-1] in  org.apache.catalina.core.AprLifecycleListener - The APR based Apache Tomcat Native library which allows optimal performance in production environments was not found on the java.library.path: [D:\Program Files\Java\jdk1.8.0_171\bin;C:\WINDOWS\Sun\Java\bin;C:\WINDOWS\system32;C:\WINDOWS;C:\Program Files (x86)\Common Files\Oracle\Java\javapath;C:\Program Files (x86)\Intel\Intel(R) Management Engine Components\iCLS\;C:\Program Files\Intel\Intel(R) Management Engine Components\iCLS\;C:\Windows\system32;C:\Windows;C:\Windows\System32\Wbem;C:\Windows\System32\WindowsPowerShell\v1.0\;C:\Program Files (x86)\Intel\Intel(R) Management Engine Components\DAL;C:\Program Files\Intel\Intel(R) Management Engine Components\DAL;C:\Program Files (x86)\Intel\Intel(R) Management Engine Components\IPT;C:\Program Files\Intel\Intel(R) Management Engine Components\IPT;C:\Program Files (x86)\NVIDIA Corporation\PhysX\Common;C:\Program Files\Intel\WiFi\bin\;C:\Program Files\Common Files\Intel\WirelessCommon\;D:\Program Files\Java\jdk1.8.0_171\bin;D:\Program Files\Java\jdk1.8.0_171\jre\bin;C:\Program Files\MySQL\MySQL Utilities 1.6\;D:\Program Files\Java\maven\apache-maven-3.5.3\bin;C:\Program Files\MySQL\MySQL Server 5.7\bin;D:\Program Files\TortoiseSVN\bin;C:\WINDOWS\system32;C:\WINDOWS;C:\WINDOWS\System32\Wbem;C:\WINDOWS\System32\WindowsPowerShell\v1.0\;C:\WINDOWS\System32\OpenSSH\;d:\Program Files\Microsoft VS Code\bin;C:\Program Files\nodejs;C:\Program Files\nodejs\node-global;C:\Users\HZ-DELL\AppData\Local\Microsoft\WindowsApps;C:\Users\HZ-DELL\AppData\Roaming\npm;C:\Users\HZ-DELL\AppData\Local\atom\bin;.]
[2018-08-07 13:18:25] [INFO ] [localhost-startStop-1] in  o.a.c.core.ContainerBase.[Tomcat].[localhost].[/] - Initializing Spring embedded WebApplicationContext
[2018-08-07 13:18:25] [INFO ] [localhost-startStop-1] in  org.springframework.web.context.ContextLoader - Root WebApplicationContext: initialization completed in 12650 ms
[2018-08-07 13:18:25] [WARN ] [localhost-startStop-1] in  com.netflix.config.sources.URLConfigurationSource - No URLs will be polled as dynamic configuration sources.
[2018-08-07 13:18:25] [INFO ] [localhost-startStop-1] in  com.netflix.config.sources.URLConfigurationSource - To enable URLs as dynamic configuration sources, define System property archaius.configurationSource.additionalUrls or make config.properties available on classpath.
[2018-08-07 13:18:25] [INFO ] [localhost-startStop-1] in  com.netflix.config.DynamicPropertyFactory - DynamicPropertyFactory is initialized with configuration sources: com.netflix.config.ConcurrentCompositeConfiguration@5851aa37
[2018-08-07 13:18:29] [INFO ] [localhost-startStop-1] in  o.s.scheduling.concurrent.ThreadPoolTaskScheduler - Initializing ExecutorService  'taskScheduler'
[2018-08-07 13:18:30] [INFO ] [localhost-startStop-1] in  o.s.boot.web.servlet.ServletRegistrationBean - Servlet proxyStreamServlet mapped to [/proxy.stream]
[2018-08-07 13:18:30] [INFO ] [localhost-startStop-1] in  o.s.boot.web.servlet.ServletRegistrationBean - Servlet HystrixMetricsStreamServlet mapped to [/hystrix.stream]
[2018-08-07 13:18:30] [INFO ] [localhost-startStop-1] in  o.s.boot.web.servlet.ServletRegistrationBean - Servlet dispatcherServlet mapped to [/]
[2018-08-07 13:18:30] [INFO ] [localhost-startStop-1] in  o.s.boot.web.servlet.ServletRegistrationBean - Servlet zuulServlet mapped to [/zuul/*]
[2018-08-07 13:18:30] [INFO ] [localhost-startStop-1] in  o.s.boot.web.servlet.FilterRegistrationBean - Mapping filter: 'characterEncodingFilter' to: [/*]
[2018-08-07 13:18:30] [INFO ] [localhost-startStop-1] in  o.s.boot.web.servlet.FilterRegistrationBean - Mapping filter: 'hiddenHttpMethodFilter' to: [/*]
[2018-08-07 13:18:30] [INFO ] [localhost-startStop-1] in  o.s.boot.web.servlet.FilterRegistrationBean - Mapping filter: 'httpPutFormContentFilter' to: [/*]
[2018-08-07 13:18:30] [INFO ] [localhost-startStop-1] in  o.s.boot.web.servlet.FilterRegistrationBean - Mapping filter: 'requestContextFilter' to: [/*]
[2018-08-07 13:18:30] [INFO ] [localhost-startStop-1] in  o.s.boot.web.servlet.FilterRegistrationBean - Mapping filter: 'httpTraceFilter' to: [/*]
[2018-08-07 13:18:30] [INFO ] [localhost-startStop-1] in  o.s.boot.web.servlet.FilterRegistrationBean - Mapping filter: 'webMvcMetricsFilter' to: [/*]
[2018-08-07 13:18:30] [INFO ] [localhost-startStop-1] in  o.s.boot.web.servlet.FilterRegistrationBean - Mapping filter: 'corsFilter' to: [/*]
[2018-08-07 13:18:30] [INFO ] [main] in  com.idream.commons.db.redis.RedisConfig - JedisPool注入成功！！
[2018-08-07 13:18:30] [INFO ] [main] in  com.idream.commons.db.redis.RedisConfig - redis地址：redis://:1234567@192.168.32.17:6379/0
[2018-08-07 13:18:31] [INFO ] [main] in  o.s.w.s.m.m.a.RequestMappingHandlerMapping - Mapped "{[/swagger-resources]}" onto public org.springframework.http.ResponseEntity<java.util.List<springfox.documentation.swagger.web.SwaggerResource>> springfox.documentation.swagger.web.ApiResourceController.swaggerResources()
[2018-08-07 13:18:31] [INFO ] [main] in  o.s.w.s.m.m.a.RequestMappingHandlerMapping - Mapped "{[/swagger-resources/configuration/ui]}" onto public org.springframework.http.ResponseEntity<springfox.documentation.swagger.web.UiConfiguration> springfox.documentation.swagger.web.ApiResourceController.uiConfiguration()
[2018-08-07 13:18:31] [INFO ] [main] in  o.s.w.s.m.m.a.RequestMappingHandlerMapping - Mapped "{[/swagger-resources/configuration/security]}" onto public org.springframework.http.ResponseEntity<springfox.documentation.swagger.web.SecurityConfiguration> springfox.documentation.swagger.web.ApiResourceController.securityConfiguration()
[2018-08-07 13:18:31] [INFO ] [main] in  o.s.w.s.m.m.a.RequestMappingHandlerMapping - Mapped "{[/hystrix/{path}]}" onto public java.lang.String org.springframework.cloud.netflix.hystrix.dashboard.HystrixDashboardController.monitor(java.lang.String,org.springframework.ui.Model,org.springframework.web.context.request.WebRequest)
[2018-08-07 13:18:31] [INFO ] [main] in  o.s.w.s.m.m.a.RequestMappingHandlerMapping - Mapped "{[/hystrix]}" onto public java.lang.String org.springframework.cloud.netflix.hystrix.dashboard.HystrixDashboardController.home(org.springframework.ui.Model,org.springframework.web.context.request.WebRequest)
[2018-08-07 13:18:31] [INFO ] [main] in  o.s.w.s.m.m.a.RequestMappingHandlerMapping - Mapped "{[/error]}" onto public org.springframework.http.ResponseEntity<java.util.Map<java.lang.String, java.lang.Object>> org.springframework.boot.autoconfigure.web.servlet.error.BasicErrorController.error(javax.servlet.http.HttpServletRequest)
[2018-08-07 13:18:31] [INFO ] [main] in  o.s.w.s.m.m.a.RequestMappingHandlerMapping - Mapped "{[/error],produces=[text/html]}" onto public org.springframework.web.servlet.ModelAndView org.springframework.boot.autoconfigure.web.servlet.error.BasicErrorController.errorHtml(javax.servlet.http.HttpServletRequest,javax.servlet.http.HttpServletResponse)
[2018-08-07 13:18:32] [INFO ] [main] in  o.s.b.a.e.web.servlet.WebMvcEndpointHandlerMapping - Mapped "{[/actuator/health],methods=[GET],produces=[application/vnd.spring-boot.actuator.v2+json || application/json]}" onto public java.lang.Object org.springframework.boot.actuate.endpoint.web.servlet.AbstractWebMvcEndpointHandlerMapping$OperationHandler.handle(javax.servlet.http.HttpServletRequest,java.util.Map<java.lang.String, java.lang.String>)
[2018-08-07 13:18:32] [INFO ] [main] in  o.s.b.a.e.web.servlet.WebMvcEndpointHandlerMapping - Mapped "{[/actuator/info],methods=[GET],produces=[application/vnd.spring-boot.actuator.v2+json || application/json]}" onto public java.lang.Object org.springframework.boot.actuate.endpoint.web.servlet.AbstractWebMvcEndpointHandlerMapping$OperationHandler.handle(javax.servlet.http.HttpServletRequest,java.util.Map<java.lang.String, java.lang.String>)
[2018-08-07 13:18:32] [INFO ] [main] in  o.s.b.a.e.web.servlet.WebMvcEndpointHandlerMapping - Mapped "{[/actuator],methods=[GET],produces=[application/vnd.spring-boot.actuator.v2+json || application/json]}" onto protected java.util.Map<java.lang.String, java.util.Map<java.lang.String, org.springframework.boot.actuate.endpoint.web.Link>> org.springframework.boot.actuate.endpoint.web.servlet.WebMvcEndpointHandlerMapping.links(javax.servlet.http.HttpServletRequest,javax.servlet.http.HttpServletResponse)
[2018-08-07 13:18:33] [INFO ] [main] in  s.d.s.w.PropertySourcedRequestMappingHandlerMapping - Mapped URL path [/v2/api-docs] onto method [public org.springframework.http.ResponseEntity<springfox.documentation.spring.web.json.Json> springfox.documentation.swagger2.web.Swagger2Controller.getDocumentation(java.lang.String,javax.servlet.http.HttpServletRequest)]
[2018-08-07 13:18:33] [INFO ] [main] in  o.s.ui.freemarker.SpringTemplateLoader - SpringTemplateLoader for FreeMarker: using resource loader [org.springframework.boot.web.servlet.context.AnnotationConfigServletWebServerApplicationContext@79179359: startup date [Tue Aug 07 13:18:12 CST 2018]; parent: org.springframework.context.annotation.AnnotationConfigApplicationContext@6a6afff2] and template loader path [classpath:/templates/]
[2018-08-07 13:18:33] [INFO ] [main] in  o.s.w.servlet.view.freemarker.FreeMarkerConfigurer - ClassTemplateLoader for Spring macros added to FreeMarker configuration
[2018-08-07 13:18:33] [WARN ] [main] in  com.netflix.config.sources.URLConfigurationSource - No URLs will be polled as dynamic configuration sources.
[2018-08-07 13:18:33] [INFO ] [main] in  com.netflix.config.sources.URLConfigurationSource - To enable URLs as dynamic configuration sources, define System property archaius.configurationSource.additionalUrls or make config.properties available on classpath.
[2018-08-07 13:18:34] [INFO ] [main] in  o.s.w.s.m.m.a.RequestMappingHandlerAdapter - Looking for @ControllerAdvice: org.springframework.boot.web.servlet.context.AnnotationConfigServletWebServerApplicationContext@79179359: startup date [Tue Aug 07 13:18:12 CST 2018]; parent: org.springframework.context.annotation.AnnotationConfigApplicationContext@6a6afff2
[2018-08-07 13:18:34] [INFO ] [main] in  o.s.web.servlet.handler.SimpleUrlHandlerMapping - Mapped URL path [/webjars/**] onto handler of type [class org.springframework.web.servlet.resource.ResourceHttpRequestHandler]
[2018-08-07 13:18:34] [INFO ] [main] in  o.s.web.servlet.handler.SimpleUrlHandlerMapping - Mapped URL path [/**] onto handler of type [class org.springframework.web.servlet.resource.ResourceHttpRequestHandler]
[2018-08-07 13:18:34] [INFO ] [main] in  o.s.web.servlet.handler.SimpleUrlHandlerMapping - Mapped URL path [/**/favicon.ico] onto handler of type [class org.springframework.web.servlet.resource.ResourceHttpRequestHandler]
[2018-08-07 13:18:50] [INFO ] [main] in  o.s.cloud.netflix.zuul.ZuulFilterInitializer - Starting filter initializer
[2018-08-07 13:18:51] [INFO ] [main] in  o.s.integration.channel.DirectChannel - Channel 'gateway-1.springCloudBusInput' has 1 subscriber(s).
[2018-08-07 13:18:51] [INFO ] [main] in  o.s.jmx.export.annotation.AnnotationMBeanExporter - Registering beans for JMX exposure on startup
[2018-08-07 13:18:51] [INFO ] [main] in  o.s.jmx.export.annotation.AnnotationMBeanExporter - Bean with name 'dataSource' has been autodetected for JMX exposure
[2018-08-07 13:18:51] [INFO ] [main] in  o.s.jmx.export.annotation.AnnotationMBeanExporter - Bean with name 'rabbitConnectionFactory' has been autodetected for JMX exposure
[2018-08-07 13:18:51] [INFO ] [main] in  o.s.jmx.export.annotation.AnnotationMBeanExporter - Bean with name 'integrationMbeanExporter' has been autodetected for JMX exposure
[2018-08-07 13:18:51] [INFO ] [main] in  o.s.jmx.export.annotation.AnnotationMBeanExporter - Bean with name 'configurationPropertiesRebinder' has been autodetected for JMX exposure
[2018-08-07 13:18:51] [INFO ] [main] in  o.s.jmx.export.annotation.AnnotationMBeanExporter - Bean with name 'environmentManager' has been autodetected for JMX exposure
[2018-08-07 13:18:51] [INFO ] [main] in  o.s.jmx.export.annotation.AnnotationMBeanExporter - Bean with name 'refreshScope' has been autodetected for JMX exposure
[2018-08-07 13:18:51] [INFO ] [main] in  o.s.jmx.export.annotation.AnnotationMBeanExporter - Located managed bean 'environmentManager': registering with JMX server as MBean [org.springframework.cloud.context.environment:name=environmentManager,type=EnvironmentManager]
[2018-08-07 13:18:51] [INFO ] [main] in  o.s.jmx.export.annotation.AnnotationMBeanExporter - Located managed bean 'refreshScope': registering with JMX server as MBean [org.springframework.cloud.context.scope.refresh:name=refreshScope,type=RefreshScope]
[2018-08-07 13:18:51] [INFO ] [main] in  o.s.jmx.export.annotation.AnnotationMBeanExporter - Located managed bean 'integrationMbeanExporter': registering with JMX server as MBean [org.springframework.integration.monitor:name=integrationMbeanExporter,type=IntegrationMBeanExporter]
[2018-08-07 13:18:51] [INFO ] [main] in  o.s.jmx.export.annotation.AnnotationMBeanExporter - Located managed bean 'configurationPropertiesRebinder': registering with JMX server as MBean [org.springframework.cloud.context.properties:name=configurationPropertiesRebinder,context=79179359,type=ConfigurationPropertiesRebinder]
[2018-08-07 13:18:51] [INFO ] [main] in  o.s.jmx.export.annotation.AnnotationMBeanExporter - Located MBean 'dataSource': registering with JMX server as MBean [com.alibaba.druid.pool:name=dataSource,type=DruidDataSource]
[2018-08-07 13:18:51] [INFO ] [main] in  o.s.jmx.export.annotation.AnnotationMBeanExporter - Located managed bean 'rabbitConnectionFactory': registering with JMX server as MBean [org.springframework.amqp.rabbit.connection:name=rabbitConnectionFactory,type=CachingConnectionFactory]
[2018-08-07 13:18:51] [INFO ] [main] in  o.s.integration.monitor.IntegrationMBeanExporter - Registering beans for JMX exposure on startup
[2018-08-07 13:18:51] [INFO ] [main] in  o.s.integration.monitor.IntegrationMBeanExporter - Registering MessageChannel errorChannel
[2018-08-07 13:18:51] [INFO ] [main] in  o.s.integration.monitor.IntegrationMBeanExporter - Located managed bean 'org.springframework.integration:type=MessageChannel,name=errorChannel': registering with JMX server as MBean [org.springframework.integration:type=MessageChannel,name=errorChannel]
[2018-08-07 13:18:51] [INFO ] [main] in  o.s.integration.monitor.IntegrationMBeanExporter - Registering MessageChannel springCloudBusOutput
[2018-08-07 13:18:51] [INFO ] [main] in  o.s.integration.monitor.IntegrationMBeanExporter - Located managed bean 'org.springframework.integration:type=MessageChannel,name=springCloudBusOutput': registering with JMX server as MBean [org.springframework.integration:type=MessageChannel,name=springCloudBusOutput]
[2018-08-07 13:18:51] [INFO ] [main] in  o.s.integration.monitor.IntegrationMBeanExporter - Registering MessageChannel userRequestRecordOutput
[2018-08-07 13:18:51] [INFO ] [main] in  o.s.integration.monitor.IntegrationMBeanExporter - Located managed bean 'org.springframework.integration:type=MessageChannel,name=userRequestRecordOutput': registering with JMX server as MBean [org.springframework.integration:type=MessageChannel,name=userRequestRecordOutput]
[2018-08-07 13:18:51] [INFO ] [main] in  o.s.integration.monitor.IntegrationMBeanExporter - Registering MessageChannel nullChannel
[2018-08-07 13:18:51] [INFO ] [main] in  o.s.integration.monitor.IntegrationMBeanExporter - Located managed bean 'org.springframework.integration:type=MessageChannel,name=nullChannel': registering with JMX server as MBean [org.springframework.integration:type=MessageChannel,name=nullChannel]
[2018-08-07 13:18:51] [INFO ] [main] in  o.s.integration.monitor.IntegrationMBeanExporter - Registering MessageChannel springCloudBusInput
[2018-08-07 13:18:51] [INFO ] [main] in  o.s.integration.monitor.IntegrationMBeanExporter - Located managed bean 'org.springframework.integration:type=MessageChannel,name=springCloudBusInput': registering with JMX server as MBean [org.springframework.integration:type=MessageChannel,name=springCloudBusInput]
[2018-08-07 13:18:51] [INFO ] [main] in  o.s.integration.monitor.IntegrationMBeanExporter - Registering MessageHandler org.springframework.cloud.stream.binding.StreamListenerMessageHandler@63880be9
[2018-08-07 13:18:51] [INFO ] [main] in  o.s.integration.monitor.IntegrationMBeanExporter - Located managed bean 'org.springframework.integration:type=MessageHandler,name=org.springframework.cloud.stream.binding.StreamListenerMessageHandler@63880be9,bean=handler': registering with JMX server as MBean [org.springframework.integration:type=MessageHandler,name=org.springframework.cloud.stream.binding.StreamListenerMessageHandler@63880be9,bean=handler]
[2018-08-07 13:18:51] [INFO ] [main] in  o.s.integration.monitor.IntegrationMBeanExporter - Registering MessageHandler errorLogger
[2018-08-07 13:18:51] [INFO ] [main] in  o.s.integration.monitor.IntegrationMBeanExporter - Located managed bean 'org.springframework.integration:type=MessageHandler,name=errorLogger,bean=internal': registering with JMX server as MBean [org.springframework.integration:type=MessageHandler,name=errorLogger,bean=internal]
[2018-08-07 13:18:51] [INFO ] [main] in  o.s.context.support.DefaultLifecycleProcessor - Starting beans in phase -2147482648
[2018-08-07 13:18:51] [INFO ] [main] in  o.s.c.c.client.ConfigServicePropertySourceLocator - Fetching config from server at: http://localhost:8101
[2018-08-07 13:18:52] [INFO ] [main] in  o.s.c.c.client.ConfigServicePropertySourceLocator - Located environment: name=gateway, profiles=[dev], label=master, version=f81c99e610d4b8ce761a36bd7a37fb785fc64575, state=null
[2018-08-07 13:18:52] [INFO ] [main] in  o.s.c.b.c.PropertySourceBootstrapConfiguration - Located property source: CompositePropertySource {name='configService', propertySources=[MapPropertySource {name='configClient'}, MapPropertySource {name='http://192.168.37.128/idream/cloud-config.git/conf/gateway-dev.properties'}]}
[2018-08-07 13:18:52] [INFO ] [main] in  o.s.c.a.AnnotationConfigApplicationContext - Refreshing org.springframework.context.annotation.AnnotationConfigApplicationContext@514dc5f4: startup date [Tue Aug 07 13:18:52 CST 2018]; parent: org.springframework.boot.web.servlet.context.AnnotationConfigServletWebServerApplicationContext@79179359
[2018-08-07 13:18:52] [INFO ] [main] in  o.s.b.f.a.AutowiredAnnotationBeanPostProcessor - JSR-330 'javax.inject.Inject' annotation found and supported for autowiring
[2018-08-07 13:18:52] [INFO ] [main] in  o.s.context.support.GenericApplicationContext - Refreshing org.springframework.context.support.GenericApplicationContext@25dad235: startup date [Tue Aug 07 13:18:52 CST 2018]; root of context hierarchy
[2018-08-07 13:18:52] [INFO ] [main] in  o.s.cloud.netflix.eureka.InstanceInfoFactory - Setting initial instance status as: STARTING
[2018-08-07 13:18:52] [INFO ] [main] in  com.netflix.discovery.DiscoveryClient - Initializing Eureka in region us-east-1
[2018-08-07 13:18:52] [INFO ] [main] in  c.n.discovery.provider.DiscoveryJerseyProvider - Using JSON encoding codec LegacyJacksonJson
[2018-08-07 13:18:52] [INFO ] [main] in  c.n.discovery.provider.DiscoveryJerseyProvider - Using JSON decoding codec LegacyJacksonJson
[2018-08-07 13:18:52] [INFO ] [main] in  c.n.discovery.provider.DiscoveryJerseyProvider - Using XML encoding codec XStreamXml
[2018-08-07 13:18:52] [INFO ] [main] in  c.n.discovery.provider.DiscoveryJerseyProvider - Using XML decoding codec XStreamXml
[2018-08-07 13:18:53] [INFO ] [main] in  c.n.d.shared.resolver.aws.ConfigClusterResolver - Resolving eureka endpoints via configuration
[2018-08-07 13:18:53] [INFO ] [main] in  com.netflix.discovery.DiscoveryClient - Disable delta property : false
[2018-08-07 13:18:53] [INFO ] [main] in  com.netflix.discovery.DiscoveryClient - Single vip registry refresh property : null
[2018-08-07 13:18:53] [INFO ] [main] in  com.netflix.discovery.DiscoveryClient - Force full registry fetch : false
[2018-08-07 13:18:53] [INFO ] [main] in  com.netflix.discovery.DiscoveryClient - Application is null : false
[2018-08-07 13:18:53] [INFO ] [main] in  com.netflix.discovery.DiscoveryClient - Registered Applications size is zero : true
[2018-08-07 13:18:53] [INFO ] [main] in  com.netflix.discovery.DiscoveryClient - Application version is -1: true
[2018-08-07 13:18:53] [INFO ] [main] in  com.netflix.discovery.DiscoveryClient - Getting all instance registry info from the eureka server
[2018-08-07 13:18:53] [INFO ] [main] in  com.netflix.discovery.DiscoveryClient - The response status is 200
[2018-08-07 13:18:53] [INFO ] [main] in  com.netflix.discovery.DiscoveryClient - Starting heartbeat executor: renew interval is: 30
[2018-08-07 13:18:53] [INFO ] [main] in  com.netflix.discovery.InstanceInfoReplicator - InstanceInfoReplicator onDemand update allowed rate per min is 4
[2018-08-07 13:18:53] [INFO ] [main] in  com.netflix.discovery.DiscoveryClient - Discovery Client initialized at timestamp 1533619133442 with initial instances count: 1
[2018-08-07 13:18:53] [INFO ] [main] in  o.s.a.rabbit.connection.CachingConnectionFactory - Attempting to connect to: [192.168.37.99:5672]
[2018-08-07 13:18:53] [INFO ] [main] in  o.s.a.rabbit.connection.CachingConnectionFactory - Created new connection: rabbitConnectionFactory#289c7d04:0/SimpleConnection@25ee3caa [delegate=amqp://admin@192.168.37.99:5672/, localPort= 56941]
[2018-08-07 13:18:53] [INFO ] [main] in  o.s.integration.channel.DirectChannel - Channel 'gateway-1.userRequestRecordOutput' has 1 subscriber(s).
[2018-08-07 13:18:53] [INFO ] [main] in  o.s.integration.channel.DirectChannel - Channel 'gateway-1.springCloudBusOutput' has 1 subscriber(s).
[2018-08-07 13:18:53] [INFO ] [main] in  o.s.context.support.DefaultLifecycleProcessor - Starting beans in phase 0
[2018-08-07 13:18:53] [INFO ] [main] in  o.s.c.n.e.serviceregistry.EurekaServiceRegistry - Registering application gateway with eureka with status UP
[2018-08-07 13:18:53] [INFO ] [main] in  com.netflix.discovery.DiscoveryClient - Saw local status change event StatusChangeEvent [timestamp=1533619133916, current=UP, previous=STARTING]
[2018-08-07 13:18:53] [INFO ] [DiscoveryClient-InstanceInfoReplicator-0] in  com.netflix.discovery.DiscoveryClient - DiscoveryClient_GATEWAY/DESKTOP-PTVTC68:gateway:8201: registering service...
[2018-08-07 13:18:53] [INFO ] [main] in  o.s.integration.endpoint.EventDrivenConsumer - Adding {logging-channel-adapter:_org.springframework.integration.errorLogger} as a subscriber to the 'errorChannel' channel
[2018-08-07 13:18:53] [INFO ] [main] in  o.s.integration.channel.PublishSubscribeChannel - Channel 'gateway-1.errorChannel' has 1 subscriber(s).
[2018-08-07 13:18:53] [INFO ] [main] in  o.s.integration.endpoint.EventDrivenConsumer - started _org.springframework.integration.errorLogger
[2018-08-07 13:18:53] [INFO ] [main] in  o.s.context.support.DefaultLifecycleProcessor - Starting beans in phase 2147482647
[2018-08-07 13:18:53] [INFO ] [main] in  o.s.c.s.b.r.p.RabbitExchangeQueueProvisioner - declaring queue for inbound: springCloudBus.anonymous.9S8AZHOeTH2-y3n3G88XyA, bound to: springCloudBus
[2018-08-07 13:18:53] [INFO ] [DiscoveryClient-InstanceInfoReplicator-0] in  com.netflix.discovery.DiscoveryClient - DiscoveryClient_GATEWAY/DESKTOP-PTVTC68:gateway:8201 - registration status: 204
[2018-08-07 13:18:54] [INFO ] [main] in  o.s.cloud.stream.binder.BinderErrorChannel - Channel 'gateway-1-1.springCloudBus.anonymous.9S8AZHOeTH2-y3n3G88XyA.errors' has 1 subscriber(s).
[2018-08-07 13:18:54] [INFO ] [main] in  o.s.cloud.stream.binder.BinderErrorChannel - Channel 'gateway-1-1.springCloudBus.anonymous.9S8AZHOeTH2-y3n3G88XyA.errors' has 2 subscriber(s).
[2018-08-07 13:18:54] [INFO ] [main] in  o.s.i.amqp.inbound.AmqpInboundChannelAdapter - started inbound.springCloudBus.anonymous.9S8AZHOeTH2-y3n3G88XyA
[2018-08-07 13:18:54] [INFO ] [main] in  o.s.context.support.DefaultLifecycleProcessor - Starting beans in phase 2147483647
[2018-08-07 13:18:54] [INFO ] [main] in  s.d.s.web.plugins.DocumentationPluginsBootstrapper - Context refreshed
[2018-08-07 13:18:54] [INFO ] [main] in  s.d.s.web.plugins.DocumentationPluginsBootstrapper - Found 1 custom documentation plugin(s)
[2018-08-07 13:18:54] [INFO ] [main] in  s.d.spring.web.scanners.ApiListingReferenceScanner - Scanning for api listing references
[2018-08-07 13:18:54] [INFO ] [main] in  org.apache.coyote.http11.Http11NioProtocol - Starting ProtocolHandler ["http-nio-8201"]
[2018-08-07 13:18:54] [INFO ] [main] in  org.apache.tomcat.util.net.NioSelectorPool - Using a shared selector for servlet write/read
[2018-08-07 13:18:54] [INFO ] [main] in  o.s.boot.web.embedded.tomcat.TomcatWebServer - Tomcat started on port(s): 8201 (http) with context path ''
[2018-08-07 13:18:54] [INFO ] [main] in  o.s.c.n.e.s.EurekaAutoServiceRegistration - Updating port to 8201
[2018-08-07 13:18:54] [INFO ] [main] in  com.idream.GatewayApplication - Started GatewayApplication in 45.448 seconds (JVM running for 46.784)
[2018-08-07 13:18:55] [INFO ] [RMI TCP Connection(24)-127.0.0.1] in  o.a.c.core.ContainerBase.[Tomcat].[localhost].[/] - Initializing Spring FrameworkServlet 'dispatcherServlet'
[2018-08-07 13:18:55] [INFO ] [RMI TCP Connection(24)-127.0.0.1] in  org.springframework.web.servlet.DispatcherServlet - FrameworkServlet 'dispatcherServlet': initialization started
[2018-08-07 13:18:55] [INFO ] [RMI TCP Connection(20)-127.0.0.1] in  com.alibaba.druid.pool.DruidDataSource - {dataSource-1} inited
[2018-08-07 13:18:55] [INFO ] [RMI TCP Connection(24)-127.0.0.1] in  org.springframework.web.servlet.DispatcherServlet - FrameworkServlet 'dispatcherServlet': initialization completed in 102 ms
[2018-08-07 13:18:57] [WARN ] [RMI TCP Connection(20)-127.0.0.1] in  o.s.boot.actuate.redis.RedisHealthIndicator - Redis health check failed
org.springframework.data.redis.RedisConnectionFailureException: Cannot get Jedis connection; nested exception is redis.clients.jedis.exceptions.JedisConnectionException: java.net.ConnectException: Connection refused: connect
	at org.springframework.data.redis.connection.jedis.JedisConnectionFactory.fetchJedisConnector(JedisConnectionFactory.java:286)
	at org.springframework.data.redis.connection.jedis.JedisConnectionFactory.getConnection(JedisConnectionFactory.java:469)
	at org.springframework.data.redis.core.RedisConnectionUtils.doGetConnection(RedisConnectionUtils.java:132)
	at org.springframework.data.redis.core.RedisConnectionUtils.getConnection(RedisConnectionUtils.java:95)
	at org.springframework.data.redis.core.RedisConnectionUtils.getConnection(RedisConnectionUtils.java:82)
	at org.springframework.boot.actuate.redis.RedisHealthIndicator.doHealthCheck(RedisHealthIndicator.java:56)
	at org.springframework.boot.actuate.health.AbstractHealthIndicator.health(AbstractHealthIndicator.java:84)
	at org.springframework.boot.actuate.health.CompositeHealthIndicator.health(CompositeHealthIndicator.java:68)
	at org.springframework.boot.actuate.health.HealthEndpoint.health(HealthEndpoint.java:47)
	at sun.reflect.NativeMethodAccessorImpl.invoke0(Native Method)
	at sun.reflect.NativeMethodAccessorImpl.invoke(NativeMethodAccessorImpl.java:62)
	at sun.reflect.DelegatingMethodAccessorImpl.invoke(DelegatingMethodAccessorImpl.java:43)
	at java.lang.reflect.Method.invoke(Method.java:498)
	at org.springframework.util.ReflectionUtils.invokeMethod(ReflectionUtils.java:223)
	at org.springframework.boot.actuate.endpoint.invoke.reflect.ReflectiveOperationInvoker.invoke(ReflectiveOperationInvoker.java:76)
	at org.springframework.boot.actuate.endpoint.annotation.AbstractDiscoveredOperation.invoke(AbstractDiscoveredOperation.java:61)
	at org.springframework.boot.actuate.endpoint.jmx.EndpointMBean.invoke(EndpointMBean.java:102)
	at org.springframework.boot.actuate.endpoint.jmx.EndpointMBean.invoke(EndpointMBean.java:93)
	at com.sun.jmx.interceptor.DefaultMBeanServerInterceptor.invoke(DefaultMBeanServerInterceptor.java:819)
	at com.sun.jmx.mbeanserver.JmxMBeanServer.invoke(JmxMBeanServer.java:801)
	at javax.management.remote.rmi.RMIConnectionImpl.doOperation(RMIConnectionImpl.java:1468)
	at javax.management.remote.rmi.RMIConnectionImpl.access$300(RMIConnectionImpl.java:76)
	at javax.management.remote.rmi.RMIConnectionImpl$PrivilegedOperation.run(RMIConnectionImpl.java:1309)
	at javax.management.remote.rmi.RMIConnectionImpl.doPrivilegedOperation(RMIConnectionImpl.java:1401)
	at javax.management.remote.rmi.RMIConnectionImpl.invoke(RMIConnectionImpl.java:829)
	at sun.reflect.GeneratedMethodAccessor140.invoke(Unknown Source)
	at sun.reflect.DelegatingMethodAccessorImpl.invoke(DelegatingMethodAccessorImpl.java:43)
	at java.lang.reflect.Method.invoke(Method.java:498)
	at sun.rmi.server.UnicastServerRef.dispatch(UnicastServerRef.java:357)
	at sun.rmi.transport.Transport$1.run(Transport.java:200)
	at sun.rmi.transport.Transport$1.run(Transport.java:197)
	at java.security.AccessController.doPrivileged(Native Method)
	at sun.rmi.transport.Transport.serviceCall(Transport.java:196)
	at sun.rmi.transport.tcp.TCPTransport.handleMessages(TCPTransport.java:573)
	at sun.rmi.transport.tcp.TCPTransport$ConnectionHandler.run0(TCPTransport.java:835)
	at sun.rmi.transport.tcp.TCPTransport$ConnectionHandler.lambda$run$0(TCPTransport.java:688)
	at java.security.AccessController.doPrivileged(Native Method)
	at sun.rmi.transport.tcp.TCPTransport$ConnectionHandler.run(TCPTransport.java:687)
	at java.util.concurrent.ThreadPoolExecutor.runWorker(ThreadPoolExecutor.java:1149)
	at java.util.concurrent.ThreadPoolExecutor$Worker.run(ThreadPoolExecutor.java:624)
	at java.lang.Thread.run(Thread.java:748)
Caused by: redis.clients.jedis.exceptions.JedisConnectionException: java.net.ConnectException: Connection refused: connect
	at redis.clients.jedis.Connection.connect(Connection.java:207)
	at redis.clients.jedis.BinaryClient.connect(BinaryClient.java:93)
	at redis.clients.jedis.BinaryJedis.connect(BinaryJedis.java:1767)
	at org.springframework.data.redis.connection.jedis.JedisConnectionFactory.fetchJedisConnector(JedisConnectionFactory.java:281)
	... 40 common frames omitted
Caused by: java.net.ConnectException: Connection refused: connect
	at java.net.DualStackPlainSocketImpl.connect0(Native Method)
	at java.net.DualStackPlainSocketImpl.socketConnect(DualStackPlainSocketImpl.java:79)
	at java.net.AbstractPlainSocketImpl.doConnect(AbstractPlainSocketImpl.java:350)
	at java.net.AbstractPlainSocketImpl.connectToAddress(AbstractPlainSocketImpl.java:206)
	at java.net.AbstractPlainSocketImpl.connect(AbstractPlainSocketImpl.java:188)
	at java.net.PlainSocketImpl.connect(PlainSocketImpl.java:172)
	at java.net.SocksSocketImpl.connect(SocksSocketImpl.java:392)
	at java.net.Socket.connect(Socket.java:589)
	at redis.clients.jedis.Connection.connect(Connection.java:184)
	... 43 common frames omitted
[2018-08-07 13:18:57] [INFO ] [RMI TCP Connection(20)-127.0.0.1] in  o.s.c.c.client.ConfigServicePropertySourceLocator - Fetching config from server at: http://localhost:8101
[2018-08-07 13:18:57] [INFO ] [RMI TCP Connection(20)-127.0.0.1] in  o.s.c.c.client.ConfigServicePropertySourceLocator - Located environment: name=gateway, profiles=[dev], label=master, version=f81c99e610d4b8ce761a36bd7a37fb785fc64575, state=null
[2018-08-07 13:23:53] [INFO ] [AsyncResolver-bootstrap-executor-0] in  c.n.d.shared.resolver.aws.ConfigClusterResolver - Resolving eureka endpoints via configuration
[2018-08-07 13:28:53] [INFO ] [AsyncResolver-bootstrap-executor-0] in  c.n.d.shared.resolver.aws.ConfigClusterResolver - Resolving eureka endpoints via configuration
[2018-08-07 13:33:53] [INFO ] [AsyncResolver-bootstrap-executor-0] in  c.n.d.shared.resolver.aws.ConfigClusterResolver - Resolving eureka endpoints via configuration
[2018-08-07 13:38:53] [INFO ] [AsyncResolver-bootstrap-executor-0] in  c.n.d.shared.resolver.aws.ConfigClusterResolver - Resolving eureka endpoints via configuration
[2018-08-07 13:43:53] [INFO ] [AsyncResolver-bootstrap-executor-0] in  c.n.d.shared.resolver.aws.ConfigClusterResolver - Resolving eureka endpoints via configuration
[2018-08-07 13:48:53] [INFO ] [AsyncResolver-bootstrap-executor-0] in  c.n.d.shared.resolver.aws.ConfigClusterResolver - Resolving eureka endpoints via configuration
[2018-08-07 13:53:53] [INFO ] [AsyncResolver-bootstrap-executor-0] in  c.n.d.shared.resolver.aws.ConfigClusterResolver - Resolving eureka endpoints via configuration
[2018-08-07 13:58:53] [INFO ] [AsyncResolver-bootstrap-executor-0] in  c.n.d.shared.resolver.aws.ConfigClusterResolver - Resolving eureka endpoints via configuration
[2018-08-07 14:03:53] [INFO ] [AsyncResolver-bootstrap-executor-0] in  c.n.d.shared.resolver.aws.ConfigClusterResolver - Resolving eureka endpoints via configuration
[2018-08-07 14:08:53] [INFO ] [AsyncResolver-bootstrap-executor-0] in  c.n.d.shared.resolver.aws.ConfigClusterResolver - Resolving eureka endpoints via configuration
[2018-08-07 14:13:53] [INFO ] [AsyncResolver-bootstrap-executor-0] in  c.n.d.shared.resolver.aws.ConfigClusterResolver - Resolving eureka endpoints via configuration
[2018-08-07 14:18:53] [INFO ] [AsyncResolver-bootstrap-executor-0] in  c.n.d.shared.resolver.aws.ConfigClusterResolver - Resolving eureka endpoints via configuration
[2018-08-07 14:23:53] [INFO ] [AsyncResolver-bootstrap-executor-0] in  c.n.d.shared.resolver.aws.ConfigClusterResolver - Resolving eureka endpoints via configuration
[2018-08-07 14:28:53] [INFO ] [AsyncResolver-bootstrap-executor-0] in  c.n.d.shared.resolver.aws.ConfigClusterResolver - Resolving eureka endpoints via configuration
