[2018-08-30 09:14:58] [INFO ] [SimpleAsyncTaskExecutor-10] in o.s.a.r.listener.SimpleMessageListenerContainer - Restarting Consumer@52f3427e: tags=[{amq.ctag-LPbK18Nt45CHe_Ctz1uw-w=communityLifeTimeLineQueue}], channel=Cached Rabbit Channel: PublisherCallbackChannelImpl: AMQChannel(amqp://admin@192.168.37.99:5672/,4), conn: Proxy@328bc067 Shared Rabbit Connection: null, acknowledgeMode=MANUAL local queue size=0
[2018-08-30 09:14:58] [INFO ] [SimpleAsyncTaskExecutor-5] in o.s.a.r.listener.SimpleMessageListenerContainer - Restarting Consumer@3504909a: tags=[{amq.ctag-DiK_Ck66oOSLZ_xrDZjMsg=dl_communityLifeTimeLineQueue}], channel=Cached Rabbit Channel: PublisherCallbackChannelImpl: AMQChannel(amqp://admin@192.168.37.99:5672/,3), conn: Proxy@328bc067 Shared Rabbit Connection: null, acknowledgeMode=AUTO local queue size=0
[2018-08-30 09:14:58] [WARN ] [AMQP Connection 192.168.37.99:5672] in com.rabbitmq.client.impl.ForgivingExceptionHandler - An unexpected connection driver error occured (Exception message: Connection reset)
[2018-08-30 09:14:58] [INFO ] [springCloudBus.anonymous.oV8D51PjSia3HRhyNXjjxg-5] in o.s.a.r.listener.SimpleMessageListenerContainer - Restarting Consumer@c951933: tags=[{amq.ctag-pyYGTizs1lbUjvMZpe6LOA=springCloudBus.anonymous.oV8D51PjSia3HRhyNXjjxg}], channel=Cached Rabbit Channel: PublisherCallbackChannelImpl: AMQChannel(amqp://admin@192.168.37.99:5672/,2), conn: Proxy@328bc067 Shared Rabbit Connection: null, acknowledgeMode=AUTO local queue size=0
[2018-08-30 09:15:01] [INFO ] [springCloudBus.anonymous.oV8D51PjSia3HRhyNXjjxg-6] in o.s.a.rabbit.connection.CachingConnectionFactory - Attempting to connect to: 192.168.37.99:5672
[2018-08-30 09:15:01] [ERROR] [SimpleAsyncTaskExecutor-11] in o.s.a.r.listener.SimpleMessageListenerContainer - Failed to check/redeclare auto-delete queue(s).
org.springframework.amqp.AmqpAuthenticationException: com.rabbitmq.client.PossibleAuthenticationFailureException: Possibly caused by authentication failure
	at org.springframework.amqp.rabbit.support.RabbitExceptionTranslator.convertRabbitAccessException(RabbitExceptionTranslator.java:65)
	at org.springframework.amqp.rabbit.connection.AbstractConnectionFactory.createBareConnection(AbstractConnectionFactory.java:476)
	at org.springframework.amqp.rabbit.connection.CachingConnectionFactory.createConnection(CachingConnectionFactory.java:614)
	at org.springframework.amqp.rabbit.connection.CachingConnectionFactory.createBareChannel(CachingConnectionFactory.java:564)
	at org.springframework.amqp.rabbit.connection.CachingConnectionFactory.getCachedChannelProxy(CachingConnectionFactory.java:538)
	at org.springframework.amqp.rabbit.connection.CachingConnectionFactory.getChannel(CachingConnectionFactory.java:520)
	at org.springframework.amqp.rabbit.connection.CachingConnectionFactory.access$1500(CachingConnectionFactory.java:94)
	at org.springframework.amqp.rabbit.connection.CachingConnectionFactory$ChannelCachingConnectionProxy.createChannel(CachingConnectionFactory.java:1161)
	at org.springframework.amqp.rabbit.core.RabbitTemplate.doExecute(RabbitTemplate.java:1816)
	at org.springframework.amqp.rabbit.core.RabbitTemplate.execute(RabbitTemplate.java:1784)
	at org.springframework.amqp.rabbit.core.RabbitTemplate.execute(RabbitTemplate.java:1765)
	at org.springframework.amqp.rabbit.core.RabbitAdmin.getQueueProperties(RabbitAdmin.java:324)
	at org.springframework.amqp.rabbit.listener.AbstractMessageListenerContainer.redeclareElementsIfNecessary(AbstractMessageListenerContainer.java:1604)
	at org.springframework.amqp.rabbit.listener.SimpleMessageListenerContainer$AsyncMessageProcessingConsumer.run(SimpleMessageListenerContainer.java:963)
	at java.lang.Thread.run(Thread.java:748)
Caused by: com.rabbitmq.client.PossibleAuthenticationFailureException: Possibly caused by authentication failure
	at com.rabbitmq.client.impl.AMQConnection.start(AMQConnection.java:354)
	at com.rabbitmq.client.ConnectionFactory.newConnection(ConnectionFactory.java:957)
	at com.rabbitmq.client.ConnectionFactory.newConnection(ConnectionFactory.java:907)
	at com.rabbitmq.client.ConnectionFactory.newConnection(ConnectionFactory.java:1066)
	at org.springframework.amqp.rabbit.connection.AbstractConnectionFactory.createBareConnection(AbstractConnectionFactory.java:458)
	... 13 common frames omitted
Caused by: com.rabbitmq.client.ShutdownSignalException: connection error
	at com.rabbitmq.utility.ValueOrException.getValue(ValueOrException.java:66)
	at com.rabbitmq.utility.BlockingValueOrException.uninterruptibleGetValue(BlockingValueOrException.java:36)
	at com.rabbitmq.client.impl.AMQChannel$BlockingRpcContinuation.getReply(AMQChannel.java:494)
	at com.rabbitmq.client.impl.AMQChannel.privateRpc(AMQChannel.java:325)
	at com.rabbitmq.client.impl.AMQChannel.rpc(AMQChannel.java:270)
	at com.rabbitmq.client.impl.AMQConnection.start(AMQConnection.java:339)
	... 17 common frames omitted
Caused by: java.net.SocketException: Connection reset
	at java.net.SocketInputStream.read(SocketInputStream.java:210)
	at java.net.SocketInputStream.read(SocketInputStream.java:141)
	at java.io.BufferedInputStream.fill(BufferedInputStream.java:246)
	at java.io.BufferedInputStream.read(BufferedInputStream.java:265)
	at java.io.DataInputStream.readUnsignedByte(DataInputStream.java:288)
	at com.rabbitmq.client.impl.Frame.readFrom(Frame.java:91)
	at com.rabbitmq.client.impl.SocketFrameHandler.readFrame(SocketFrameHandler.java:164)
	at com.rabbitmq.client.impl.AMQConnection$MainLoop.run(AMQConnection.java:580)
	... 1 common frames omitted
[2018-08-30 09:15:01] [INFO ] [springCloudBus.anonymous.oV8D51PjSia3HRhyNXjjxg-6] in o.s.a.rabbit.connection.CachingConnectionFactory - Created new connection: connectionFactory#5a3d99a:6/SimpleConnection@5c196360 [delegate=amqp://admin@192.168.37.99:5672/, localPort= 59945]
[2018-08-30 09:15:01] [INFO ] [springCloudBus.anonymous.oV8D51PjSia3HRhyNXjjxg-6] in org.springframework.amqp.rabbit.core.RabbitAdmin - Auto-declaring a non-durable, auto-delete, or exclusive Queue (springCloudBus.anonymous.oV8D51PjSia3HRhyNXjjxg) durable:false, auto-delete:true, exclusive:true. It will be redeclared if the broker stops and is restarted while the connection factory is alive, but all messages will be lost.
[2018-08-30 09:16:48] [INFO ] [AsyncResolver-bootstrap-executor-0] in c.n.d.shared.resolver.aws.ConfigClusterResolver - Resolving eureka endpoints via configuration
[2018-08-30 09:21:48] [INFO ] [AsyncResolver-bootstrap-executor-0] in c.n.d.shared.resolver.aws.ConfigClusterResolver - Resolving eureka endpoints via configuration
[2018-08-30 09:26:48] [INFO ] [AsyncResolver-bootstrap-executor-0] in c.n.d.shared.resolver.aws.ConfigClusterResolver - Resolving eureka endpoints via configuration
[2018-08-30 09:31:48] [INFO ] [AsyncResolver-bootstrap-executor-0] in c.n.d.shared.resolver.aws.ConfigClusterResolver - Resolving eureka endpoints via configuration
[2018-08-30 09:36:48] [INFO ] [AsyncResolver-bootstrap-executor-0] in c.n.d.shared.resolver.aws.ConfigClusterResolver - Resolving eureka endpoints via configuration
[2018-08-30 09:41:48] [INFO ] [AsyncResolver-bootstrap-executor-0] in c.n.d.shared.resolver.aws.ConfigClusterResolver - Resolving eureka endpoints via configuration
[2018-08-30 09:46:48] [INFO ] [AsyncResolver-bootstrap-executor-0] in c.n.d.shared.resolver.aws.ConfigClusterResolver - Resolving eureka endpoints via configuration
[2018-08-30 09:51:48] [INFO ] [AsyncResolver-bootstrap-executor-0] in c.n.d.shared.resolver.aws.ConfigClusterResolver - Resolving eureka endpoints via configuration
[2018-08-30 09:56:48] [INFO ] [AsyncResolver-bootstrap-executor-0] in c.n.d.shared.resolver.aws.ConfigClusterResolver - Resolving eureka endpoints via configuration
[2018-08-30 10:01:48] [INFO ] [AsyncResolver-bootstrap-executor-0] in c.n.d.shared.resolver.aws.ConfigClusterResolver - Resolving eureka endpoints via configuration
[2018-08-30 10:06:48] [INFO ] [AsyncResolver-bootstrap-executor-0] in c.n.d.shared.resolver.aws.ConfigClusterResolver - Resolving eureka endpoints via configuration
[2018-08-30 10:11:48] [INFO ] [AsyncResolver-bootstrap-executor-0] in c.n.d.shared.resolver.aws.ConfigClusterResolver - Resolving eureka endpoints via configuration
[2018-08-30 10:16:48] [INFO ] [AsyncResolver-bootstrap-executor-0] in c.n.d.shared.resolver.aws.ConfigClusterResolver - Resolving eureka endpoints via configuration
[2018-08-30 10:21:48] [INFO ] [AsyncResolver-bootstrap-executor-0] in c.n.d.shared.resolver.aws.ConfigClusterResolver - Resolving eureka endpoints via configuration
[2018-08-30 10:26:48] [INFO ] [AsyncResolver-bootstrap-executor-0] in c.n.d.shared.resolver.aws.ConfigClusterResolver - Resolving eureka endpoints via configuration
[2018-08-30 10:31:48] [INFO ] [AsyncResolver-bootstrap-executor-0] in c.n.d.shared.resolver.aws.ConfigClusterResolver - Resolving eureka endpoints via configuration
[2018-08-30 10:36:48] [INFO ] [AsyncResolver-bootstrap-executor-0] in c.n.d.shared.resolver.aws.ConfigClusterResolver - Resolving eureka endpoints via configuration
[2018-08-30 10:41:48] [INFO ] [AsyncResolver-bootstrap-executor-0] in c.n.d.shared.resolver.aws.ConfigClusterResolver - Resolving eureka endpoints via configuration
[2018-08-30 10:46:48] [INFO ] [AsyncResolver-bootstrap-executor-0] in c.n.d.shared.resolver.aws.ConfigClusterResolver - Resolving eureka endpoints via configuration
[2018-08-30 10:51:48] [INFO ] [AsyncResolver-bootstrap-executor-0] in c.n.d.shared.resolver.aws.ConfigClusterResolver - Resolving eureka endpoints via configuration
[2018-08-30 10:56:48] [INFO ] [AsyncResolver-bootstrap-executor-0] in c.n.d.shared.resolver.aws.ConfigClusterResolver - Resolving eureka endpoints via configuration
[2018-08-30 11:01:48] [INFO ] [AsyncResolver-bootstrap-executor-0] in c.n.d.shared.resolver.aws.ConfigClusterResolver - Resolving eureka endpoints via configuration
[2018-08-30 11:06:48] [INFO ] [AsyncResolver-bootstrap-executor-0] in c.n.d.shared.resolver.aws.ConfigClusterResolver - Resolving eureka endpoints via configuration
[2018-08-30 11:11:48] [INFO ] [AsyncResolver-bootstrap-executor-0] in c.n.d.shared.resolver.aws.ConfigClusterResolver - Resolving eureka endpoints via configuration
[2018-08-30 11:16:48] [INFO ] [AsyncResolver-bootstrap-executor-0] in c.n.d.shared.resolver.aws.ConfigClusterResolver - Resolving eureka endpoints via configuration
[2018-08-30 11:21:48] [INFO ] [AsyncResolver-bootstrap-executor-0] in c.n.d.shared.resolver.aws.ConfigClusterResolver - Resolving eureka endpoints via configuration
[2018-08-30 11:26:48] [INFO ] [AsyncResolver-bootstrap-executor-0] in c.n.d.shared.resolver.aws.ConfigClusterResolver - Resolving eureka endpoints via configuration
[2018-08-30 13:12:27] [WARN ] [AMQP Connection 192.168.37.99:5672] in com.rabbitmq.client.impl.ForgivingExceptionHandler - An unexpected connection driver error occured (Exception message: Connection reset)
[2018-08-30 13:12:27] [ERROR] [AMQP Connection 192.168.37.99:5672] in o.s.a.rabbit.connection.CachingConnectionFactory - Channel shutdown: connection error
[2018-08-30 13:12:27] [ERROR] [AMQP Connection 192.168.37.99:5672] in o.s.a.rabbit.connection.CachingConnectionFactory - Channel shutdown: connection error
[2018-08-30 13:12:27] [ERROR] [AMQP Connection 192.168.37.99:5672] in o.s.a.rabbit.connection.CachingConnectionFactory - Channel shutdown: connection error
[2018-08-30 13:12:27] [ERROR] [AMQP Connection 192.168.37.99:5672] in o.s.a.rabbit.connection.CachingConnectionFactory - Channel shutdown: connection error
[2018-08-30 13:12:28] [INFO ] [SimpleAsyncTaskExecutor-12] in o.s.a.r.listener.SimpleMessageListenerContainer - Restarting Consumer@6491ccd1: tags=[{amq.ctag-CFqVPovvNkNG0lAoHOaDgQ=communityLifeTimeLineQueue}], channel=Cached Rabbit Channel: PublisherCallbackChannelImpl: AMQChannel(amqp://admin@192.168.37.99:5672/,3), conn: Proxy@328bc067 Shared Rabbit Connection: SimpleConnection@5c196360 [delegate=amqp://admin@192.168.37.99:5672/, localPort= 59945], acknowledgeMode=MANUAL local queue size=0
[2018-08-30 13:12:28] [INFO ] [springCloudBus.anonymous.oV8D51PjSia3HRhyNXjjxg-6] in o.s.a.r.listener.SimpleMessageListenerContainer - Restarting Consumer@49328248: tags=[{amq.ctag-BS8xVci6CoWnBpsi6AGXeA=springCloudBus.anonymous.oV8D51PjSia3HRhyNXjjxg}], channel=Cached Rabbit Channel: PublisherCallbackChannelImpl: AMQChannel(amqp://admin@192.168.37.99:5672/,1), conn: Proxy@328bc067 Shared Rabbit Connection: SimpleConnection@5c196360 [delegate=amqp://admin@192.168.37.99:5672/, localPort= 59945], acknowledgeMode=AUTO local queue size=0
[2018-08-30 13:12:28] [INFO ] [springCloudBus.anonymous.oV8D51PjSia3HRhyNXjjxg-7] in o.s.a.rabbit.connection.CachingConnectionFactory - Attempting to connect to: 192.168.37.99:5672
[2018-08-30 13:12:28] [INFO ] [SimpleAsyncTaskExecutor-11] in o.s.a.r.listener.SimpleMessageListenerContainer - Restarting Consumer@1b9660b1: tags=[{amq.ctag-EOyn5vJWg-Eg-4Lf4atJfw=communityLifeTimeLineQueue}], channel=Cached Rabbit Channel: PublisherCallbackChannelImpl: AMQChannel(amqp://admin@192.168.37.99:5672/,4), conn: Proxy@328bc067 Shared Rabbit Connection: null, acknowledgeMode=MANUAL local queue size=0
[2018-08-30 13:12:28] [INFO ] [springCloudBus.anonymous.oV8D51PjSia3HRhyNXjjxg-7] in o.s.a.rabbit.connection.CachingConnectionFactory - Created new connection: connectionFactory#5a3d99a:7/SimpleConnection@5d425a33 [delegate=amqp://admin@192.168.37.99:5672/, localPort= 50824]
[2018-08-30 13:12:28] [INFO ] [SimpleAsyncTaskExecutor-6] in o.s.a.r.listener.SimpleMessageListenerContainer - Restarting Consumer@66b1cfbe: tags=[{amq.ctag-mK8V58lKa6bUO7pE2mNDdA=dl_communityLifeTimeLineQueue}], channel=Cached Rabbit Channel: PublisherCallbackChannelImpl: AMQChannel(amqp://admin@192.168.37.99:5672/,2), conn: Proxy@328bc067 Shared Rabbit Connection: SimpleConnection@5d425a33 [delegate=amqp://admin@192.168.37.99:5672/, localPort= 50824], acknowledgeMode=AUTO local queue size=0
[2018-08-30 13:12:28] [INFO ] [springCloudBus.anonymous.oV8D51PjSia3HRhyNXjjxg-7] in org.springframework.amqp.rabbit.core.RabbitAdmin - Auto-declaring a non-durable, auto-delete, or exclusive Queue (springCloudBus.anonymous.oV8D51PjSia3HRhyNXjjxg) durable:false, auto-delete:true, exclusive:true. It will be redeclared if the broker stops and is restarted while the connection factory is alive, but all messages will be lost.
[2018-08-30 13:13:44] [INFO ] [AsyncResolver-bootstrap-executor-0] in c.n.d.shared.resolver.aws.ConfigClusterResolver - Resolving eureka endpoints via configuration
[2018-08-30 13:18:44] [INFO ] [AsyncResolver-bootstrap-executor-0] in c.n.d.shared.resolver.aws.ConfigClusterResolver - Resolving eureka endpoints via configuration
[2018-08-30 13:23:44] [INFO ] [AsyncResolver-bootstrap-executor-0] in c.n.d.shared.resolver.aws.ConfigClusterResolver - Resolving eureka endpoints via configuration
[2018-08-30 13:28:44] [INFO ] [AsyncResolver-bootstrap-executor-0] in c.n.d.shared.resolver.aws.ConfigClusterResolver - Resolving eureka endpoints via configuration
[2018-08-30 13:33:44] [INFO ] [AsyncResolver-bootstrap-executor-0] in c.n.d.shared.resolver.aws.ConfigClusterResolver - Resolving eureka endpoints via configuration
[2018-08-30 13:38:44] [INFO ] [AsyncResolver-bootstrap-executor-0] in c.n.d.shared.resolver.aws.ConfigClusterResolver - Resolving eureka endpoints via configuration
[2018-08-30 13:43:44] [INFO ] [AsyncResolver-bootstrap-executor-0] in c.n.d.shared.resolver.aws.ConfigClusterResolver - Resolving eureka endpoints via configuration
[2018-08-30 13:48:44] [INFO ] [AsyncResolver-bootstrap-executor-0] in c.n.d.shared.resolver.aws.ConfigClusterResolver - Resolving eureka endpoints via configuration
[2018-08-30 13:53:44] [INFO ] [AsyncResolver-bootstrap-executor-0] in c.n.d.shared.resolver.aws.ConfigClusterResolver - Resolving eureka endpoints via configuration
[2018-08-30 13:58:44] [INFO ] [AsyncResolver-bootstrap-executor-0] in c.n.d.shared.resolver.aws.ConfigClusterResolver - Resolving eureka endpoints via configuration
[2018-08-30 14:03:44] [INFO ] [AsyncResolver-bootstrap-executor-0] in c.n.d.shared.resolver.aws.ConfigClusterResolver - Resolving eureka endpoints via configuration
[2018-08-30 14:08:44] [INFO ] [AsyncResolver-bootstrap-executor-0] in c.n.d.shared.resolver.aws.ConfigClusterResolver - Resolving eureka endpoints via configuration
[2018-08-30 14:13:44] [INFO ] [AsyncResolver-bootstrap-executor-0] in c.n.d.shared.resolver.aws.ConfigClusterResolver - Resolving eureka endpoints via configuration
[2018-08-30 14:18:44] [INFO ] [AsyncResolver-bootstrap-executor-0] in c.n.d.shared.resolver.aws.ConfigClusterResolver - Resolving eureka endpoints via configuration
[2018-08-30 14:23:44] [INFO ] [AsyncResolver-bootstrap-executor-0] in c.n.d.shared.resolver.aws.ConfigClusterResolver - Resolving eureka endpoints via configuration
[2018-08-30 14:28:44] [INFO ] [AsyncResolver-bootstrap-executor-0] in c.n.d.shared.resolver.aws.ConfigClusterResolver - Resolving eureka endpoints via configuration
[2018-08-30 14:33:44] [INFO ] [AsyncResolver-bootstrap-executor-0] in c.n.d.shared.resolver.aws.ConfigClusterResolver - Resolving eureka endpoints via configuration
[2018-08-30 14:38:44] [INFO ] [AsyncResolver-bootstrap-executor-0] in c.n.d.shared.resolver.aws.ConfigClusterResolver - Resolving eureka endpoints via configuration
[2018-08-30 14:43:44] [INFO ] [AsyncResolver-bootstrap-executor-0] in c.n.d.shared.resolver.aws.ConfigClusterResolver - Resolving eureka endpoints via configuration
[2018-08-30 14:48:44] [INFO ] [AsyncResolver-bootstrap-executor-0] in c.n.d.shared.resolver.aws.ConfigClusterResolver - Resolving eureka endpoints via configuration
[2018-08-30 14:53:44] [INFO ] [AsyncResolver-bootstrap-executor-0] in c.n.d.shared.resolver.aws.ConfigClusterResolver - Resolving eureka endpoints via configuration
[2018-08-30 14:58:44] [INFO ] [AsyncResolver-bootstrap-executor-0] in c.n.d.shared.resolver.aws.ConfigClusterResolver - Resolving eureka endpoints via configuration
[2018-08-30 15:03:44] [INFO ] [AsyncResolver-bootstrap-executor-0] in c.n.d.shared.resolver.aws.ConfigClusterResolver - Resolving eureka endpoints via configuration
[2018-08-30 15:08:44] [INFO ] [AsyncResolver-bootstrap-executor-0] in c.n.d.shared.resolver.aws.ConfigClusterResolver - Resolving eureka endpoints via configuration
[2018-08-30 15:13:44] [INFO ] [AsyncResolver-bootstrap-executor-0] in c.n.d.shared.resolver.aws.ConfigClusterResolver - Resolving eureka endpoints via configuration
[2018-08-30 15:18:44] [INFO ] [AsyncResolver-bootstrap-executor-0] in c.n.d.shared.resolver.aws.ConfigClusterResolver - Resolving eureka endpoints via configuration
[2018-08-30 15:23:44] [INFO ] [AsyncResolver-bootstrap-executor-0] in c.n.d.shared.resolver.aws.ConfigClusterResolver - Resolving eureka endpoints via configuration
[2018-08-30 15:28:44] [INFO ] [AsyncResolver-bootstrap-executor-0] in c.n.d.shared.resolver.aws.ConfigClusterResolver - Resolving eureka endpoints via configuration
[2018-08-30 15:33:44] [INFO ] [AsyncResolver-bootstrap-executor-0] in c.n.d.shared.resolver.aws.ConfigClusterResolver - Resolving eureka endpoints via configuration
[2018-08-30 15:38:44] [INFO ] [AsyncResolver-bootstrap-executor-0] in c.n.d.shared.resolver.aws.ConfigClusterResolver - Resolving eureka endpoints via configuration
[2018-08-30 15:43:44] [INFO ] [AsyncResolver-bootstrap-executor-0] in c.n.d.shared.resolver.aws.ConfigClusterResolver - Resolving eureka endpoints via configuration
[2018-08-30 15:48:44] [INFO ] [AsyncResolver-bootstrap-executor-0] in c.n.d.shared.resolver.aws.ConfigClusterResolver - Resolving eureka endpoints via configuration
[2018-08-30 15:53:44] [INFO ] [AsyncResolver-bootstrap-executor-0] in c.n.d.shared.resolver.aws.ConfigClusterResolver - Resolving eureka endpoints via configuration
[2018-08-30 15:58:44] [INFO ] [AsyncResolver-bootstrap-executor-0] in c.n.d.shared.resolver.aws.ConfigClusterResolver - Resolving eureka endpoints via configuration
[2018-08-30 16:03:44] [INFO ] [AsyncResolver-bootstrap-executor-0] in c.n.d.shared.resolver.aws.ConfigClusterResolver - Resolving eureka endpoints via configuration
[2018-08-30 16:08:44] [INFO ] [AsyncResolver-bootstrap-executor-0] in c.n.d.shared.resolver.aws.ConfigClusterResolver - Resolving eureka endpoints via configuration
[2018-08-30 16:13:44] [INFO ] [AsyncResolver-bootstrap-executor-0] in c.n.d.shared.resolver.aws.ConfigClusterResolver - Resolving eureka endpoints via configuration
[2018-08-30 16:18:44] [INFO ] [AsyncResolver-bootstrap-executor-0] in c.n.d.shared.resolver.aws.ConfigClusterResolver - Resolving eureka endpoints via configuration
[2018-08-30 16:23:44] [INFO ] [AsyncResolver-bootstrap-executor-0] in c.n.d.shared.resolver.aws.ConfigClusterResolver - Resolving eureka endpoints via configuration
[2018-08-30 16:28:44] [INFO ] [AsyncResolver-bootstrap-executor-0] in c.n.d.shared.resolver.aws.ConfigClusterResolver - Resolving eureka endpoints via configuration
[2018-08-30 16:33:44] [INFO ] [AsyncResolver-bootstrap-executor-0] in c.n.d.shared.resolver.aws.ConfigClusterResolver - Resolving eureka endpoints via configuration
[2018-08-30 16:38:44] [INFO ] [AsyncResolver-bootstrap-executor-0] in c.n.d.shared.resolver.aws.ConfigClusterResolver - Resolving eureka endpoints via configuration
[2018-08-30 16:43:44] [INFO ] [AsyncResolver-bootstrap-executor-0] in c.n.d.shared.resolver.aws.ConfigClusterResolver - Resolving eureka endpoints via configuration
[2018-08-30 16:48:44] [INFO ] [AsyncResolver-bootstrap-executor-0] in c.n.d.shared.resolver.aws.ConfigClusterResolver - Resolving eureka endpoints via configuration
[2018-08-30 16:53:44] [INFO ] [AsyncResolver-bootstrap-executor-0] in c.n.d.shared.resolver.aws.ConfigClusterResolver - Resolving eureka endpoints via configuration
[2018-08-30 16:58:44] [INFO ] [AsyncResolver-bootstrap-executor-0] in c.n.d.shared.resolver.aws.ConfigClusterResolver - Resolving eureka endpoints via configuration
[2018-08-30 17:03:44] [INFO ] [AsyncResolver-bootstrap-executor-0] in c.n.d.shared.resolver.aws.ConfigClusterResolver - Resolving eureka endpoints via configuration
[2018-08-30 17:08:44] [INFO ] [AsyncResolver-bootstrap-executor-0] in c.n.d.shared.resolver.aws.ConfigClusterResolver - Resolving eureka endpoints via configuration
[2018-08-30 17:13:44] [INFO ] [AsyncResolver-bootstrap-executor-0] in c.n.d.shared.resolver.aws.ConfigClusterResolver - Resolving eureka endpoints via configuration
[2018-08-30 17:18:44] [INFO ] [AsyncResolver-bootstrap-executor-0] in c.n.d.shared.resolver.aws.ConfigClusterResolver - Resolving eureka endpoints via configuration
[2018-08-30 17:23:44] [INFO ] [AsyncResolver-bootstrap-executor-0] in c.n.d.shared.resolver.aws.ConfigClusterResolver - Resolving eureka endpoints via configuration
[2018-08-30 17:28:44] [INFO ] [AsyncResolver-bootstrap-executor-0] in c.n.d.shared.resolver.aws.ConfigClusterResolver - Resolving eureka endpoints via configuration
[2018-08-30 17:33:44] [INFO ] [AsyncResolver-bootstrap-executor-0] in c.n.d.shared.resolver.aws.ConfigClusterResolver - Resolving eureka endpoints via configuration
[2018-08-30 17:38:44] [INFO ] [AsyncResolver-bootstrap-executor-0] in c.n.d.shared.resolver.aws.ConfigClusterResolver - Resolving eureka endpoints via configuration
[2018-08-30 17:43:44] [INFO ] [AsyncResolver-bootstrap-executor-0] in c.n.d.shared.resolver.aws.ConfigClusterResolver - Resolving eureka endpoints via configuration
[2018-08-30 17:48:44] [INFO ] [AsyncResolver-bootstrap-executor-0] in c.n.d.shared.resolver.aws.ConfigClusterResolver - Resolving eureka endpoints via configuration
